2020-04-30 17:06:52,877 [MainThread  ] Experiment road_map_cvar512_bce
2020-04-30 17:06:52,878 [MainThread  ] Receive config Namespace(batch_size=8, beta_ema=0.5, blobs_strategy='encoder_fused', cache_neg=0, clip=0.5, data_dir='./data/', detect_objects=False, device='cuda:0', dup_pos=0, exp_dir='./results/road_map_cvar512_bce', exp_name='road_map_cvar512_bce', finetune_ckpt_interval=0, finetune_learning_rate=0.01, finetune_obj='var_encoder', finetune_tasks=['custom_sup'], finetune_total_iters=200000, finetune_val_interval=2000, finetune_weight_decay=1e-05, gen_road_map=True, image_folder='/scratch/kk4161/DL_project/data', image_pretrain_obj='none', imagessl_load_ckpt='none', lambda_pirl=0.5, latent_dim=512, network_base='resnet18', num_negatives=1000, num_patches=9, num_queries=2, num_queries_percentage=0.25, num_workers=16, obj_det_head='retinanet', pretrain_ckpt_interval=0, pretrain_learning_rate=0.01, pretrain_task=['custom_un_image'], pretrain_total_iters=100000, pretrain_val_interval=2000, pretrain_weight_decay=1e-05, project_dim=128, report_interval=250, results_dir='./results/', road_map_loss='bce', sampling_type='image', synthesizer_nlayers=2, transfer_paradigm='tunable', use_memory_bank=1, view='normal', view_fusion_strategy='concat', view_pretrain_obj='none', viewssl_load_ckpt='none', vocab_size=64, warmup_iters=100)
2020-04-30 17:06:52,878 [MainThread  ] Start creating tasks
2020-04-30 17:06:52,878 [MainThread  ] Start loading data
2020-04-30 17:06:52,878 [MainThread  ] Loading custom_sup data
2020-04-30 17:06:53,383 [MainThread  ] Start creating models
2020-04-30 17:06:53,713 [MainThread  ] Loaded supervised model
2020-04-30 17:07:38,826 [MainThread  ] Setup trainer for custom_sup
2020-04-30 17:07:38,827 [MainThread  ] Start training custom_sup
2020-04-30 17:19:23,481 [MainThread  ] Experiment road_map_cvar512_bce
2020-04-30 17:19:23,481 [MainThread  ] Receive config Namespace(batch_size=8, beta_ema=0.5, blobs_strategy='encoder_fused', cache_neg=0, clip=0.5, data_dir='./data/', detect_objects=False, device='cuda:0', dup_pos=0, exp_dir='./results/road_map_cvar512_bce', exp_name='road_map_cvar512_bce', finetune_ckpt_interval=0, finetune_learning_rate=0.01, finetune_obj='var_encoder', finetune_tasks=['custom_sup'], finetune_total_iters=200000, finetune_val_interval=2000, finetune_weight_decay=1e-05, gen_road_map=True, image_folder='/scratch/kk4161/DL_project/data', image_pretrain_obj='none', imagessl_load_ckpt='none', lambda_pirl=0.5, latent_dim=512, network_base='resnet18', num_negatives=1000, num_patches=9, num_queries=2, num_queries_percentage=0.25, num_workers=16, obj_det_head='retinanet', pretrain_ckpt_interval=0, pretrain_learning_rate=0.01, pretrain_task=['custom_un_image'], pretrain_total_iters=100000, pretrain_val_interval=2000, pretrain_weight_decay=1e-05, project_dim=128, report_interval=250, results_dir='./results/', road_map_loss='bce', sampling_type='image', synthesizer_nlayers=2, transfer_paradigm='tunable', use_memory_bank=1, view='normal', view_fusion_strategy='concat', view_pretrain_obj='none', viewssl_load_ckpt='none', vocab_size=64, warmup_iters=100)
2020-04-30 17:19:23,481 [MainThread  ] Start creating tasks
2020-04-30 17:19:23,481 [MainThread  ] Start loading data
2020-04-30 17:19:23,481 [MainThread  ] Loading custom_sup data
2020-04-30 17:19:23,829 [MainThread  ] Start creating models
2020-04-30 17:19:24,092 [MainThread  ] Loaded supervised model
2020-04-30 17:19:27,400 [MainThread  ] Setup trainer for custom_sup
2020-04-30 17:19:27,400 [MainThread  ] Start training custom_sup
2020-04-30 17:38:42,460 [MainThread  ] Experiment road_map_cvar512_bce
2020-04-30 17:38:42,464 [MainThread  ] Receive config Namespace(batch_size=8, beta_ema=0.5, blobs_strategy='encoder_fused', cache_neg=0, clip=0.5, data_dir='./data/', detect_objects=False, device='cuda:0', dup_pos=0, exp_dir='./results/road_map_cvar512_bce', exp_name='road_map_cvar512_bce', finetune_ckpt_interval=0, finetune_learning_rate=0.01, finetune_obj='var_encoder', finetune_tasks=['custom_sup'], finetune_total_iters=200000, finetune_val_interval=2000, finetune_weight_decay=1e-05, gen_road_map=True, image_folder='/scratch/kk4161/DL_project/data', image_pretrain_obj='none', imagessl_load_ckpt='none', lambda_pirl=0.5, latent_dim=512, network_base='resnet18', num_negatives=1000, num_patches=9, num_queries=2, num_queries_percentage=0.25, num_workers=16, obj_det_head='retinanet', pretrain_ckpt_interval=0, pretrain_learning_rate=0.01, pretrain_task=['custom_un_image'], pretrain_total_iters=100000, pretrain_val_interval=2000, pretrain_weight_decay=1e-05, project_dim=128, report_interval=250, results_dir='./results/', road_map_loss='bce', sampling_type='image', synthesizer_nlayers=2, transfer_paradigm='tunable', use_memory_bank=1, view='normal', view_fusion_strategy='concat', view_pretrain_obj='none', viewssl_load_ckpt='none', vocab_size=64, warmup_iters=100)
2020-04-30 17:38:42,464 [MainThread  ] Start creating tasks
2020-04-30 17:38:42,464 [MainThread  ] Start loading data
2020-04-30 17:38:42,464 [MainThread  ] Loading custom_sup data
2020-04-30 17:38:42,897 [MainThread  ] Start creating models
2020-04-30 17:38:43,151 [MainThread  ] Loaded supervised model
2020-04-30 17:38:46,206 [MainThread  ] Setup trainer for custom_sup
2020-04-30 17:38:46,207 [MainThread  ] Start training custom_sup
2020-04-30 17:39:32,229 [MainThread  ] train batch 250 / 315 (iter 250), current average result {'ts_road_map': tensor(0.2691, grad_fn=<DivBackward0>), 'recon_loss': tensor(0.6880, grad_fn=<DivBackward0>), 'loss': tensor(0.7160, grad_fn=<DivBackward0>), 'KLD_loss': tensor(0.0280, grad_fn=<DivBackward0>)}
2020-04-30 17:40:15,555 [MainThread  ] train batch 185 / 315 (iter 500), current average result {'ts_road_map': tensor(0.2658, grad_fn=<DivBackward0>), 'recon_loss': tensor(0.6840, grad_fn=<DivBackward0>), 'loss': tensor(0.6981, grad_fn=<DivBackward0>), 'KLD_loss': tensor(0.0142, grad_fn=<DivBackward0>)}
2020-04-30 17:40:58,382 [MainThread  ] train batch 120 / 315 (iter 750), current average result {'ts_road_map': tensor(0.2657, grad_fn=<DivBackward0>), 'recon_loss': tensor(0.6828, grad_fn=<DivBackward0>), 'loss': tensor(0.6923, grad_fn=<DivBackward0>), 'KLD_loss': tensor(0.0095, grad_fn=<DivBackward0>)}
2020-04-30 17:41:41,342 [MainThread  ] train batch 55 / 315 (iter 1000), current average result {'ts_road_map': tensor(0.2652, grad_fn=<DivBackward0>), 'recon_loss': tensor(0.6821, grad_fn=<DivBackward0>), 'loss': tensor(0.6892, grad_fn=<DivBackward0>), 'KLD_loss': tensor(0.0071, grad_fn=<DivBackward0>)}
