2020-04-30 15:13:49,462 [MainThread  ] Experiment road_map_cvar8_bce
2020-04-30 15:13:49,462 [MainThread  ] Receive config Namespace(batch_size=16, beta_ema=0.5, blobs_strategy='encoder_fused', cache_neg=0, clip=0.5, data_dir='./data/', detect_objects=False, device='cuda:0', dup_pos=0, exp_dir='./results/road_map_cvar8_bce', exp_name='road_map_cvar8_bce', finetune_ckpt_interval=0, finetune_learning_rate=0.01, finetune_obj='var_encoder', finetune_tasks=['custom_sup'], finetune_total_iters=100000, finetune_val_interval=2000, finetune_weight_decay=1e-05, gen_road_map=True, image_folder='/scratch/kk4161/DL_project/data', image_pretrain_obj='none', imagessl_load_ckpt='none', lambda_pirl=0.5, latent_dim=8, network_base='resnet18', num_negatives=1000, num_patches=9, num_queries=2, num_queries_percentage=0.25, num_workers=16, obj_det_head='retinanet', pretrain_ckpt_interval=0, pretrain_learning_rate=0.01, pretrain_task=['custom_un_image'], pretrain_total_iters=100000, pretrain_val_interval=2000, pretrain_weight_decay=1e-05, project_dim=128, report_interval=250, results_dir='./results/', road_map_loss='bce', sampling_type='image', synthesizer_nlayers=2, transfer_paradigm='tunable', use_memory_bank=1, view='normal', view_fusion_strategy='concat', view_pretrain_obj='none', viewssl_load_ckpt='none', vocab_size=64, warmup_iters=100)
2020-04-30 15:13:49,462 [MainThread  ] Start creating tasks
2020-04-30 15:13:49,463 [MainThread  ] Start loading data
2020-04-30 15:13:49,463 [MainThread  ] Loading custom_sup data
2020-04-30 15:13:49,824 [MainThread  ] Start creating models
2020-04-30 15:13:50,053 [MainThread  ] Loaded supervised model
2020-04-30 15:13:53,233 [MainThread  ] Setup trainer for custom_sup
2020-04-30 15:13:53,233 [MainThread  ] Start training custom_sup
2020-04-30 15:15:28,514 [MainThread  ] train batch 93 / 157 (iter 250), current average result {'recon_loss': tensor(0.4766, grad_fn=<DivBackward0>), 'KLD_loss': tensor(408.3400, grad_fn=<DivBackward0>), 'ts_road_map': tensor(0.4546, grad_fn=<DivBackward0>), 'loss': tensor(408.8167, grad_fn=<DivBackward0>)}
2020-04-30 15:17:05,664 [MainThread  ] train batch 29 / 157 (iter 500), current average result {'recon_loss': tensor(0.3934, grad_fn=<DivBackward0>), 'KLD_loss': tensor(521.9220, grad_fn=<DivBackward0>), 'ts_road_map': tensor(0.5400, grad_fn=<DivBackward0>), 'loss': tensor(522.3154, grad_fn=<DivBackward0>)}
2020-04-30 15:18:33,175 [MainThread  ] train batch 122 / 157 (iter 750), current average result {'recon_loss': tensor(0.3439, grad_fn=<DivBackward0>), 'KLD_loss': tensor(574.2400, grad_fn=<DivBackward0>), 'ts_road_map': tensor(0.5909, grad_fn=<DivBackward0>), 'loss': tensor(574.5840, grad_fn=<DivBackward0>)}
2020-04-30 15:20:07,171 [MainThread  ] train batch 58 / 157 (iter 1000), current average result {'recon_loss': tensor(0.3100, grad_fn=<DivBackward0>), 'KLD_loss': tensor(607.6080, grad_fn=<DivBackward0>), 'ts_road_map': tensor(0.6265, grad_fn=<DivBackward0>), 'loss': tensor(607.9177, grad_fn=<DivBackward0>)}
2020-04-30 15:21:32,206 [MainThread  ] train batch 151 / 157 (iter 1250), current average result {'recon_loss': tensor(0.2838, grad_fn=<DivBackward0>), 'KLD_loss': tensor(631.2984, grad_fn=<DivBackward0>), 'ts_road_map': tensor(0.6545, grad_fn=<DivBackward0>), 'loss': tensor(631.5823, grad_fn=<DivBackward0>)}
2020-04-30 15:46:47,448 [MainThread  ] Experiment road_map_cvar8_bce
2020-04-30 15:46:47,457 [MainThread  ] Receive config Namespace(batch_size=8, beta_ema=0.5, blobs_strategy='encoder_fused', cache_neg=0, clip=0.5, data_dir='./data/', detect_objects=False, device='cuda:0', dup_pos=0, exp_dir='./results/road_map_cvar8_bce', exp_name='road_map_cvar8_bce', finetune_ckpt_interval=0, finetune_learning_rate=0.01, finetune_obj='var_encoder', finetune_tasks=['custom_sup'], finetune_total_iters=200000, finetune_val_interval=2000, finetune_weight_decay=1e-05, gen_road_map=True, image_folder='/scratch/kk4161/DL_project/data', image_pretrain_obj='none', imagessl_load_ckpt='none', lambda_pirl=0.5, latent_dim=8, network_base='resnet18', num_negatives=1000, num_patches=9, num_queries=2, num_queries_percentage=0.25, num_workers=16, obj_det_head='retinanet', pretrain_ckpt_interval=0, pretrain_learning_rate=0.01, pretrain_task=['custom_un_image'], pretrain_total_iters=100000, pretrain_val_interval=2000, pretrain_weight_decay=1e-05, project_dim=128, report_interval=250, results_dir='./results/', road_map_loss='bce', sampling_type='image', synthesizer_nlayers=2, transfer_paradigm='tunable', use_memory_bank=1, view='normal', view_fusion_strategy='concat', view_pretrain_obj='none', viewssl_load_ckpt='none', vocab_size=64, warmup_iters=100)
2020-04-30 15:46:47,457 [MainThread  ] Start creating tasks
2020-04-30 15:46:47,457 [MainThread  ] Start loading data
2020-04-30 15:46:47,457 [MainThread  ] Loading custom_sup data
2020-04-30 15:46:47,898 [MainThread  ] Start creating models
2020-04-30 15:46:48,124 [MainThread  ] Loaded supervised model
2020-04-30 15:46:51,186 [MainThread  ] Setup trainer for custom_sup
2020-04-30 15:46:51,187 [MainThread  ] Start training custom_sup
2020-04-30 15:47:37,607 [MainThread  ] train batch 250 / 315 (iter 250), current average result {'KLD_loss': tensor(2.7968, grad_fn=<DivBackward0>), 'ts_road_map': tensor(0.2742, grad_fn=<DivBackward0>), 'recon_loss': tensor(0.6966, grad_fn=<DivBackward0>), 'loss': tensor(3.4934, grad_fn=<DivBackward0>)}
2020-04-30 15:48:22,561 [MainThread  ] train batch 185 / 315 (iter 500), current average result {'KLD_loss': tensor(1.4696, grad_fn=<DivBackward0>), 'ts_road_map': tensor(0.2702, grad_fn=<DivBackward0>), 'recon_loss': tensor(0.6940, grad_fn=<DivBackward0>), 'loss': tensor(2.1635, grad_fn=<DivBackward0>)}
2020-04-30 15:49:07,347 [MainThread  ] train batch 120 / 315 (iter 750), current average result {'KLD_loss': tensor(0.9976, grad_fn=<DivBackward0>), 'ts_road_map': tensor(0.2685, grad_fn=<DivBackward0>), 'recon_loss': tensor(0.6918, grad_fn=<DivBackward0>), 'loss': tensor(1.6893, grad_fn=<DivBackward0>)}
2020-04-30 15:49:52,708 [MainThread  ] train batch 55 / 315 (iter 1000), current average result {'KLD_loss': tensor(0.7567, grad_fn=<DivBackward0>), 'ts_road_map': tensor(0.2680, grad_fn=<DivBackward0>), 'recon_loss': tensor(0.6904, grad_fn=<DivBackward0>), 'loss': tensor(1.4471, grad_fn=<DivBackward0>)}
2020-04-30 15:50:33,040 [MainThread  ] train batch 305 / 315 (iter 1250), current average result {'KLD_loss': tensor(0.6100, grad_fn=<DivBackward0>), 'ts_road_map': tensor(0.2673, grad_fn=<DivBackward0>), 'recon_loss': tensor(0.6892, grad_fn=<DivBackward0>), 'loss': tensor(1.2992, grad_fn=<DivBackward0>)}
2020-04-30 15:51:19,065 [MainThread  ] train batch 240 / 315 (iter 1500), current average result {'KLD_loss': tensor(0.5111, grad_fn=<DivBackward0>), 'ts_road_map': tensor(0.2672, grad_fn=<DivBackward0>), 'recon_loss': tensor(0.6882, grad_fn=<DivBackward0>), 'loss': tensor(1.1993, grad_fn=<DivBackward0>)}
2020-04-30 15:52:03,889 [MainThread  ] train batch 175 / 315 (iter 1750), current average result {'KLD_loss': tensor(0.4401, grad_fn=<DivBackward0>), 'ts_road_map': tensor(0.2668, grad_fn=<DivBackward0>), 'recon_loss': tensor(0.6873, grad_fn=<DivBackward0>), 'loss': tensor(1.1273, grad_fn=<DivBackward0>)}
2020-04-30 15:52:48,522 [MainThread  ] train batch 110 / 315 (iter 2000), current average result {'KLD_loss': tensor(0.3864, grad_fn=<DivBackward0>), 'ts_road_map': tensor(0.2663, grad_fn=<DivBackward0>), 'recon_loss': tensor(0.6865, grad_fn=<DivBackward0>), 'loss': tensor(1.0729, grad_fn=<DivBackward0>)}
2020-04-30 15:52:48,523 [MainThread  ] Evaluate on  custom_sup:val data
2020-04-30 15:53:01,668 [MainThread  ] Evalutation complete
Average result {'KLD_loss': tensor(0.0307), 'ts_road_map': tensor(0.2952), 'recon_loss': tensor(0.6946), 'loss': tensor(0.7253)}
2020-04-30 15:53:01,669 [MainThread  ] Best validation updated: {'best_iter': 2000, 'best_performance': tensor(0.7253), 'current_iter': 2000}
2020-04-30 15:53:01,749 [MainThread  ] Save parameters for ./results/road_map_cvar8_bce/finetune_custom_sup_best.ckpt
2020-04-30 15:53:46,476 [MainThread  ] train batch 45 / 315 (iter 2250), current average result {'KLD_loss': tensor(0.0091, grad_fn=<DivBackward0>), 'ts_road_map': tensor(0.2651, grad_fn=<DivBackward0>), 'recon_loss': tensor(0.6809, grad_fn=<DivBackward0>), 'loss': tensor(0.6900, grad_fn=<DivBackward0>)}
2020-04-30 15:54:27,050 [MainThread  ] train batch 295 / 315 (iter 2500), current average result {'KLD_loss': tensor(0.0081, grad_fn=<DivBackward0>), 'ts_road_map': tensor(0.2654, grad_fn=<DivBackward0>), 'recon_loss': tensor(0.6808, grad_fn=<DivBackward0>), 'loss': tensor(0.6889, grad_fn=<DivBackward0>)}
2020-04-30 15:55:12,183 [MainThread  ] train batch 230 / 315 (iter 2750), current average result {'KLD_loss': tensor(0.0075, grad_fn=<DivBackward0>), 'ts_road_map': tensor(0.2651, grad_fn=<DivBackward0>), 'recon_loss': tensor(0.6805, grad_fn=<DivBackward0>), 'loss': tensor(0.6880, grad_fn=<DivBackward0>)}
2020-04-30 15:55:57,203 [MainThread  ] train batch 165 / 315 (iter 3000), current average result {'KLD_loss': tensor(0.0069, grad_fn=<DivBackward0>), 'ts_road_map': tensor(0.2643, grad_fn=<DivBackward0>), 'recon_loss': tensor(0.6800, grad_fn=<DivBackward0>), 'loss': tensor(0.6869, grad_fn=<DivBackward0>)}
2020-04-30 15:56:42,329 [MainThread  ] train batch 100 / 315 (iter 3250), current average result {'KLD_loss': tensor(0.0064, grad_fn=<DivBackward0>), 'ts_road_map': tensor(0.2645, grad_fn=<DivBackward0>), 'recon_loss': tensor(0.6799, grad_fn=<DivBackward0>), 'loss': tensor(0.6863, grad_fn=<DivBackward0>)}
2020-04-30 15:57:27,173 [MainThread  ] train batch 35 / 315 (iter 3500), current average result {'KLD_loss': tensor(0.0059, grad_fn=<DivBackward0>), 'ts_road_map': tensor(0.2648, grad_fn=<DivBackward0>), 'recon_loss': tensor(0.6799, grad_fn=<DivBackward0>), 'loss': tensor(0.6858, grad_fn=<DivBackward0>)}
2020-04-30 15:58:07,943 [MainThread  ] train batch 285 / 315 (iter 3750), current average result {'KLD_loss': tensor(0.0054, grad_fn=<DivBackward0>), 'ts_road_map': tensor(0.2647, grad_fn=<DivBackward0>), 'recon_loss': tensor(0.6797, grad_fn=<DivBackward0>), 'loss': tensor(0.6852, grad_fn=<DivBackward0>)}
2020-04-30 15:58:53,063 [MainThread  ] train batch 220 / 315 (iter 4000), current average result {'KLD_loss': tensor(0.0050, grad_fn=<DivBackward0>), 'ts_road_map': tensor(0.2649, grad_fn=<DivBackward0>), 'recon_loss': tensor(0.6796, grad_fn=<DivBackward0>), 'loss': tensor(0.6846, grad_fn=<DivBackward0>)}
2020-04-30 15:58:53,063 [MainThread  ] Evaluate on  custom_sup:val data
2020-04-30 15:59:04,338 [MainThread  ] Evalutation complete
Average result {'KLD_loss': tensor(0.0071), 'ts_road_map': tensor(0.2903), 'recon_loss': tensor(0.6961), 'loss': tensor(0.7031)}
2020-04-30 15:59:04,338 [MainThread  ] Best validation updated: {'best_iter': 4000, 'best_performance': tensor(0.7031), 'current_iter': 4000}
2020-04-30 15:59:04,434 [MainThread  ] Save parameters for ./results/road_map_cvar8_bce/finetune_custom_sup_best.ckpt
2020-04-30 15:59:49,772 [MainThread  ] train batch 155 / 315 (iter 4250), current average result {'KLD_loss': tensor(0.0018, grad_fn=<DivBackward0>), 'ts_road_map': tensor(0.2633, grad_fn=<DivBackward0>), 'recon_loss': tensor(0.6776, grad_fn=<DivBackward0>), 'loss': tensor(0.6794, grad_fn=<DivBackward0>)}
2020-04-30 16:00:36,779 [MainThread  ] train batch 90 / 315 (iter 4500), current average result {'KLD_loss': tensor(0.0014, grad_fn=<DivBackward0>), 'ts_road_map': tensor(0.2650, grad_fn=<DivBackward0>), 'recon_loss': tensor(0.6783, grad_fn=<DivBackward0>), 'loss': tensor(0.6797, grad_fn=<DivBackward0>)}
2020-04-30 16:01:23,334 [MainThread  ] train batch 25 / 315 (iter 4750), current average result {'KLD_loss': tensor(0.0011, grad_fn=<DivBackward0>), 'ts_road_map': tensor(0.2651, grad_fn=<DivBackward0>), 'recon_loss': tensor(0.6781, grad_fn=<DivBackward0>), 'loss': tensor(0.6792, grad_fn=<DivBackward0>)}
2020-04-30 16:02:05,847 [MainThread  ] train batch 275 / 315 (iter 5000), current average result {'KLD_loss': tensor(0.0010, grad_fn=<DivBackward0>), 'ts_road_map': tensor(0.2655, grad_fn=<DivBackward0>), 'recon_loss': tensor(0.6780, grad_fn=<DivBackward0>), 'loss': tensor(0.6789, grad_fn=<DivBackward0>)}
2020-04-30 16:02:52,755 [MainThread  ] train batch 210 / 315 (iter 5250), current average result {'KLD_loss': tensor(0.0008, grad_fn=<DivBackward0>), 'ts_road_map': tensor(0.2659, grad_fn=<DivBackward0>), 'recon_loss': tensor(0.6780, grad_fn=<DivBackward0>), 'loss': tensor(0.6788, grad_fn=<DivBackward0>)}
2020-04-30 16:03:39,253 [MainThread  ] train batch 145 / 315 (iter 5500), current average result {'KLD_loss': tensor(0.0007, grad_fn=<DivBackward0>), 'ts_road_map': tensor(0.2659, grad_fn=<DivBackward0>), 'recon_loss': tensor(0.6778, grad_fn=<DivBackward0>), 'loss': tensor(0.6785, grad_fn=<DivBackward0>)}
2020-04-30 16:04:25,573 [MainThread  ] train batch 80 / 315 (iter 5750), current average result {'KLD_loss': tensor(0.0006, grad_fn=<DivBackward0>), 'ts_road_map': tensor(0.2661, grad_fn=<DivBackward0>), 'recon_loss': tensor(0.6779, grad_fn=<DivBackward0>), 'loss': tensor(0.6785, grad_fn=<DivBackward0>)}
2020-04-30 16:05:12,043 [MainThread  ] train batch 15 / 315 (iter 6000), current average result {'KLD_loss': tensor(0.0006, grad_fn=<DivBackward0>), 'ts_road_map': tensor(0.2660, grad_fn=<DivBackward0>), 'recon_loss': tensor(0.6777, grad_fn=<DivBackward0>), 'loss': tensor(0.6783, grad_fn=<DivBackward0>)}
2020-04-30 16:05:12,044 [MainThread  ] Evaluate on  custom_sup:val data
2020-04-30 16:05:24,775 [MainThread  ] Evalutation complete
Average result {'KLD_loss': tensor(0.0023), 'ts_road_map': tensor(0.2800), 'recon_loss': tensor(0.7010), 'loss': tensor(0.7032)}
2020-04-30 16:06:06,758 [MainThread  ] train batch 265 / 315 (iter 6250), current average result {'KLD_loss': tensor(0.0001, grad_fn=<DivBackward0>), 'ts_road_map': tensor(0.2665, grad_fn=<DivBackward0>), 'recon_loss': tensor(0.6773, grad_fn=<DivBackward0>), 'loss': tensor(0.6774, grad_fn=<DivBackward0>)}
2020-04-30 16:06:53,482 [MainThread  ] train batch 200 / 315 (iter 6500), current average result {'KLD_loss': tensor(0.0001, grad_fn=<DivBackward0>), 'ts_road_map': tensor(0.2662, grad_fn=<DivBackward0>), 'recon_loss': tensor(0.6772, grad_fn=<DivBackward0>), 'loss': tensor(0.6773, grad_fn=<DivBackward0>)}
2020-04-30 16:07:41,690 [MainThread  ] train batch 135 / 315 (iter 6750), current average result {'KLD_loss': tensor(0.0001, grad_fn=<DivBackward0>), 'ts_road_map': tensor(0.2663, grad_fn=<DivBackward0>), 'recon_loss': tensor(0.6771, grad_fn=<DivBackward0>), 'loss': tensor(0.6772, grad_fn=<DivBackward0>)}
2020-04-30 16:08:29,440 [MainThread  ] train batch 70 / 315 (iter 7000), current average result {'KLD_loss': tensor(9.6313e-05, grad_fn=<DivBackward0>), 'ts_road_map': tensor(0.2666, grad_fn=<DivBackward0>), 'recon_loss': tensor(0.6772, grad_fn=<DivBackward0>), 'loss': tensor(0.6773, grad_fn=<DivBackward0>)}
2020-04-30 16:09:15,655 [MainThread  ] train batch 5 / 315 (iter 7250), current average result {'KLD_loss': tensor(9.1439e-05, grad_fn=<DivBackward0>), 'ts_road_map': tensor(0.2666, grad_fn=<DivBackward0>), 'recon_loss': tensor(0.6771, grad_fn=<DivBackward0>), 'loss': tensor(0.6772, grad_fn=<DivBackward0>)}
2020-04-30 16:09:58,408 [MainThread  ] train batch 255 / 315 (iter 7500), current average result {'KLD_loss': tensor(8.7288e-05, grad_fn=<DivBackward0>), 'ts_road_map': tensor(0.2667, grad_fn=<DivBackward0>), 'recon_loss': tensor(0.6771, grad_fn=<DivBackward0>), 'loss': tensor(0.6772, grad_fn=<DivBackward0>)}
2020-04-30 16:10:45,294 [MainThread  ] train batch 190 / 315 (iter 7750), current average result {'KLD_loss': tensor(8.3015e-05, grad_fn=<DivBackward0>), 'ts_road_map': tensor(0.2669, grad_fn=<DivBackward0>), 'recon_loss': tensor(0.6771, grad_fn=<DivBackward0>), 'loss': tensor(0.6772, grad_fn=<DivBackward0>)}
2020-04-30 16:11:31,803 [MainThread  ] train batch 125 / 315 (iter 8000), current average result {'KLD_loss': tensor(7.9317e-05, grad_fn=<DivBackward0>), 'ts_road_map': tensor(0.2664, grad_fn=<DivBackward0>), 'recon_loss': tensor(0.6768, grad_fn=<DivBackward0>), 'loss': tensor(0.6769, grad_fn=<DivBackward0>)}
2020-04-30 16:11:31,804 [MainThread  ] Evaluate on  custom_sup:val data
2020-04-30 16:11:44,258 [MainThread  ] Evalutation complete
Average result {'KLD_loss': tensor(0.0013), 'ts_road_map': tensor(0.2799), 'recon_loss': tensor(0.7008), 'loss': tensor(0.7022)}
2020-04-30 16:11:44,259 [MainThread  ] Best validation updated: {'best_iter': 8000, 'best_performance': tensor(0.7022), 'current_iter': 8000}
2020-04-30 16:11:44,367 [MainThread  ] Save parameters for ./results/road_map_cvar8_bce/finetune_custom_sup_best.ckpt
2020-04-30 16:12:30,704 [MainThread  ] train batch 60 / 315 (iter 8250), current average result {'KLD_loss': tensor(4.8017e-05, grad_fn=<DivBackward0>), 'ts_road_map': tensor(0.2687, grad_fn=<DivBackward0>), 'recon_loss': tensor(0.6776, grad_fn=<DivBackward0>), 'loss': tensor(0.6776, grad_fn=<DivBackward0>)}
2020-04-30 16:13:12,282 [MainThread  ] train batch 310 / 315 (iter 8500), current average result {'KLD_loss': tensor(4.5263e-05, grad_fn=<DivBackward0>), 'ts_road_map': tensor(0.2680, grad_fn=<DivBackward0>), 'recon_loss': tensor(0.6772, grad_fn=<DivBackward0>), 'loss': tensor(0.6772, grad_fn=<DivBackward0>)}
2020-04-30 16:13:59,391 [MainThread  ] train batch 245 / 315 (iter 8750), current average result {'KLD_loss': tensor(4.3442e-05, grad_fn=<DivBackward0>), 'ts_road_map': tensor(0.2673, grad_fn=<DivBackward0>), 'recon_loss': tensor(0.6768, grad_fn=<DivBackward0>), 'loss': tensor(0.6769, grad_fn=<DivBackward0>)}
2020-04-30 16:14:46,036 [MainThread  ] train batch 180 / 315 (iter 9000), current average result {'KLD_loss': tensor(4.1721e-05, grad_fn=<DivBackward0>), 'ts_road_map': tensor(0.2674, grad_fn=<DivBackward0>), 'recon_loss': tensor(0.6769, grad_fn=<DivBackward0>), 'loss': tensor(0.6769, grad_fn=<DivBackward0>)}
2020-04-30 16:15:32,744 [MainThread  ] train batch 115 / 315 (iter 9250), current average result {'KLD_loss': tensor(4.0420e-05, grad_fn=<DivBackward0>), 'ts_road_map': tensor(0.2671, grad_fn=<DivBackward0>), 'recon_loss': tensor(0.6767, grad_fn=<DivBackward0>), 'loss': tensor(0.6768, grad_fn=<DivBackward0>)}
2020-04-30 16:16:19,375 [MainThread  ] train batch 50 / 315 (iter 9500), current average result {'KLD_loss': tensor(3.9010e-05, grad_fn=<DivBackward0>), 'ts_road_map': tensor(0.2674, grad_fn=<DivBackward0>), 'recon_loss': tensor(0.6769, grad_fn=<DivBackward0>), 'loss': tensor(0.6769, grad_fn=<DivBackward0>)}
2020-04-30 16:17:01,198 [MainThread  ] train batch 300 / 315 (iter 9750), current average result {'KLD_loss': tensor(3.7715e-05, grad_fn=<DivBackward0>), 'ts_road_map': tensor(0.2672, grad_fn=<DivBackward0>), 'recon_loss': tensor(0.6768, grad_fn=<DivBackward0>), 'loss': tensor(0.6768, grad_fn=<DivBackward0>)}
2020-04-30 16:17:48,410 [MainThread  ] train batch 235 / 315 (iter 10000), current average result {'KLD_loss': tensor(3.6503e-05, grad_fn=<DivBackward0>), 'ts_road_map': tensor(0.2674, grad_fn=<DivBackward0>), 'recon_loss': tensor(0.6769, grad_fn=<DivBackward0>), 'loss': tensor(0.6769, grad_fn=<DivBackward0>)}
2020-04-30 16:17:48,411 [MainThread  ] Evaluate on  custom_sup:val data
2020-04-30 16:18:01,070 [MainThread  ] Evalutation complete
Average result {'KLD_loss': tensor(0.0008), 'ts_road_map': tensor(0.2668), 'recon_loss': tensor(0.7099), 'loss': tensor(0.7107)}
2020-04-30 16:18:47,356 [MainThread  ] train batch 170 / 315 (iter 10250), current average result {'KLD_loss': tensor(2.5217e-05, grad_fn=<DivBackward0>), 'ts_road_map': tensor(0.2650, grad_fn=<DivBackward0>), 'recon_loss': tensor(0.6752, grad_fn=<DivBackward0>), 'loss': tensor(0.6753, grad_fn=<DivBackward0>)}
2020-04-30 16:19:34,215 [MainThread  ] train batch 105 / 315 (iter 10500), current average result {'KLD_loss': tensor(2.4320e-05, grad_fn=<DivBackward0>), 'ts_road_map': tensor(0.2658, grad_fn=<DivBackward0>), 'recon_loss': tensor(0.6758, grad_fn=<DivBackward0>), 'loss': tensor(0.6758, grad_fn=<DivBackward0>)}
2020-04-30 16:20:20,507 [MainThread  ] train batch 40 / 315 (iter 10750), current average result {'KLD_loss': tensor(2.3482e-05, grad_fn=<DivBackward0>), 'ts_road_map': tensor(0.2667, grad_fn=<DivBackward0>), 'recon_loss': tensor(0.6761, grad_fn=<DivBackward0>), 'loss': tensor(0.6761, grad_fn=<DivBackward0>)}
2020-04-30 16:21:02,675 [MainThread  ] train batch 290 / 315 (iter 11000), current average result {'KLD_loss': tensor(2.2705e-05, grad_fn=<DivBackward0>), 'ts_road_map': tensor(0.2665, grad_fn=<DivBackward0>), 'recon_loss': tensor(0.6760, grad_fn=<DivBackward0>), 'loss': tensor(0.6760, grad_fn=<DivBackward0>)}
2020-04-30 16:21:49,636 [MainThread  ] train batch 225 / 315 (iter 11250), current average result {'KLD_loss': tensor(2.2029e-05, grad_fn=<DivBackward0>), 'ts_road_map': tensor(0.2668, grad_fn=<DivBackward0>), 'recon_loss': tensor(0.6761, grad_fn=<DivBackward0>), 'loss': tensor(0.6761, grad_fn=<DivBackward0>)}
2020-04-30 16:22:37,048 [MainThread  ] train batch 160 / 315 (iter 11500), current average result {'KLD_loss': tensor(2.1444e-05, grad_fn=<DivBackward0>), 'ts_road_map': tensor(0.2667, grad_fn=<DivBackward0>), 'recon_loss': tensor(0.6761, grad_fn=<DivBackward0>), 'loss': tensor(0.6761, grad_fn=<DivBackward0>)}
2020-04-30 16:23:23,880 [MainThread  ] train batch 95 / 315 (iter 11750), current average result {'KLD_loss': tensor(2.0814e-05, grad_fn=<DivBackward0>), 'ts_road_map': tensor(0.2669, grad_fn=<DivBackward0>), 'recon_loss': tensor(0.6762, grad_fn=<DivBackward0>), 'loss': tensor(0.6762, grad_fn=<DivBackward0>)}
2020-04-30 16:24:10,299 [MainThread  ] train batch 30 / 315 (iter 12000), current average result {'KLD_loss': tensor(2.0318e-05, grad_fn=<DivBackward0>), 'ts_road_map': tensor(0.2669, grad_fn=<DivBackward0>), 'recon_loss': tensor(0.6761, grad_fn=<DivBackward0>), 'loss': tensor(0.6761, grad_fn=<DivBackward0>)}
2020-04-30 16:24:10,315 [MainThread  ] Evaluate on  custom_sup:val data
2020-04-30 16:24:22,679 [MainThread  ] Evalutation complete
Average result {'KLD_loss': tensor(0.0006), 'ts_road_map': tensor(0.2735), 'recon_loss': tensor(0.7047), 'loss': tensor(0.7053)}
2020-04-30 16:25:04,336 [MainThread  ] train batch 280 / 315 (iter 12250), current average result {'KLD_loss': tensor(1.5594e-05, grad_fn=<DivBackward0>), 'ts_road_map': tensor(0.2677, grad_fn=<DivBackward0>), 'recon_loss': tensor(0.6762, grad_fn=<DivBackward0>), 'loss': tensor(0.6762, grad_fn=<DivBackward0>)}
2020-04-30 16:25:51,267 [MainThread  ] train batch 215 / 315 (iter 12500), current average result {'KLD_loss': tensor(1.5067e-05, grad_fn=<DivBackward0>), 'ts_road_map': tensor(0.2667, grad_fn=<DivBackward0>), 'recon_loss': tensor(0.6760, grad_fn=<DivBackward0>), 'loss': tensor(0.6761, grad_fn=<DivBackward0>)}
2020-04-30 16:26:38,090 [MainThread  ] train batch 150 / 315 (iter 12750), current average result {'KLD_loss': tensor(1.4626e-05, grad_fn=<DivBackward0>), 'ts_road_map': tensor(0.2675, grad_fn=<DivBackward0>), 'recon_loss': tensor(0.6764, grad_fn=<DivBackward0>), 'loss': tensor(0.6764, grad_fn=<DivBackward0>)}
2020-04-30 16:27:24,566 [MainThread  ] train batch 85 / 315 (iter 13000), current average result {'KLD_loss': tensor(1.4256e-05, grad_fn=<DivBackward0>), 'ts_road_map': tensor(0.2673, grad_fn=<DivBackward0>), 'recon_loss': tensor(0.6762, grad_fn=<DivBackward0>), 'loss': tensor(0.6762, grad_fn=<DivBackward0>)}
2020-04-30 16:28:11,021 [MainThread  ] train batch 20 / 315 (iter 13250), current average result {'KLD_loss': tensor(1.3879e-05, grad_fn=<DivBackward0>), 'ts_road_map': tensor(0.2673, grad_fn=<DivBackward0>), 'recon_loss': tensor(0.6761, grad_fn=<DivBackward0>), 'loss': tensor(0.6761, grad_fn=<DivBackward0>)}
2020-04-30 16:28:53,259 [MainThread  ] train batch 270 / 315 (iter 13500), current average result {'KLD_loss': tensor(1.3623e-05, grad_fn=<DivBackward0>), 'ts_road_map': tensor(0.2673, grad_fn=<DivBackward0>), 'recon_loss': tensor(0.6760, grad_fn=<DivBackward0>), 'loss': tensor(0.6761, grad_fn=<DivBackward0>)}
2020-04-30 16:29:39,997 [MainThread  ] train batch 205 / 315 (iter 13750), current average result {'KLD_loss': tensor(1.3330e-05, grad_fn=<DivBackward0>), 'ts_road_map': tensor(0.2673, grad_fn=<DivBackward0>), 'recon_loss': tensor(0.6760, grad_fn=<DivBackward0>), 'loss': tensor(0.6760, grad_fn=<DivBackward0>)}
2020-04-30 16:30:26,664 [MainThread  ] train batch 140 / 315 (iter 14000), current average result {'KLD_loss': tensor(1.3082e-05, grad_fn=<DivBackward0>), 'ts_road_map': tensor(0.2671, grad_fn=<DivBackward0>), 'recon_loss': tensor(0.6759, grad_fn=<DivBackward0>), 'loss': tensor(0.6759, grad_fn=<DivBackward0>)}
2020-04-30 16:30:26,666 [MainThread  ] Evaluate on  custom_sup:val data
2020-04-30 16:30:39,177 [MainThread  ] Evalutation complete
Average result {'KLD_loss': tensor(0.0004), 'ts_road_map': tensor(0.2724), 'recon_loss': tensor(0.7053), 'loss': tensor(0.7058)}
2020-04-30 16:31:25,407 [MainThread  ] train batch 75 / 315 (iter 14250), current average result {'KLD_loss': tensor(1.0318e-05, grad_fn=<DivBackward0>), 'ts_road_map': tensor(0.2696, grad_fn=<DivBackward0>), 'recon_loss': tensor(0.6767, grad_fn=<DivBackward0>), 'loss': tensor(0.6767, grad_fn=<DivBackward0>)}
2020-04-30 16:32:12,268 [MainThread  ] train batch 10 / 315 (iter 14500), current average result {'KLD_loss': tensor(1.0030e-05, grad_fn=<DivBackward0>), 'ts_road_map': tensor(0.2684, grad_fn=<DivBackward0>), 'recon_loss': tensor(0.6763, grad_fn=<DivBackward0>), 'loss': tensor(0.6763, grad_fn=<DivBackward0>)}
2020-04-30 16:32:54,710 [MainThread  ] train batch 260 / 315 (iter 14750), current average result {'KLD_loss': tensor(9.7371e-06, grad_fn=<DivBackward0>), 'ts_road_map': tensor(0.2679, grad_fn=<DivBackward0>), 'recon_loss': tensor(0.6762, grad_fn=<DivBackward0>), 'loss': tensor(0.6762, grad_fn=<DivBackward0>)}
2020-04-30 16:33:41,293 [MainThread  ] train batch 195 / 315 (iter 15000), current average result {'KLD_loss': tensor(9.5129e-06, grad_fn=<DivBackward0>), 'ts_road_map': tensor(0.2679, grad_fn=<DivBackward0>), 'recon_loss': tensor(0.6761, grad_fn=<DivBackward0>), 'loss': tensor(0.6761, grad_fn=<DivBackward0>)}
2020-04-30 16:34:26,933 [MainThread  ] train batch 130 / 315 (iter 15250), current average result {'KLD_loss': tensor(9.2026e-06, grad_fn=<DivBackward0>), 'ts_road_map': tensor(0.2677, grad_fn=<DivBackward0>), 'recon_loss': tensor(0.6760, grad_fn=<DivBackward0>), 'loss': tensor(0.6760, grad_fn=<DivBackward0>)}
