2020-04-30 15:34:39,943 [MainThread  ] Experiment road_map_det_bce
2020-04-30 15:34:39,954 [MainThread  ] Receive config Namespace(batch_size=8, beta_ema=0.5, blobs_strategy='encoder_fused', cache_neg=0, clip=0.5, data_dir='./data/', detect_objects=False, device='cuda:0', dup_pos=0, exp_dir='./results/road_map_det_bce', exp_name='road_map_det_bce', finetune_ckpt_interval=0, finetune_learning_rate=0.01, finetune_obj='det_encoder', finetune_tasks=['custom_sup'], finetune_total_iters=200000, finetune_val_interval=2000, finetune_weight_decay=1e-05, gen_road_map=True, image_folder='/scratch/kk4161/DL_project/data', image_pretrain_obj='none', imagessl_load_ckpt='none', lambda_pirl=0.5, latent_dim=128, network_base='resnet18', num_negatives=1000, num_patches=9, num_queries=2, num_queries_percentage=0.25, num_workers=16, obj_det_head='retinanet', pretrain_ckpt_interval=0, pretrain_learning_rate=0.01, pretrain_task=['custom_un_image'], pretrain_total_iters=100000, pretrain_val_interval=2000, pretrain_weight_decay=1e-05, project_dim=128, report_interval=250, results_dir='./results/', road_map_loss='bce', sampling_type='image', synthesizer_nlayers=2, transfer_paradigm='tunable', use_memory_bank=1, view='normal', view_fusion_strategy='concat', view_pretrain_obj='none', viewssl_load_ckpt='none', vocab_size=64, warmup_iters=100)
2020-04-30 15:34:39,955 [MainThread  ] Start creating tasks
2020-04-30 15:34:39,955 [MainThread  ] Start loading data
2020-04-30 15:34:39,955 [MainThread  ] Loading custom_sup data
2020-04-30 15:34:40,429 [MainThread  ] Start creating models
2020-04-30 15:34:40,672 [MainThread  ] Loaded supervised model
2020-04-30 15:34:43,830 [MainThread  ] Setup trainer for custom_sup
2020-04-30 15:34:43,830 [MainThread  ] Start training custom_sup
2020-04-30 15:35:29,021 [MainThread  ] train batch 250 / 315 (iter 250), current average result {'loss': tensor(0.4683, grad_fn=<DivBackward0>), 'recon_loss': tensor(0.4683, grad_fn=<DivBackward0>), 'ts_road_map': tensor(0.4760, grad_fn=<DivBackward0>)}
2020-04-30 15:36:13,308 [MainThread  ] train batch 185 / 315 (iter 500), current average result {'loss': tensor(0.4045, grad_fn=<DivBackward0>), 'recon_loss': tensor(0.4045, grad_fn=<DivBackward0>), 'ts_road_map': tensor(0.5394, grad_fn=<DivBackward0>)}
2020-04-30 15:36:57,509 [MainThread  ] train batch 120 / 315 (iter 750), current average result {'loss': tensor(0.3648, grad_fn=<DivBackward0>), 'recon_loss': tensor(0.3648, grad_fn=<DivBackward0>), 'ts_road_map': tensor(0.5783, grad_fn=<DivBackward0>)}
2020-04-30 15:37:41,693 [MainThread  ] train batch 55 / 315 (iter 1000), current average result {'loss': tensor(0.3356, grad_fn=<DivBackward0>), 'recon_loss': tensor(0.3356, grad_fn=<DivBackward0>), 'ts_road_map': tensor(0.6078, grad_fn=<DivBackward0>)}
2020-04-30 15:38:21,272 [MainThread  ] train batch 305 / 315 (iter 1250), current average result {'loss': tensor(0.3116, grad_fn=<DivBackward0>), 'recon_loss': tensor(0.3116, grad_fn=<DivBackward0>), 'ts_road_map': tensor(0.6323, grad_fn=<DivBackward0>)}
2020-04-30 15:39:06,057 [MainThread  ] train batch 240 / 315 (iter 1500), current average result {'loss': tensor(0.2908, grad_fn=<DivBackward0>), 'recon_loss': tensor(0.2908, grad_fn=<DivBackward0>), 'ts_road_map': tensor(0.6535, grad_fn=<DivBackward0>)}
2020-04-30 15:39:50,297 [MainThread  ] train batch 175 / 315 (iter 1750), current average result {'loss': tensor(0.2736, grad_fn=<DivBackward0>), 'recon_loss': tensor(0.2736, grad_fn=<DivBackward0>), 'ts_road_map': tensor(0.6714, grad_fn=<DivBackward0>)}
2020-04-30 15:40:34,372 [MainThread  ] train batch 110 / 315 (iter 2000), current average result {'loss': tensor(0.2582, grad_fn=<DivBackward0>), 'recon_loss': tensor(0.2582, grad_fn=<DivBackward0>), 'ts_road_map': tensor(0.6880, grad_fn=<DivBackward0>)}
2020-04-30 15:40:34,372 [MainThread  ] Evaluate on  custom_sup:val data
2020-04-30 15:40:51,701 [MainThread  ] Evalutation complete
Average result {'loss': tensor(0.4984), 'recon_loss': tensor(0.4984), 'ts_road_map': tensor(0.7026)}
2020-04-30 15:40:51,702 [MainThread  ] Best validation updated: {'best_iter': 2000, 'current_iter': 2000, 'best_performance': tensor(0.4984)}
2020-04-30 15:40:51,789 [MainThread  ] Save parameters for ./results/road_map_det_bce/finetune_custom_sup_best.ckpt
2020-04-30 15:41:38,314 [MainThread  ] train batch 45 / 315 (iter 2250), current average result {'loss': tensor(0.1409, grad_fn=<DivBackward0>), 'recon_loss': tensor(0.1409, grad_fn=<DivBackward0>), 'ts_road_map': tensor(0.8152, grad_fn=<DivBackward0>)}
2020-04-30 15:42:20,536 [MainThread  ] train batch 295 / 315 (iter 2500), current average result {'loss': tensor(0.1336, grad_fn=<DivBackward0>), 'recon_loss': tensor(0.1336, grad_fn=<DivBackward0>), 'ts_road_map': tensor(0.8231, grad_fn=<DivBackward0>)}
2020-04-30 15:43:06,186 [MainThread  ] train batch 230 / 315 (iter 2750), current average result {'loss': tensor(0.1285, grad_fn=<DivBackward0>), 'recon_loss': tensor(0.1285, grad_fn=<DivBackward0>), 'ts_road_map': tensor(0.8297, grad_fn=<DivBackward0>)}
2020-04-30 15:43:51,022 [MainThread  ] train batch 165 / 315 (iter 3000), current average result {'loss': tensor(0.1232, grad_fn=<DivBackward0>), 'recon_loss': tensor(0.1232, grad_fn=<DivBackward0>), 'ts_road_map': tensor(0.8359, grad_fn=<DivBackward0>)}
2020-04-30 15:44:35,720 [MainThread  ] train batch 100 / 315 (iter 3250), current average result {'loss': tensor(0.1190, grad_fn=<DivBackward0>), 'recon_loss': tensor(0.1190, grad_fn=<DivBackward0>), 'ts_road_map': tensor(0.8413, grad_fn=<DivBackward0>)}
2020-04-30 15:45:20,346 [MainThread  ] train batch 35 / 315 (iter 3500), current average result {'loss': tensor(0.1155, grad_fn=<DivBackward0>), 'recon_loss': tensor(0.1155, grad_fn=<DivBackward0>), 'ts_road_map': tensor(0.8459, grad_fn=<DivBackward0>)}
2020-04-30 15:46:00,643 [MainThread  ] train batch 285 / 315 (iter 3750), current average result {'loss': tensor(0.1119, grad_fn=<DivBackward0>), 'recon_loss': tensor(0.1119, grad_fn=<DivBackward0>), 'ts_road_map': tensor(0.8504, grad_fn=<DivBackward0>)}
2020-04-30 15:46:45,392 [MainThread  ] train batch 220 / 315 (iter 4000), current average result {'loss': tensor(0.1086, grad_fn=<DivBackward0>), 'recon_loss': tensor(0.1086, grad_fn=<DivBackward0>), 'ts_road_map': tensor(0.8547, grad_fn=<DivBackward0>)}
2020-04-30 15:46:45,393 [MainThread  ] Evaluate on  custom_sup:val data
2020-04-30 15:46:58,815 [MainThread  ] Evalutation complete
Average result {'loss': tensor(0.6909), 'recon_loss': tensor(0.6909), 'ts_road_map': tensor(0.7250)}
2020-04-30 15:47:43,752 [MainThread  ] train batch 155 / 315 (iter 4250), current average result {'loss': tensor(0.0809, grad_fn=<DivBackward0>), 'recon_loss': tensor(0.0809, grad_fn=<DivBackward0>), 'ts_road_map': tensor(0.8900, grad_fn=<DivBackward0>)}
2020-04-30 15:48:28,475 [MainThread  ] train batch 90 / 315 (iter 4500), current average result {'loss': tensor(0.0800, grad_fn=<DivBackward0>), 'recon_loss': tensor(0.0800, grad_fn=<DivBackward0>), 'ts_road_map': tensor(0.8918, grad_fn=<DivBackward0>)}
2020-04-30 15:49:12,930 [MainThread  ] train batch 25 / 315 (iter 4750), current average result {'loss': tensor(0.0784, grad_fn=<DivBackward0>), 'recon_loss': tensor(0.0784, grad_fn=<DivBackward0>), 'ts_road_map': tensor(0.8937, grad_fn=<DivBackward0>)}
2020-04-30 15:49:53,198 [MainThread  ] train batch 275 / 315 (iter 5000), current average result {'loss': tensor(0.0767, grad_fn=<DivBackward0>), 'recon_loss': tensor(0.0767, grad_fn=<DivBackward0>), 'ts_road_map': tensor(0.8961, grad_fn=<DivBackward0>)}
2020-04-30 15:50:37,804 [MainThread  ] train batch 210 / 315 (iter 5250), current average result {'loss': tensor(0.0754, grad_fn=<DivBackward0>), 'recon_loss': tensor(0.0754, grad_fn=<DivBackward0>), 'ts_road_map': tensor(0.8979, grad_fn=<DivBackward0>)}
2020-04-30 15:51:22,442 [MainThread  ] train batch 145 / 315 (iter 5500), current average result {'loss': tensor(0.0740, grad_fn=<DivBackward0>), 'recon_loss': tensor(0.0740, grad_fn=<DivBackward0>), 'ts_road_map': tensor(0.8996, grad_fn=<DivBackward0>)}
2020-04-30 15:52:06,898 [MainThread  ] train batch 80 / 315 (iter 5750), current average result {'loss': tensor(0.0728, grad_fn=<DivBackward0>), 'recon_loss': tensor(0.0728, grad_fn=<DivBackward0>), 'ts_road_map': tensor(0.9013, grad_fn=<DivBackward0>)}
2020-04-30 15:52:51,148 [MainThread  ] train batch 15 / 315 (iter 6000), current average result {'loss': tensor(0.0716, grad_fn=<DivBackward0>), 'recon_loss': tensor(0.0716, grad_fn=<DivBackward0>), 'ts_road_map': tensor(0.9029, grad_fn=<DivBackward0>)}
2020-04-30 15:52:51,148 [MainThread  ] Evaluate on  custom_sup:val data
2020-04-30 15:53:02,715 [MainThread  ] Evalutation complete
Average result {'loss': tensor(0.7891), 'recon_loss': tensor(0.7891), 'ts_road_map': tensor(0.7209)}
2020-04-30 15:53:42,744 [MainThread  ] train batch 265 / 315 (iter 6250), current average result {'loss': tensor(0.0607, grad_fn=<DivBackward0>), 'recon_loss': tensor(0.0607, grad_fn=<DivBackward0>), 'ts_road_map': tensor(0.9174, grad_fn=<DivBackward0>)}
2020-04-30 15:54:27,454 [MainThread  ] train batch 200 / 315 (iter 6500), current average result {'loss': tensor(0.0604, grad_fn=<DivBackward0>), 'recon_loss': tensor(0.0604, grad_fn=<DivBackward0>), 'ts_road_map': tensor(0.9180, grad_fn=<DivBackward0>)}
2020-04-30 15:55:12,170 [MainThread  ] train batch 135 / 315 (iter 6750), current average result {'loss': tensor(0.0591, grad_fn=<DivBackward0>), 'recon_loss': tensor(0.0591, grad_fn=<DivBackward0>), 'ts_road_map': tensor(0.9194, grad_fn=<DivBackward0>)}
2020-04-30 15:55:56,871 [MainThread  ] train batch 70 / 315 (iter 7000), current average result {'loss': tensor(0.0588, grad_fn=<DivBackward0>), 'recon_loss': tensor(0.0588, grad_fn=<DivBackward0>), 'ts_road_map': tensor(0.9201, grad_fn=<DivBackward0>)}
2020-04-30 15:56:40,472 [MainThread  ] train batch 5 / 315 (iter 7250), current average result {'loss': tensor(0.0580, grad_fn=<DivBackward0>), 'recon_loss': tensor(0.0580, grad_fn=<DivBackward0>), 'ts_road_map': tensor(0.9211, grad_fn=<DivBackward0>)}
2020-04-30 15:57:21,672 [MainThread  ] train batch 255 / 315 (iter 7500), current average result {'loss': tensor(0.0572, grad_fn=<DivBackward0>), 'recon_loss': tensor(0.0572, grad_fn=<DivBackward0>), 'ts_road_map': tensor(0.9221, grad_fn=<DivBackward0>)}
2020-04-30 15:58:06,273 [MainThread  ] train batch 190 / 315 (iter 7750), current average result {'loss': tensor(0.0566, grad_fn=<DivBackward0>), 'recon_loss': tensor(0.0566, grad_fn=<DivBackward0>), 'ts_road_map': tensor(0.9230, grad_fn=<DivBackward0>)}
2020-04-30 15:58:50,702 [MainThread  ] train batch 125 / 315 (iter 8000), current average result {'loss': tensor(0.0559, grad_fn=<DivBackward0>), 'recon_loss': tensor(0.0559, grad_fn=<DivBackward0>), 'ts_road_map': tensor(0.9240, grad_fn=<DivBackward0>)}
2020-04-30 15:58:50,703 [MainThread  ] Evaluate on  custom_sup:val data
2020-04-30 15:59:02,910 [MainThread  ] Evalutation complete
Average result {'loss': tensor(0.8239), 'recon_loss': tensor(0.8239), 'ts_road_map': tensor(0.7259)}
2020-04-30 15:59:47,244 [MainThread  ] train batch 60 / 315 (iter 8250), current average result {'loss': tensor(0.0514, grad_fn=<DivBackward0>), 'recon_loss': tensor(0.0514, grad_fn=<DivBackward0>), 'ts_road_map': tensor(0.9301, grad_fn=<DivBackward0>)}
2020-04-30 16:00:26,929 [MainThread  ] train batch 310 / 315 (iter 8500), current average result {'loss': tensor(0.0502, grad_fn=<DivBackward0>), 'recon_loss': tensor(0.0502, grad_fn=<DivBackward0>), 'ts_road_map': tensor(0.9316, grad_fn=<DivBackward0>)}
2020-04-30 16:01:12,309 [MainThread  ] train batch 245 / 315 (iter 8750), current average result {'loss': tensor(0.0497, grad_fn=<DivBackward0>), 'recon_loss': tensor(0.0497, grad_fn=<DivBackward0>), 'ts_road_map': tensor(0.9323, grad_fn=<DivBackward0>)}
2020-04-30 16:01:57,116 [MainThread  ] train batch 180 / 315 (iter 9000), current average result {'loss': tensor(0.0491, grad_fn=<DivBackward0>), 'recon_loss': tensor(0.0491, grad_fn=<DivBackward0>), 'ts_road_map': tensor(0.9331, grad_fn=<DivBackward0>)}
2020-04-30 16:02:41,540 [MainThread  ] train batch 115 / 315 (iter 9250), current average result {'loss': tensor(0.0487, grad_fn=<DivBackward0>), 'recon_loss': tensor(0.0487, grad_fn=<DivBackward0>), 'ts_road_map': tensor(0.9336, grad_fn=<DivBackward0>)}
2020-04-30 16:03:26,110 [MainThread  ] train batch 50 / 315 (iter 9500), current average result {'loss': tensor(0.0482, grad_fn=<DivBackward0>), 'recon_loss': tensor(0.0482, grad_fn=<DivBackward0>), 'ts_road_map': tensor(0.9342, grad_fn=<DivBackward0>)}
2020-04-30 16:04:05,919 [MainThread  ] train batch 300 / 315 (iter 9750), current average result {'loss': tensor(0.0478, grad_fn=<DivBackward0>), 'recon_loss': tensor(0.0478, grad_fn=<DivBackward0>), 'ts_road_map': tensor(0.9348, grad_fn=<DivBackward0>)}
2020-04-30 16:04:51,072 [MainThread  ] train batch 235 / 315 (iter 10000), current average result {'loss': tensor(0.0474, grad_fn=<DivBackward0>), 'recon_loss': tensor(0.0474, grad_fn=<DivBackward0>), 'ts_road_map': tensor(0.9353, grad_fn=<DivBackward0>)}
2020-04-30 16:04:51,073 [MainThread  ] Evaluate on  custom_sup:val data
2020-04-30 16:05:03,502 [MainThread  ] Evalutation complete
Average result {'loss': tensor(0.8918), 'recon_loss': tensor(0.8918), 'ts_road_map': tensor(0.7320)}
2020-04-30 16:05:48,386 [MainThread  ] train batch 170 / 315 (iter 10250), current average result {'loss': tensor(0.0446, grad_fn=<DivBackward0>), 'recon_loss': tensor(0.0446, grad_fn=<DivBackward0>), 'ts_road_map': tensor(0.9393, grad_fn=<DivBackward0>)}
2020-04-30 16:06:33,510 [MainThread  ] train batch 105 / 315 (iter 10500), current average result {'loss': tensor(0.0441, grad_fn=<DivBackward0>), 'recon_loss': tensor(0.0441, grad_fn=<DivBackward0>), 'ts_road_map': tensor(0.9399, grad_fn=<DivBackward0>)}
2020-04-30 16:07:18,849 [MainThread  ] train batch 40 / 315 (iter 10750), current average result {'loss': tensor(0.0437, grad_fn=<DivBackward0>), 'recon_loss': tensor(0.0437, grad_fn=<DivBackward0>), 'ts_road_map': tensor(0.9403, grad_fn=<DivBackward0>)}
2020-04-30 16:07:59,113 [MainThread  ] train batch 290 / 315 (iter 11000), current average result {'loss': tensor(0.0433, grad_fn=<DivBackward0>), 'recon_loss': tensor(0.0433, grad_fn=<DivBackward0>), 'ts_road_map': tensor(0.9408, grad_fn=<DivBackward0>)}
2020-04-30 16:08:44,039 [MainThread  ] train batch 225 / 315 (iter 11250), current average result {'loss': tensor(0.0430, grad_fn=<DivBackward0>), 'recon_loss': tensor(0.0430, grad_fn=<DivBackward0>), 'ts_road_map': tensor(0.9413, grad_fn=<DivBackward0>)}
2020-04-30 16:09:28,571 [MainThread  ] train batch 160 / 315 (iter 11500), current average result {'loss': tensor(0.0427, grad_fn=<DivBackward0>), 'recon_loss': tensor(0.0427, grad_fn=<DivBackward0>), 'ts_road_map': tensor(0.9417, grad_fn=<DivBackward0>)}
2020-04-30 16:10:12,916 [MainThread  ] train batch 95 / 315 (iter 11750), current average result {'loss': tensor(0.0424, grad_fn=<DivBackward0>), 'recon_loss': tensor(0.0424, grad_fn=<DivBackward0>), 'ts_road_map': tensor(0.9421, grad_fn=<DivBackward0>)}
2020-04-30 16:10:57,346 [MainThread  ] train batch 30 / 315 (iter 12000), current average result {'loss': tensor(0.0421, grad_fn=<DivBackward0>), 'recon_loss': tensor(0.0421, grad_fn=<DivBackward0>), 'ts_road_map': tensor(0.9424, grad_fn=<DivBackward0>)}
2020-04-30 16:10:57,347 [MainThread  ] Evaluate on  custom_sup:val data
2020-04-30 16:11:09,049 [MainThread  ] Evalutation complete
Average result {'loss': tensor(0.9622), 'recon_loss': tensor(0.9622), 'ts_road_map': tensor(0.7288)}
2020-04-30 16:11:49,415 [MainThread  ] train batch 280 / 315 (iter 12250), current average result {'loss': tensor(0.0396, grad_fn=<DivBackward0>), 'recon_loss': tensor(0.0396, grad_fn=<DivBackward0>), 'ts_road_map': tensor(0.9458, grad_fn=<DivBackward0>)}
2020-04-30 16:12:34,247 [MainThread  ] train batch 215 / 315 (iter 12500), current average result {'loss': tensor(0.0395, grad_fn=<DivBackward0>), 'recon_loss': tensor(0.0395, grad_fn=<DivBackward0>), 'ts_road_map': tensor(0.9458, grad_fn=<DivBackward0>)}
2020-04-30 16:13:18,883 [MainThread  ] train batch 150 / 315 (iter 12750), current average result {'loss': tensor(0.0394, grad_fn=<DivBackward0>), 'recon_loss': tensor(0.0394, grad_fn=<DivBackward0>), 'ts_road_map': tensor(0.9461, grad_fn=<DivBackward0>)}
2020-04-30 16:14:03,596 [MainThread  ] train batch 85 / 315 (iter 13000), current average result {'loss': tensor(0.0392, grad_fn=<DivBackward0>), 'recon_loss': tensor(0.0392, grad_fn=<DivBackward0>), 'ts_road_map': tensor(0.9463, grad_fn=<DivBackward0>)}
2020-04-30 16:14:47,974 [MainThread  ] train batch 20 / 315 (iter 13250), current average result {'loss': tensor(0.0389, grad_fn=<DivBackward0>), 'recon_loss': tensor(0.0389, grad_fn=<DivBackward0>), 'ts_road_map': tensor(0.9466, grad_fn=<DivBackward0>)}
2020-04-30 16:15:28,493 [MainThread  ] train batch 270 / 315 (iter 13500), current average result {'loss': tensor(0.0387, grad_fn=<DivBackward0>), 'recon_loss': tensor(0.0387, grad_fn=<DivBackward0>), 'ts_road_map': tensor(0.9470, grad_fn=<DivBackward0>)}
2020-04-30 16:16:13,115 [MainThread  ] train batch 205 / 315 (iter 13750), current average result {'loss': tensor(0.0385, grad_fn=<DivBackward0>), 'recon_loss': tensor(0.0385, grad_fn=<DivBackward0>), 'ts_road_map': tensor(0.9473, grad_fn=<DivBackward0>)}
2020-04-30 16:16:57,643 [MainThread  ] train batch 140 / 315 (iter 14000), current average result {'loss': tensor(0.0383, grad_fn=<DivBackward0>), 'recon_loss': tensor(0.0383, grad_fn=<DivBackward0>), 'ts_road_map': tensor(0.9474, grad_fn=<DivBackward0>)}
2020-04-30 16:16:57,644 [MainThread  ] Evaluate on  custom_sup:val data
2020-04-30 16:17:08,998 [MainThread  ] Evalutation complete
Average result {'loss': tensor(0.9449), 'recon_loss': tensor(0.9449), 'ts_road_map': tensor(0.7314)}
2020-04-30 16:17:53,419 [MainThread  ] train batch 75 / 315 (iter 14250), current average result {'loss': tensor(0.0360, grad_fn=<DivBackward0>), 'recon_loss': tensor(0.0360, grad_fn=<DivBackward0>), 'ts_road_map': tensor(0.9501, grad_fn=<DivBackward0>)}
2020-04-30 16:18:37,978 [MainThread  ] train batch 10 / 315 (iter 14500), current average result {'loss': tensor(0.0361, grad_fn=<DivBackward0>), 'recon_loss': tensor(0.0361, grad_fn=<DivBackward0>), 'ts_road_map': tensor(0.9503, grad_fn=<DivBackward0>)}
2020-04-30 16:19:18,379 [MainThread  ] train batch 260 / 315 (iter 14750), current average result {'loss': tensor(0.0359, grad_fn=<DivBackward0>), 'recon_loss': tensor(0.0359, grad_fn=<DivBackward0>), 'ts_road_map': tensor(0.9506, grad_fn=<DivBackward0>)}
2020-04-30 16:20:03,015 [MainThread  ] train batch 195 / 315 (iter 15000), current average result {'loss': tensor(0.0358, grad_fn=<DivBackward0>), 'recon_loss': tensor(0.0358, grad_fn=<DivBackward0>), 'ts_road_map': tensor(0.9507, grad_fn=<DivBackward0>)}
2020-04-30 16:20:47,521 [MainThread  ] train batch 130 / 315 (iter 15250), current average result {'loss': tensor(0.0356, grad_fn=<DivBackward0>), 'recon_loss': tensor(0.0356, grad_fn=<DivBackward0>), 'ts_road_map': tensor(0.9510, grad_fn=<DivBackward0>)}
2020-04-30 16:21:32,385 [MainThread  ] train batch 65 / 315 (iter 15500), current average result {'loss': tensor(0.0355, grad_fn=<DivBackward0>), 'recon_loss': tensor(0.0355, grad_fn=<DivBackward0>), 'ts_road_map': tensor(0.9511, grad_fn=<DivBackward0>)}
slurmstepd: error: *** JOB 9491655 ON gpu-61 CANCELLED AT 2020-04-30T16:21:53 ***
