2020-04-30 15:34:57,430 [MainThread  ] Experiment road_map_cvar16_bce
2020-04-30 15:34:57,436 [MainThread  ] Receive config Namespace(batch_size=8, beta_ema=0.5, blobs_strategy='encoder_fused', cache_neg=0, clip=0.5, data_dir='./data/', detect_objects=False, device='cuda:0', dup_pos=0, exp_dir='./results/road_map_cvar16_bce', exp_name='road_map_cvar16_bce', finetune_ckpt_interval=0, finetune_learning_rate=0.01, finetune_obj='var_encoder', finetune_tasks=['custom_sup'], finetune_total_iters=200000, finetune_val_interval=2000, finetune_weight_decay=1e-05, gen_road_map=True, image_folder='/scratch/kk4161/DL_project/data', image_pretrain_obj='none', imagessl_load_ckpt='none', lambda_pirl=0.5, latent_dim=16, network_base='resnet18', num_negatives=1000, num_patches=9, num_queries=2, num_queries_percentage=0.25, num_workers=16, obj_det_head='retinanet', pretrain_ckpt_interval=0, pretrain_learning_rate=0.01, pretrain_task=['custom_un_image'], pretrain_total_iters=100000, pretrain_val_interval=2000, pretrain_weight_decay=1e-05, project_dim=128, report_interval=250, results_dir='./results/', road_map_loss='bce', sampling_type='image', synthesizer_nlayers=2, transfer_paradigm='tunable', use_memory_bank=1, view='normal', view_fusion_strategy='concat', view_pretrain_obj='none', viewssl_load_ckpt='none', vocab_size=64, warmup_iters=100)
2020-04-30 15:34:57,436 [MainThread  ] Start creating tasks
2020-04-30 15:34:57,437 [MainThread  ] Start loading data
2020-04-30 15:34:57,437 [MainThread  ] Loading custom_sup data
2020-04-30 15:34:57,857 [MainThread  ] Start creating models
2020-04-30 15:34:58,089 [MainThread  ] Loaded supervised model
2020-04-30 15:35:22,863 [MainThread  ] Setup trainer for custom_sup
2020-04-30 15:35:22,864 [MainThread  ] Start training custom_sup
2020-04-30 15:36:13,758 [MainThread  ] train batch 250 / 315 (iter 250), current average result {'loss': tensor(236.7809, grad_fn=<DivBackward0>), 'recon_loss': tensor(0.5290, grad_fn=<DivBackward0>), 'KLD_loss': tensor(236.2520, grad_fn=<DivBackward0>), 'ts_road_map': tensor(0.3908, grad_fn=<DivBackward0>)}
2020-04-30 15:37:00,613 [MainThread  ] train batch 185 / 315 (iter 500), current average result {'loss': tensor(332.8502, grad_fn=<DivBackward0>), 'recon_loss': tensor(0.4481, grad_fn=<DivBackward0>), 'KLD_loss': tensor(332.4020, grad_fn=<DivBackward0>), 'ts_road_map': tensor(0.4783, grad_fn=<DivBackward0>)}
2020-04-30 15:37:46,132 [MainThread  ] train batch 120 / 315 (iter 750), current average result {'loss': tensor(393.1994, grad_fn=<DivBackward0>), 'recon_loss': tensor(0.3965, grad_fn=<DivBackward0>), 'KLD_loss': tensor(392.8027, grad_fn=<DivBackward0>), 'ts_road_map': tensor(0.5334, grad_fn=<DivBackward0>)}
2020-04-30 15:38:30,502 [MainThread  ] train batch 55 / 315 (iter 1000), current average result {'loss': tensor(431.8176, grad_fn=<DivBackward0>), 'recon_loss': tensor(0.3601, grad_fn=<DivBackward0>), 'KLD_loss': tensor(431.4570, grad_fn=<DivBackward0>), 'ts_road_map': tensor(0.5720, grad_fn=<DivBackward0>)}
2020-04-30 15:39:10,339 [MainThread  ] train batch 305 / 315 (iter 1250), current average result {'loss': tensor(459.5704, grad_fn=<DivBackward0>), 'recon_loss': tensor(0.3333, grad_fn=<DivBackward0>), 'KLD_loss': tensor(459.2368, grad_fn=<DivBackward0>), 'ts_road_map': tensor(0.6010, grad_fn=<DivBackward0>)}
2020-04-30 15:39:55,375 [MainThread  ] train batch 240 / 315 (iter 1500), current average result {'loss': tensor(480.5559, grad_fn=<DivBackward0>), 'recon_loss': tensor(0.3113, grad_fn=<DivBackward0>), 'KLD_loss': tensor(480.2447, grad_fn=<DivBackward0>), 'ts_road_map': tensor(0.6246, grad_fn=<DivBackward0>)}
2020-04-30 15:40:39,903 [MainThread  ] train batch 175 / 315 (iter 1750), current average result {'loss': tensor(496.5898, grad_fn=<DivBackward0>), 'recon_loss': tensor(0.2926, grad_fn=<DivBackward0>), 'KLD_loss': tensor(496.2971, grad_fn=<DivBackward0>), 'ts_road_map': tensor(0.6448, grad_fn=<DivBackward0>)}
2020-04-30 15:41:24,542 [MainThread  ] train batch 110 / 315 (iter 2000), current average result {'loss': tensor(510.4923, grad_fn=<DivBackward0>), 'recon_loss': tensor(0.2766, grad_fn=<DivBackward0>), 'KLD_loss': tensor(510.2160, grad_fn=<DivBackward0>), 'ts_road_map': tensor(0.6624, grad_fn=<DivBackward0>)}
2020-04-30 15:41:24,543 [MainThread  ] Evaluate on  custom_sup:val data
2020-04-30 15:41:37,619 [MainThread  ] Evalutation complete
Average result {'loss': tensor(646.2010), 'recon_loss': tensor(0.4868), 'KLD_loss': tensor(645.7143), 'ts_road_map': tensor(0.6979)}
2020-04-30 15:41:37,620 [MainThread  ] Best validation updated: {'current_iter': 2000, 'best_iter': 2000, 'best_performance': tensor(646.2010)}
2020-04-30 15:41:37,891 [MainThread  ] Save parameters for ./results/road_map_cvar16_bce/finetune_custom_sup_best.ckpt
2020-04-30 15:42:22,628 [MainThread  ] train batch 45 / 315 (iter 2250), current average result {'loss': tensor(617.2894, grad_fn=<DivBackward0>), 'recon_loss': tensor(0.1535, grad_fn=<DivBackward0>), 'KLD_loss': tensor(617.1360, grad_fn=<DivBackward0>), 'ts_road_map': tensor(0.8000, grad_fn=<DivBackward0>)}
2020-04-30 15:43:02,840 [MainThread  ] train batch 295 / 315 (iter 2500), current average result {'loss': tensor(622.2172, grad_fn=<DivBackward0>), 'recon_loss': tensor(0.1454, grad_fn=<DivBackward0>), 'KLD_loss': tensor(622.0720, grad_fn=<DivBackward0>), 'ts_road_map': tensor(0.8087, grad_fn=<DivBackward0>)}
slurmstepd: error: *** JOB 9491851 ON gpu-65 CANCELLED AT 2020-04-30T15:43:08 ***
