usage: main.py [-h] [--exp-name EXP_NAME] [--device DEVICE]
               [--results-dir RESULTS_DIR] [--data-dir DATA_DIR]
               [--image-folder IMAGE_FOLDER]
               [--image-pretrain-obj {pirl_nce_loss,pirl_infonce_loss,multilabel_loss,none}]
               [--view-pretrain-obj {det_masked_autoencoder,var_masked_autoencoder,adv_masked_autoencoder,nce_loss,infonce_loss,none}]
               [--finetune-obj {det_encoder,var_encoder,adv_encoder,none}]
               [--obj-det-head {retinanet,maskrcnn,none}]
               [--road-map-loss {bce,mse}] [--gen-road-map GEN_ROAD_MAP]
               [--detect-objects DETECT_OBJECTS]
               [--view-fusion_strategy {concat,mean,cross_attention}]
               [--blobs-strategy {decoder,encoder_fused,encoder_views}]
               [--synthesizer-nlayers SYNTHESIZER_NLAYERS]
               [--network-base {resnet18,resnet34,resnet50,resnet101,resnet152}]
               [--pretrain-task {cifar10_un,stl10_un,mnist_un,imagenet_un,custom_un,none}]
               [--use-memory-bank USE_MEMORY_BANK]
               [--finetune-tasks FINETUNE_TASKS]
               [--view {random_normal,random_multiview,random_singleview,normal}]
               [--sampling-type SAMPLING_TYPE] [--num-patches NUM_PATCHES]
               [--project-dim PROJECT_DIM] [--latent-dim LATENT_DIM]
               [--lambda-pirl LAMBDA_PIRL] [--beta-ema BETA_EMA]
               [--num-negatives NUM_NEGATIVES]
               [--num-queries-percentage NUM_QUERIES_PERCENTAGE]
               [--num_workers NUM_WORKERS] [--vocab-size VOCAB_SIZE]
               [--batch-size BATCH_SIZE] [--dup-pos DUP_POS]
               [--cache-neg CACHE_NEG]
               [--imagessl-load-ckpt IMAGESSL_LOAD_CKPT]
               [--viewssl-load-ckpt VIEWSSL_LOAD_CKPT] [--clip CLIP]
               [--pretrain-learning-rate PRETRAIN_LEARNING_RATE]
               [--finetune-learning-rate FINETUNE_LEARNING_RATE]
               [--pretrain-weight-decay PRETRAIN_WEIGHT_DECAY]
               [--finetune-weight-decay FINETUNE_WEIGHT_DECAY]
               [--pretrain-total-iters PRETRAIN_TOTAL_ITERS]
               [--finetune-total-iters FINETUNE_TOTAL_ITERS]
               [--warmup-iters WARMUP_ITERS]
               [--report-interval REPORT_INTERVAL]
               [--finetune-val-interval FINETUNE_VAL_INTERVAL]
               [--pretrain-val-interval PRETRAIN_VAL_INTERVAL]
               [--pretrain-ckpt-interval PRETRAIN_CKPT_INTERVAL]
               [--finetune-ckpt-interval FINETUNE_CKPT_INTERVAL]
               [--transfer-paradigm {frozen,tunable,bound}]
main.py: error: unrecognized arguments: --finetune_learning_rate 0.01
