2020-04-30 14:45:00,334 [MainThread  ] Experiment road_map_det_bce
2020-04-30 14:45:00,335 [MainThread  ] Receive config Namespace(batch_size=16, beta_ema=0.5, blobs_strategy='encoder_fused', cache_neg=0, clip=0.5, data_dir='./data/', detect_objects=False, device='cuda:0', dup_pos=0, exp_dir='./results/road_map_det_bce', exp_name='road_map_det_bce', finetune_ckpt_interval=0, finetune_learning_rate=0.01, finetune_obj='det_encoder', finetune_tasks=['custom_sup'], finetune_total_iters=200000, finetune_val_interval=2000, finetune_weight_decay=1e-05, gen_road_map=True, image_folder='/scratch/kk4161/DL_project/data', image_pretrain_obj='none', imagessl_load_ckpt='none', lambda_pirl=0.5, latent_dim=128, network_base='resnet18', num_negatives=1000, num_patches=9, num_queries=2, num_queries_percentage=0.25, num_workers=16, obj_det_head='retinanet', pretrain_ckpt_interval=0, pretrain_learning_rate=0.01, pretrain_task=['custom_un_image'], pretrain_total_iters=100000, pretrain_val_interval=2000, pretrain_weight_decay=1e-05, project_dim=128, report_interval=250, results_dir='./results/', road_map_loss='bce', sampling_type='image', synthesizer_nlayers=2, transfer_paradigm='tunable', use_memory_bank=1, view='normal', view_fusion_strategy='concat', view_pretrain_obj='none', viewssl_load_ckpt='none', vocab_size=64, warmup_iters=100)
2020-04-30 14:45:00,335 [MainThread  ] Start creating tasks
2020-04-30 14:45:00,335 [MainThread  ] Start loading data
2020-04-30 14:45:00,336 [MainThread  ] Loading custom_sup data
2020-04-30 14:45:00,826 [MainThread  ] Start creating models
2020-04-30 14:45:01,265 [MainThread  ] Loaded supervised model
2020-04-30 14:45:15,966 [MainThread  ] Setup trainer for custom_sup
2020-04-30 14:45:15,967 [MainThread  ] Start training custom_sup
2020-04-30 14:46:55,607 [MainThread  ] train batch 93 / 157 (iter 250), current average result {'loss': tensor(0.4676, grad_fn=<DivBackward0>), 'recon_loss': tensor(0.4676, grad_fn=<DivBackward0>), 'ts_road_map': tensor(0.4761, grad_fn=<DivBackward0>)}
2020-04-30 14:48:28,633 [MainThread  ] train batch 29 / 157 (iter 500), current average result {'loss': tensor(0.3849, grad_fn=<DivBackward0>), 'recon_loss': tensor(0.3849, grad_fn=<DivBackward0>), 'ts_road_map': tensor(0.5567, grad_fn=<DivBackward0>)}
2020-04-30 14:49:54,931 [MainThread  ] train batch 122 / 157 (iter 750), current average result {'loss': tensor(0.3349, grad_fn=<DivBackward0>), 'recon_loss': tensor(0.3349, grad_fn=<DivBackward0>), 'ts_road_map': tensor(0.6069, grad_fn=<DivBackward0>)}
2020-04-30 14:55:49,395 [MainThread  ] Experiment road_map_det_bce
2020-04-30 14:55:49,396 [MainThread  ] Receive config Namespace(batch_size=16, beta_ema=0.5, blobs_strategy='encoder_fused', cache_neg=0, clip=0.5, data_dir='./data/', detect_objects=False, device='cuda:0', dup_pos=0, exp_dir='./results/road_map_det_bce', exp_name='road_map_det_bce', finetune_ckpt_interval=0, finetune_learning_rate=0.01, finetune_obj='det_encoder', finetune_tasks=['custom_sup'], finetune_total_iters=100000, finetune_val_interval=2000, finetune_weight_decay=1e-05, gen_road_map=True, image_folder='/scratch/kk4161/DL_project/data', image_pretrain_obj='none', imagessl_load_ckpt='none', lambda_pirl=0.5, latent_dim=128, network_base='resnet18', num_negatives=1000, num_patches=9, num_queries=2, num_queries_percentage=0.25, num_workers=16, obj_det_head='retinanet', pretrain_ckpt_interval=0, pretrain_learning_rate=0.01, pretrain_task=['custom_un_image'], pretrain_total_iters=100000, pretrain_val_interval=2000, pretrain_weight_decay=1e-05, project_dim=128, report_interval=250, results_dir='./results/', road_map_loss='bce', sampling_type='image', synthesizer_nlayers=2, transfer_paradigm='tunable', use_memory_bank=1, view='normal', view_fusion_strategy='concat', view_pretrain_obj='none', viewssl_load_ckpt='none', vocab_size=64, warmup_iters=100)
2020-04-30 14:55:49,396 [MainThread  ] Start creating tasks
2020-04-30 14:55:49,396 [MainThread  ] Start loading data
2020-04-30 14:55:49,396 [MainThread  ] Loading custom_sup data
2020-04-30 14:55:49,773 [MainThread  ] Start creating models
2020-04-30 14:55:50,015 [MainThread  ] Loaded supervised model
2020-04-30 14:55:54,042 [MainThread  ] Setup trainer for custom_sup
2020-04-30 14:55:54,042 [MainThread  ] Start training custom_sup
2020-04-30 14:57:29,259 [MainThread  ] train batch 93 / 157 (iter 250), current average result {'recon_loss': tensor(0.4599, grad_fn=<DivBackward0>), 'ts_road_map': tensor(0.4819, grad_fn=<DivBackward0>), 'loss': tensor(0.4599, grad_fn=<DivBackward0>)}
2020-04-30 14:59:01,375 [MainThread  ] train batch 29 / 157 (iter 500), current average result {'recon_loss': tensor(0.3846, grad_fn=<DivBackward0>), 'ts_road_map': tensor(0.5563, grad_fn=<DivBackward0>), 'loss': tensor(0.3846, grad_fn=<DivBackward0>)}
2020-04-30 15:00:28,016 [MainThread  ] train batch 122 / 157 (iter 750), current average result {'recon_loss': tensor(0.3366, grad_fn=<DivBackward0>), 'ts_road_map': tensor(0.6051, grad_fn=<DivBackward0>), 'loss': tensor(0.3366, grad_fn=<DivBackward0>)}
2020-04-30 15:02:02,007 [MainThread  ] train batch 58 / 157 (iter 1000), current average result {'recon_loss': tensor(0.3010, grad_fn=<DivBackward0>), 'ts_road_map': tensor(0.6417, grad_fn=<DivBackward0>), 'loss': tensor(0.3010, grad_fn=<DivBackward0>)}
2020-04-30 15:03:26,988 [MainThread  ] train batch 151 / 157 (iter 1250), current average result {'recon_loss': tensor(0.2735, grad_fn=<DivBackward0>), 'ts_road_map': tensor(0.6707, grad_fn=<DivBackward0>), 'loss': tensor(0.2735, grad_fn=<DivBackward0>)}
2020-04-30 15:34:39,943 [MainThread  ] Experiment road_map_det_bce
2020-04-30 15:34:39,954 [MainThread  ] Receive config Namespace(batch_size=8, beta_ema=0.5, blobs_strategy='encoder_fused', cache_neg=0, clip=0.5, data_dir='./data/', detect_objects=False, device='cuda:0', dup_pos=0, exp_dir='./results/road_map_det_bce', exp_name='road_map_det_bce', finetune_ckpt_interval=0, finetune_learning_rate=0.01, finetune_obj='det_encoder', finetune_tasks=['custom_sup'], finetune_total_iters=200000, finetune_val_interval=2000, finetune_weight_decay=1e-05, gen_road_map=True, image_folder='/scratch/kk4161/DL_project/data', image_pretrain_obj='none', imagessl_load_ckpt='none', lambda_pirl=0.5, latent_dim=128, network_base='resnet18', num_negatives=1000, num_patches=9, num_queries=2, num_queries_percentage=0.25, num_workers=16, obj_det_head='retinanet', pretrain_ckpt_interval=0, pretrain_learning_rate=0.01, pretrain_task=['custom_un_image'], pretrain_total_iters=100000, pretrain_val_interval=2000, pretrain_weight_decay=1e-05, project_dim=128, report_interval=250, results_dir='./results/', road_map_loss='bce', sampling_type='image', synthesizer_nlayers=2, transfer_paradigm='tunable', use_memory_bank=1, view='normal', view_fusion_strategy='concat', view_pretrain_obj='none', viewssl_load_ckpt='none', vocab_size=64, warmup_iters=100)
2020-04-30 15:34:39,955 [MainThread  ] Start creating tasks
2020-04-30 15:34:39,955 [MainThread  ] Start loading data
2020-04-30 15:34:39,955 [MainThread  ] Loading custom_sup data
2020-04-30 15:34:40,429 [MainThread  ] Start creating models
2020-04-30 15:34:40,672 [MainThread  ] Loaded supervised model
2020-04-30 15:34:43,830 [MainThread  ] Setup trainer for custom_sup
2020-04-30 15:34:43,830 [MainThread  ] Start training custom_sup
2020-04-30 15:35:29,021 [MainThread  ] train batch 250 / 315 (iter 250), current average result {'loss': tensor(0.4683, grad_fn=<DivBackward0>), 'recon_loss': tensor(0.4683, grad_fn=<DivBackward0>), 'ts_road_map': tensor(0.4760, grad_fn=<DivBackward0>)}
2020-04-30 15:36:13,308 [MainThread  ] train batch 185 / 315 (iter 500), current average result {'loss': tensor(0.4045, grad_fn=<DivBackward0>), 'recon_loss': tensor(0.4045, grad_fn=<DivBackward0>), 'ts_road_map': tensor(0.5394, grad_fn=<DivBackward0>)}
2020-04-30 15:36:57,509 [MainThread  ] train batch 120 / 315 (iter 750), current average result {'loss': tensor(0.3648, grad_fn=<DivBackward0>), 'recon_loss': tensor(0.3648, grad_fn=<DivBackward0>), 'ts_road_map': tensor(0.5783, grad_fn=<DivBackward0>)}
2020-04-30 15:37:41,693 [MainThread  ] train batch 55 / 315 (iter 1000), current average result {'loss': tensor(0.3356, grad_fn=<DivBackward0>), 'recon_loss': tensor(0.3356, grad_fn=<DivBackward0>), 'ts_road_map': tensor(0.6078, grad_fn=<DivBackward0>)}
2020-04-30 15:38:21,272 [MainThread  ] train batch 305 / 315 (iter 1250), current average result {'loss': tensor(0.3116, grad_fn=<DivBackward0>), 'recon_loss': tensor(0.3116, grad_fn=<DivBackward0>), 'ts_road_map': tensor(0.6323, grad_fn=<DivBackward0>)}
2020-04-30 15:39:06,057 [MainThread  ] train batch 240 / 315 (iter 1500), current average result {'loss': tensor(0.2908, grad_fn=<DivBackward0>), 'recon_loss': tensor(0.2908, grad_fn=<DivBackward0>), 'ts_road_map': tensor(0.6535, grad_fn=<DivBackward0>)}
2020-04-30 15:39:50,297 [MainThread  ] train batch 175 / 315 (iter 1750), current average result {'loss': tensor(0.2736, grad_fn=<DivBackward0>), 'recon_loss': tensor(0.2736, grad_fn=<DivBackward0>), 'ts_road_map': tensor(0.6714, grad_fn=<DivBackward0>)}
2020-04-30 15:40:34,372 [MainThread  ] train batch 110 / 315 (iter 2000), current average result {'loss': tensor(0.2582, grad_fn=<DivBackward0>), 'recon_loss': tensor(0.2582, grad_fn=<DivBackward0>), 'ts_road_map': tensor(0.6880, grad_fn=<DivBackward0>)}
2020-04-30 15:40:34,372 [MainThread  ] Evaluate on  custom_sup:val data
2020-04-30 15:40:51,701 [MainThread  ] Evalutation complete
Average result {'loss': tensor(0.4984), 'recon_loss': tensor(0.4984), 'ts_road_map': tensor(0.7026)}
2020-04-30 15:40:51,702 [MainThread  ] Best validation updated: {'best_iter': 2000, 'current_iter': 2000, 'best_performance': tensor(0.4984)}
2020-04-30 15:40:51,789 [MainThread  ] Save parameters for ./results/road_map_det_bce/finetune_custom_sup_best.ckpt
2020-04-30 15:41:38,314 [MainThread  ] train batch 45 / 315 (iter 2250), current average result {'loss': tensor(0.1409, grad_fn=<DivBackward0>), 'recon_loss': tensor(0.1409, grad_fn=<DivBackward0>), 'ts_road_map': tensor(0.8152, grad_fn=<DivBackward0>)}
2020-04-30 15:42:20,536 [MainThread  ] train batch 295 / 315 (iter 2500), current average result {'loss': tensor(0.1336, grad_fn=<DivBackward0>), 'recon_loss': tensor(0.1336, grad_fn=<DivBackward0>), 'ts_road_map': tensor(0.8231, grad_fn=<DivBackward0>)}
2020-04-30 15:43:06,186 [MainThread  ] train batch 230 / 315 (iter 2750), current average result {'loss': tensor(0.1285, grad_fn=<DivBackward0>), 'recon_loss': tensor(0.1285, grad_fn=<DivBackward0>), 'ts_road_map': tensor(0.8297, grad_fn=<DivBackward0>)}
2020-04-30 15:43:51,022 [MainThread  ] train batch 165 / 315 (iter 3000), current average result {'loss': tensor(0.1232, grad_fn=<DivBackward0>), 'recon_loss': tensor(0.1232, grad_fn=<DivBackward0>), 'ts_road_map': tensor(0.8359, grad_fn=<DivBackward0>)}
2020-04-30 15:44:35,720 [MainThread  ] train batch 100 / 315 (iter 3250), current average result {'loss': tensor(0.1190, grad_fn=<DivBackward0>), 'recon_loss': tensor(0.1190, grad_fn=<DivBackward0>), 'ts_road_map': tensor(0.8413, grad_fn=<DivBackward0>)}
2020-04-30 15:45:20,346 [MainThread  ] train batch 35 / 315 (iter 3500), current average result {'loss': tensor(0.1155, grad_fn=<DivBackward0>), 'recon_loss': tensor(0.1155, grad_fn=<DivBackward0>), 'ts_road_map': tensor(0.8459, grad_fn=<DivBackward0>)}
2020-04-30 15:46:00,643 [MainThread  ] train batch 285 / 315 (iter 3750), current average result {'loss': tensor(0.1119, grad_fn=<DivBackward0>), 'recon_loss': tensor(0.1119, grad_fn=<DivBackward0>), 'ts_road_map': tensor(0.8504, grad_fn=<DivBackward0>)}
2020-04-30 15:46:45,392 [MainThread  ] train batch 220 / 315 (iter 4000), current average result {'loss': tensor(0.1086, grad_fn=<DivBackward0>), 'recon_loss': tensor(0.1086, grad_fn=<DivBackward0>), 'ts_road_map': tensor(0.8547, grad_fn=<DivBackward0>)}
2020-04-30 15:46:45,393 [MainThread  ] Evaluate on  custom_sup:val data
2020-04-30 15:46:58,815 [MainThread  ] Evalutation complete
Average result {'loss': tensor(0.6909), 'recon_loss': tensor(0.6909), 'ts_road_map': tensor(0.7250)}
2020-04-30 15:47:43,752 [MainThread  ] train batch 155 / 315 (iter 4250), current average result {'loss': tensor(0.0809, grad_fn=<DivBackward0>), 'recon_loss': tensor(0.0809, grad_fn=<DivBackward0>), 'ts_road_map': tensor(0.8900, grad_fn=<DivBackward0>)}
2020-04-30 15:48:28,475 [MainThread  ] train batch 90 / 315 (iter 4500), current average result {'loss': tensor(0.0800, grad_fn=<DivBackward0>), 'recon_loss': tensor(0.0800, grad_fn=<DivBackward0>), 'ts_road_map': tensor(0.8918, grad_fn=<DivBackward0>)}
2020-04-30 15:49:12,930 [MainThread  ] train batch 25 / 315 (iter 4750), current average result {'loss': tensor(0.0784, grad_fn=<DivBackward0>), 'recon_loss': tensor(0.0784, grad_fn=<DivBackward0>), 'ts_road_map': tensor(0.8937, grad_fn=<DivBackward0>)}
2020-04-30 15:49:53,198 [MainThread  ] train batch 275 / 315 (iter 5000), current average result {'loss': tensor(0.0767, grad_fn=<DivBackward0>), 'recon_loss': tensor(0.0767, grad_fn=<DivBackward0>), 'ts_road_map': tensor(0.8961, grad_fn=<DivBackward0>)}
2020-04-30 15:50:37,804 [MainThread  ] train batch 210 / 315 (iter 5250), current average result {'loss': tensor(0.0754, grad_fn=<DivBackward0>), 'recon_loss': tensor(0.0754, grad_fn=<DivBackward0>), 'ts_road_map': tensor(0.8979, grad_fn=<DivBackward0>)}
2020-04-30 15:51:22,442 [MainThread  ] train batch 145 / 315 (iter 5500), current average result {'loss': tensor(0.0740, grad_fn=<DivBackward0>), 'recon_loss': tensor(0.0740, grad_fn=<DivBackward0>), 'ts_road_map': tensor(0.8996, grad_fn=<DivBackward0>)}
2020-04-30 15:52:06,898 [MainThread  ] train batch 80 / 315 (iter 5750), current average result {'loss': tensor(0.0728, grad_fn=<DivBackward0>), 'recon_loss': tensor(0.0728, grad_fn=<DivBackward0>), 'ts_road_map': tensor(0.9013, grad_fn=<DivBackward0>)}
2020-04-30 15:52:51,148 [MainThread  ] train batch 15 / 315 (iter 6000), current average result {'loss': tensor(0.0716, grad_fn=<DivBackward0>), 'recon_loss': tensor(0.0716, grad_fn=<DivBackward0>), 'ts_road_map': tensor(0.9029, grad_fn=<DivBackward0>)}
2020-04-30 15:52:51,148 [MainThread  ] Evaluate on  custom_sup:val data
2020-04-30 15:53:02,715 [MainThread  ] Evalutation complete
Average result {'loss': tensor(0.7891), 'recon_loss': tensor(0.7891), 'ts_road_map': tensor(0.7209)}
2020-04-30 15:53:42,744 [MainThread  ] train batch 265 / 315 (iter 6250), current average result {'loss': tensor(0.0607, grad_fn=<DivBackward0>), 'recon_loss': tensor(0.0607, grad_fn=<DivBackward0>), 'ts_road_map': tensor(0.9174, grad_fn=<DivBackward0>)}
2020-04-30 15:54:27,454 [MainThread  ] train batch 200 / 315 (iter 6500), current average result {'loss': tensor(0.0604, grad_fn=<DivBackward0>), 'recon_loss': tensor(0.0604, grad_fn=<DivBackward0>), 'ts_road_map': tensor(0.9180, grad_fn=<DivBackward0>)}
2020-04-30 15:55:12,170 [MainThread  ] train batch 135 / 315 (iter 6750), current average result {'loss': tensor(0.0591, grad_fn=<DivBackward0>), 'recon_loss': tensor(0.0591, grad_fn=<DivBackward0>), 'ts_road_map': tensor(0.9194, grad_fn=<DivBackward0>)}
2020-04-30 15:55:56,871 [MainThread  ] train batch 70 / 315 (iter 7000), current average result {'loss': tensor(0.0588, grad_fn=<DivBackward0>), 'recon_loss': tensor(0.0588, grad_fn=<DivBackward0>), 'ts_road_map': tensor(0.9201, grad_fn=<DivBackward0>)}
2020-04-30 15:56:40,472 [MainThread  ] train batch 5 / 315 (iter 7250), current average result {'loss': tensor(0.0580, grad_fn=<DivBackward0>), 'recon_loss': tensor(0.0580, grad_fn=<DivBackward0>), 'ts_road_map': tensor(0.9211, grad_fn=<DivBackward0>)}
2020-04-30 15:57:21,672 [MainThread  ] train batch 255 / 315 (iter 7500), current average result {'loss': tensor(0.0572, grad_fn=<DivBackward0>), 'recon_loss': tensor(0.0572, grad_fn=<DivBackward0>), 'ts_road_map': tensor(0.9221, grad_fn=<DivBackward0>)}
2020-04-30 15:58:06,273 [MainThread  ] train batch 190 / 315 (iter 7750), current average result {'loss': tensor(0.0566, grad_fn=<DivBackward0>), 'recon_loss': tensor(0.0566, grad_fn=<DivBackward0>), 'ts_road_map': tensor(0.9230, grad_fn=<DivBackward0>)}
2020-04-30 15:58:50,702 [MainThread  ] train batch 125 / 315 (iter 8000), current average result {'loss': tensor(0.0559, grad_fn=<DivBackward0>), 'recon_loss': tensor(0.0559, grad_fn=<DivBackward0>), 'ts_road_map': tensor(0.9240, grad_fn=<DivBackward0>)}
2020-04-30 15:58:50,703 [MainThread  ] Evaluate on  custom_sup:val data
2020-04-30 15:59:02,910 [MainThread  ] Evalutation complete
Average result {'loss': tensor(0.8239), 'recon_loss': tensor(0.8239), 'ts_road_map': tensor(0.7259)}
2020-04-30 15:59:47,244 [MainThread  ] train batch 60 / 315 (iter 8250), current average result {'loss': tensor(0.0514, grad_fn=<DivBackward0>), 'recon_loss': tensor(0.0514, grad_fn=<DivBackward0>), 'ts_road_map': tensor(0.9301, grad_fn=<DivBackward0>)}
2020-04-30 16:00:26,929 [MainThread  ] train batch 310 / 315 (iter 8500), current average result {'loss': tensor(0.0502, grad_fn=<DivBackward0>), 'recon_loss': tensor(0.0502, grad_fn=<DivBackward0>), 'ts_road_map': tensor(0.9316, grad_fn=<DivBackward0>)}
2020-04-30 16:01:12,309 [MainThread  ] train batch 245 / 315 (iter 8750), current average result {'loss': tensor(0.0497, grad_fn=<DivBackward0>), 'recon_loss': tensor(0.0497, grad_fn=<DivBackward0>), 'ts_road_map': tensor(0.9323, grad_fn=<DivBackward0>)}
2020-04-30 16:01:57,116 [MainThread  ] train batch 180 / 315 (iter 9000), current average result {'loss': tensor(0.0491, grad_fn=<DivBackward0>), 'recon_loss': tensor(0.0491, grad_fn=<DivBackward0>), 'ts_road_map': tensor(0.9331, grad_fn=<DivBackward0>)}
2020-04-30 16:02:41,540 [MainThread  ] train batch 115 / 315 (iter 9250), current average result {'loss': tensor(0.0487, grad_fn=<DivBackward0>), 'recon_loss': tensor(0.0487, grad_fn=<DivBackward0>), 'ts_road_map': tensor(0.9336, grad_fn=<DivBackward0>)}
2020-04-30 16:03:26,110 [MainThread  ] train batch 50 / 315 (iter 9500), current average result {'loss': tensor(0.0482, grad_fn=<DivBackward0>), 'recon_loss': tensor(0.0482, grad_fn=<DivBackward0>), 'ts_road_map': tensor(0.9342, grad_fn=<DivBackward0>)}
2020-04-30 16:04:05,919 [MainThread  ] train batch 300 / 315 (iter 9750), current average result {'loss': tensor(0.0478, grad_fn=<DivBackward0>), 'recon_loss': tensor(0.0478, grad_fn=<DivBackward0>), 'ts_road_map': tensor(0.9348, grad_fn=<DivBackward0>)}
2020-04-30 16:04:51,072 [MainThread  ] train batch 235 / 315 (iter 10000), current average result {'loss': tensor(0.0474, grad_fn=<DivBackward0>), 'recon_loss': tensor(0.0474, grad_fn=<DivBackward0>), 'ts_road_map': tensor(0.9353, grad_fn=<DivBackward0>)}
2020-04-30 16:04:51,073 [MainThread  ] Evaluate on  custom_sup:val data
2020-04-30 16:05:03,502 [MainThread  ] Evalutation complete
Average result {'loss': tensor(0.8918), 'recon_loss': tensor(0.8918), 'ts_road_map': tensor(0.7320)}
2020-04-30 16:05:48,386 [MainThread  ] train batch 170 / 315 (iter 10250), current average result {'loss': tensor(0.0446, grad_fn=<DivBackward0>), 'recon_loss': tensor(0.0446, grad_fn=<DivBackward0>), 'ts_road_map': tensor(0.9393, grad_fn=<DivBackward0>)}
2020-04-30 16:06:33,510 [MainThread  ] train batch 105 / 315 (iter 10500), current average result {'loss': tensor(0.0441, grad_fn=<DivBackward0>), 'recon_loss': tensor(0.0441, grad_fn=<DivBackward0>), 'ts_road_map': tensor(0.9399, grad_fn=<DivBackward0>)}
2020-04-30 16:07:18,849 [MainThread  ] train batch 40 / 315 (iter 10750), current average result {'loss': tensor(0.0437, grad_fn=<DivBackward0>), 'recon_loss': tensor(0.0437, grad_fn=<DivBackward0>), 'ts_road_map': tensor(0.9403, grad_fn=<DivBackward0>)}
2020-04-30 16:07:59,113 [MainThread  ] train batch 290 / 315 (iter 11000), current average result {'loss': tensor(0.0433, grad_fn=<DivBackward0>), 'recon_loss': tensor(0.0433, grad_fn=<DivBackward0>), 'ts_road_map': tensor(0.9408, grad_fn=<DivBackward0>)}
2020-04-30 16:08:44,039 [MainThread  ] train batch 225 / 315 (iter 11250), current average result {'loss': tensor(0.0430, grad_fn=<DivBackward0>), 'recon_loss': tensor(0.0430, grad_fn=<DivBackward0>), 'ts_road_map': tensor(0.9413, grad_fn=<DivBackward0>)}
2020-04-30 16:09:28,571 [MainThread  ] train batch 160 / 315 (iter 11500), current average result {'loss': tensor(0.0427, grad_fn=<DivBackward0>), 'recon_loss': tensor(0.0427, grad_fn=<DivBackward0>), 'ts_road_map': tensor(0.9417, grad_fn=<DivBackward0>)}
2020-04-30 16:10:12,916 [MainThread  ] train batch 95 / 315 (iter 11750), current average result {'loss': tensor(0.0424, grad_fn=<DivBackward0>), 'recon_loss': tensor(0.0424, grad_fn=<DivBackward0>), 'ts_road_map': tensor(0.9421, grad_fn=<DivBackward0>)}
2020-04-30 16:10:57,346 [MainThread  ] train batch 30 / 315 (iter 12000), current average result {'loss': tensor(0.0421, grad_fn=<DivBackward0>), 'recon_loss': tensor(0.0421, grad_fn=<DivBackward0>), 'ts_road_map': tensor(0.9424, grad_fn=<DivBackward0>)}
2020-04-30 16:10:57,347 [MainThread  ] Evaluate on  custom_sup:val data
2020-04-30 16:11:09,049 [MainThread  ] Evalutation complete
Average result {'loss': tensor(0.9622), 'recon_loss': tensor(0.9622), 'ts_road_map': tensor(0.7288)}
2020-04-30 16:11:49,415 [MainThread  ] train batch 280 / 315 (iter 12250), current average result {'loss': tensor(0.0396, grad_fn=<DivBackward0>), 'recon_loss': tensor(0.0396, grad_fn=<DivBackward0>), 'ts_road_map': tensor(0.9458, grad_fn=<DivBackward0>)}
2020-04-30 16:12:34,247 [MainThread  ] train batch 215 / 315 (iter 12500), current average result {'loss': tensor(0.0395, grad_fn=<DivBackward0>), 'recon_loss': tensor(0.0395, grad_fn=<DivBackward0>), 'ts_road_map': tensor(0.9458, grad_fn=<DivBackward0>)}
2020-04-30 16:13:18,883 [MainThread  ] train batch 150 / 315 (iter 12750), current average result {'loss': tensor(0.0394, grad_fn=<DivBackward0>), 'recon_loss': tensor(0.0394, grad_fn=<DivBackward0>), 'ts_road_map': tensor(0.9461, grad_fn=<DivBackward0>)}
2020-04-30 16:14:03,596 [MainThread  ] train batch 85 / 315 (iter 13000), current average result {'loss': tensor(0.0392, grad_fn=<DivBackward0>), 'recon_loss': tensor(0.0392, grad_fn=<DivBackward0>), 'ts_road_map': tensor(0.9463, grad_fn=<DivBackward0>)}
2020-04-30 16:14:47,974 [MainThread  ] train batch 20 / 315 (iter 13250), current average result {'loss': tensor(0.0389, grad_fn=<DivBackward0>), 'recon_loss': tensor(0.0389, grad_fn=<DivBackward0>), 'ts_road_map': tensor(0.9466, grad_fn=<DivBackward0>)}
2020-04-30 16:15:28,493 [MainThread  ] train batch 270 / 315 (iter 13500), current average result {'loss': tensor(0.0387, grad_fn=<DivBackward0>), 'recon_loss': tensor(0.0387, grad_fn=<DivBackward0>), 'ts_road_map': tensor(0.9470, grad_fn=<DivBackward0>)}
2020-04-30 16:16:13,115 [MainThread  ] train batch 205 / 315 (iter 13750), current average result {'loss': tensor(0.0385, grad_fn=<DivBackward0>), 'recon_loss': tensor(0.0385, grad_fn=<DivBackward0>), 'ts_road_map': tensor(0.9473, grad_fn=<DivBackward0>)}
2020-04-30 16:16:57,643 [MainThread  ] train batch 140 / 315 (iter 14000), current average result {'loss': tensor(0.0383, grad_fn=<DivBackward0>), 'recon_loss': tensor(0.0383, grad_fn=<DivBackward0>), 'ts_road_map': tensor(0.9474, grad_fn=<DivBackward0>)}
2020-04-30 16:16:57,644 [MainThread  ] Evaluate on  custom_sup:val data
2020-04-30 16:17:08,998 [MainThread  ] Evalutation complete
Average result {'loss': tensor(0.9449), 'recon_loss': tensor(0.9449), 'ts_road_map': tensor(0.7314)}
2020-04-30 16:17:53,419 [MainThread  ] train batch 75 / 315 (iter 14250), current average result {'loss': tensor(0.0360, grad_fn=<DivBackward0>), 'recon_loss': tensor(0.0360, grad_fn=<DivBackward0>), 'ts_road_map': tensor(0.9501, grad_fn=<DivBackward0>)}
2020-04-30 16:18:37,978 [MainThread  ] train batch 10 / 315 (iter 14500), current average result {'loss': tensor(0.0361, grad_fn=<DivBackward0>), 'recon_loss': tensor(0.0361, grad_fn=<DivBackward0>), 'ts_road_map': tensor(0.9503, grad_fn=<DivBackward0>)}
2020-04-30 16:19:18,379 [MainThread  ] train batch 260 / 315 (iter 14750), current average result {'loss': tensor(0.0359, grad_fn=<DivBackward0>), 'recon_loss': tensor(0.0359, grad_fn=<DivBackward0>), 'ts_road_map': tensor(0.9506, grad_fn=<DivBackward0>)}
2020-04-30 16:20:03,015 [MainThread  ] train batch 195 / 315 (iter 15000), current average result {'loss': tensor(0.0358, grad_fn=<DivBackward0>), 'recon_loss': tensor(0.0358, grad_fn=<DivBackward0>), 'ts_road_map': tensor(0.9507, grad_fn=<DivBackward0>)}
2020-04-30 16:20:47,521 [MainThread  ] train batch 130 / 315 (iter 15250), current average result {'loss': tensor(0.0356, grad_fn=<DivBackward0>), 'recon_loss': tensor(0.0356, grad_fn=<DivBackward0>), 'ts_road_map': tensor(0.9510, grad_fn=<DivBackward0>)}
2020-04-30 16:21:32,385 [MainThread  ] train batch 65 / 315 (iter 15500), current average result {'loss': tensor(0.0355, grad_fn=<DivBackward0>), 'recon_loss': tensor(0.0355, grad_fn=<DivBackward0>), 'ts_road_map': tensor(0.9511, grad_fn=<DivBackward0>)}
2020-04-30 16:36:04,636 [MainThread  ] Experiment road_map_det_bce
2020-04-30 16:36:04,643 [MainThread  ] Receive config Namespace(batch_size=8, beta_ema=0.5, blobs_strategy='encoder_fused', cache_neg=0, clip=0.5, data_dir='./data/', detect_objects=False, device='cuda:0', dup_pos=0, exp_dir='./results/road_map_det_bce', exp_name='road_map_det_bce', finetune_ckpt_interval=0, finetune_learning_rate=0.001, finetune_obj='det_encoder', finetune_tasks=['custom_sup'], finetune_total_iters=200000, finetune_val_interval=2000, finetune_weight_decay=1e-05, gen_road_map=True, image_folder='/scratch/kk4161/DL_project/data', image_pretrain_obj='none', imagessl_load_ckpt='none', lambda_pirl=0.5, latent_dim=128, network_base='resnet18', num_negatives=1000, num_patches=9, num_queries=2, num_queries_percentage=0.25, num_workers=16, obj_det_head='retinanet', pretrain_ckpt_interval=0, pretrain_learning_rate=0.01, pretrain_task=['custom_un_image'], pretrain_total_iters=100000, pretrain_val_interval=2000, pretrain_weight_decay=1e-05, project_dim=128, report_interval=250, results_dir='./results/', road_map_loss='bce', sampling_type='image', synthesizer_nlayers=2, transfer_paradigm='tunable', use_memory_bank=1, view='normal', view_fusion_strategy='concat', view_pretrain_obj='none', viewssl_load_ckpt='none', vocab_size=64, warmup_iters=100)
2020-04-30 16:36:04,643 [MainThread  ] Start creating tasks
2020-04-30 16:36:04,643 [MainThread  ] Start loading data
2020-04-30 16:36:04,643 [MainThread  ] Loading custom_sup data
2020-04-30 16:36:05,019 [MainThread  ] Start creating models
2020-04-30 16:36:05,255 [MainThread  ] Loaded supervised model
2020-04-30 16:36:08,343 [MainThread  ] Setup trainer for custom_sup
2020-04-30 16:36:08,344 [MainThread  ] Start training custom_sup
2020-04-30 16:36:53,564 [MainThread  ] train batch 250 / 315 (iter 250), current average result {'ts_road_map': tensor(0.2861, grad_fn=<DivBackward0>), 'recon_loss': tensor(0.6683, grad_fn=<DivBackward0>), 'loss': tensor(0.6683, grad_fn=<DivBackward0>)}
2020-04-30 16:37:37,913 [MainThread  ] train batch 185 / 315 (iter 500), current average result {'ts_road_map': tensor(0.3396, grad_fn=<DivBackward0>), 'recon_loss': tensor(0.6034, grad_fn=<DivBackward0>), 'loss': tensor(0.6034, grad_fn=<DivBackward0>)}
2020-04-30 16:38:22,524 [MainThread  ] train batch 120 / 315 (iter 750), current average result {'ts_road_map': tensor(0.3819, grad_fn=<DivBackward0>), 'recon_loss': tensor(0.5584, grad_fn=<DivBackward0>), 'loss': tensor(0.5584, grad_fn=<DivBackward0>)}
2020-04-30 16:39:06,890 [MainThread  ] train batch 55 / 315 (iter 1000), current average result {'ts_road_map': tensor(0.4127, grad_fn=<DivBackward0>), 'recon_loss': tensor(0.5275, grad_fn=<DivBackward0>), 'loss': tensor(0.5275, grad_fn=<DivBackward0>)}
2020-04-30 16:39:46,566 [MainThread  ] train batch 305 / 315 (iter 1250), current average result {'ts_road_map': tensor(0.4364, grad_fn=<DivBackward0>), 'recon_loss': tensor(0.5036, grad_fn=<DivBackward0>), 'loss': tensor(0.5036, grad_fn=<DivBackward0>)}
2020-04-30 16:40:31,583 [MainThread  ] train batch 240 / 315 (iter 1500), current average result {'ts_road_map': tensor(0.4551, grad_fn=<DivBackward0>), 'recon_loss': tensor(0.4847, grad_fn=<DivBackward0>), 'loss': tensor(0.4847, grad_fn=<DivBackward0>)}
2020-04-30 16:41:15,987 [MainThread  ] train batch 175 / 315 (iter 1750), current average result {'ts_road_map': tensor(0.4703, grad_fn=<DivBackward0>), 'recon_loss': tensor(0.4697, grad_fn=<DivBackward0>), 'loss': tensor(0.4697, grad_fn=<DivBackward0>)}
2020-04-30 16:42:00,537 [MainThread  ] train batch 110 / 315 (iter 2000), current average result {'ts_road_map': tensor(0.4830, grad_fn=<DivBackward0>), 'recon_loss': tensor(0.4571, grad_fn=<DivBackward0>), 'loss': tensor(0.4571, grad_fn=<DivBackward0>)}
2020-04-30 16:42:00,537 [MainThread  ] Evaluate on  custom_sup:val data
2020-04-30 16:42:11,747 [MainThread  ] Evalutation complete
Average result {'ts_road_map': tensor(0.5993), 'recon_loss': tensor(0.4253), 'loss': tensor(0.4253)}
2020-04-30 16:42:11,747 [MainThread  ] Best validation updated: {'best_performance': tensor(0.4253), 'current_iter': 2000, 'best_iter': 2000}
2020-04-30 16:42:11,829 [MainThread  ] Save parameters for ./results/road_map_det_bce/finetune_custom_sup_best.ckpt
2020-04-30 16:42:56,240 [MainThread  ] train batch 45 / 315 (iter 2250), current average result {'ts_road_map': tensor(0.5771, grad_fn=<DivBackward0>), 'recon_loss': tensor(0.3631, grad_fn=<DivBackward0>), 'loss': tensor(0.3631, grad_fn=<DivBackward0>)}
2020-04-30 16:43:36,310 [MainThread  ] train batch 295 / 315 (iter 2500), current average result {'ts_road_map': tensor(0.5816, grad_fn=<DivBackward0>), 'recon_loss': tensor(0.3591, grad_fn=<DivBackward0>), 'loss': tensor(0.3591, grad_fn=<DivBackward0>)}
2020-04-30 16:44:21,282 [MainThread  ] train batch 230 / 315 (iter 2750), current average result {'ts_road_map': tensor(0.5847, grad_fn=<DivBackward0>), 'recon_loss': tensor(0.3548, grad_fn=<DivBackward0>), 'loss': tensor(0.3548, grad_fn=<DivBackward0>)}
2020-04-30 16:45:06,157 [MainThread  ] train batch 165 / 315 (iter 3000), current average result {'ts_road_map': tensor(0.5872, grad_fn=<DivBackward0>), 'recon_loss': tensor(0.3530, grad_fn=<DivBackward0>), 'loss': tensor(0.3530, grad_fn=<DivBackward0>)}
2020-04-30 16:45:50,853 [MainThread  ] train batch 100 / 315 (iter 3250), current average result {'ts_road_map': tensor(0.5918, grad_fn=<DivBackward0>), 'recon_loss': tensor(0.3478, grad_fn=<DivBackward0>), 'loss': tensor(0.3478, grad_fn=<DivBackward0>)}
2020-04-30 16:46:35,517 [MainThread  ] train batch 35 / 315 (iter 3500), current average result {'ts_road_map': tensor(0.5948, grad_fn=<DivBackward0>), 'recon_loss': tensor(0.3445, grad_fn=<DivBackward0>), 'loss': tensor(0.3445, grad_fn=<DivBackward0>)}
2020-04-30 16:47:15,818 [MainThread  ] train batch 285 / 315 (iter 3750), current average result {'ts_road_map': tensor(0.5988, grad_fn=<DivBackward0>), 'recon_loss': tensor(0.3407, grad_fn=<DivBackward0>), 'loss': tensor(0.3407, grad_fn=<DivBackward0>)}
2020-04-30 16:48:00,797 [MainThread  ] train batch 220 / 315 (iter 4000), current average result {'ts_road_map': tensor(0.6022, grad_fn=<DivBackward0>), 'recon_loss': tensor(0.3369, grad_fn=<DivBackward0>), 'loss': tensor(0.3369, grad_fn=<DivBackward0>)}
2020-04-30 16:48:00,798 [MainThread  ] Evaluate on  custom_sup:val data
2020-04-30 16:48:11,985 [MainThread  ] Evalutation complete
Average result {'ts_road_map': tensor(0.6077), 'recon_loss': tensor(0.4452), 'loss': tensor(0.4452)}
2020-04-30 16:48:56,551 [MainThread  ] train batch 155 / 315 (iter 4250), current average result {'ts_road_map': tensor(0.6303, grad_fn=<DivBackward0>), 'recon_loss': tensor(0.3096, grad_fn=<DivBackward0>), 'loss': tensor(0.3096, grad_fn=<DivBackward0>)}
2020-04-30 16:49:41,461 [MainThread  ] train batch 90 / 315 (iter 4500), current average result {'ts_road_map': tensor(0.6364, grad_fn=<DivBackward0>), 'recon_loss': tensor(0.3037, grad_fn=<DivBackward0>), 'loss': tensor(0.3037, grad_fn=<DivBackward0>)}
2020-04-30 16:50:26,144 [MainThread  ] train batch 25 / 315 (iter 4750), current average result {'ts_road_map': tensor(0.6384, grad_fn=<DivBackward0>), 'recon_loss': tensor(0.3011, grad_fn=<DivBackward0>), 'loss': tensor(0.3011, grad_fn=<DivBackward0>)}
2020-04-30 16:51:06,653 [MainThread  ] train batch 275 / 315 (iter 5000), current average result {'ts_road_map': tensor(0.6415, grad_fn=<DivBackward0>), 'recon_loss': tensor(0.2982, grad_fn=<DivBackward0>), 'loss': tensor(0.2982, grad_fn=<DivBackward0>)}
2020-04-30 16:51:51,379 [MainThread  ] train batch 210 / 315 (iter 5250), current average result {'ts_road_map': tensor(0.6445, grad_fn=<DivBackward0>), 'recon_loss': tensor(0.2950, grad_fn=<DivBackward0>), 'loss': tensor(0.2950, grad_fn=<DivBackward0>)}
2020-04-30 16:52:35,963 [MainThread  ] train batch 145 / 315 (iter 5500), current average result {'ts_road_map': tensor(0.6474, grad_fn=<DivBackward0>), 'recon_loss': tensor(0.2921, grad_fn=<DivBackward0>), 'loss': tensor(0.2921, grad_fn=<DivBackward0>)}
2020-04-30 16:53:20,758 [MainThread  ] train batch 80 / 315 (iter 5750), current average result {'ts_road_map': tensor(0.6499, grad_fn=<DivBackward0>), 'recon_loss': tensor(0.2897, grad_fn=<DivBackward0>), 'loss': tensor(0.2897, grad_fn=<DivBackward0>)}
2020-04-30 16:54:05,455 [MainThread  ] train batch 15 / 315 (iter 6000), current average result {'ts_road_map': tensor(0.6527, grad_fn=<DivBackward0>), 'recon_loss': tensor(0.2870, grad_fn=<DivBackward0>), 'loss': tensor(0.2870, grad_fn=<DivBackward0>)}
2020-04-30 16:54:05,455 [MainThread  ] Evaluate on  custom_sup:val data
2020-04-30 16:54:16,851 [MainThread  ] Evalutation complete
Average result {'ts_road_map': tensor(0.6084), 'recon_loss': tensor(0.4820), 'loss': tensor(0.4820)}
2020-04-30 16:54:57,153 [MainThread  ] train batch 265 / 315 (iter 6250), current average result {'ts_road_map': tensor(0.6759, grad_fn=<DivBackward0>), 'recon_loss': tensor(0.2643, grad_fn=<DivBackward0>), 'loss': tensor(0.2643, grad_fn=<DivBackward0>)}
2020-04-30 16:55:41,825 [MainThread  ] train batch 200 / 315 (iter 6500), current average result {'ts_road_map': tensor(0.6806, grad_fn=<DivBackward0>), 'recon_loss': tensor(0.2596, grad_fn=<DivBackward0>), 'loss': tensor(0.2596, grad_fn=<DivBackward0>)}
2020-04-30 16:56:26,799 [MainThread  ] train batch 135 / 315 (iter 6750), current average result {'ts_road_map': tensor(0.6809, grad_fn=<DivBackward0>), 'recon_loss': tensor(0.2592, grad_fn=<DivBackward0>), 'loss': tensor(0.2592, grad_fn=<DivBackward0>)}
2020-04-30 16:57:11,444 [MainThread  ] train batch 70 / 315 (iter 7000), current average result {'ts_road_map': tensor(0.6838, grad_fn=<DivBackward0>), 'recon_loss': tensor(0.2565, grad_fn=<DivBackward0>), 'loss': tensor(0.2565, grad_fn=<DivBackward0>)}
2020-04-30 16:57:55,563 [MainThread  ] train batch 5 / 315 (iter 7250), current average result {'ts_road_map': tensor(0.6856, grad_fn=<DivBackward0>), 'recon_loss': tensor(0.2548, grad_fn=<DivBackward0>), 'loss': tensor(0.2548, grad_fn=<DivBackward0>)}
2020-04-30 16:58:36,613 [MainThread  ] train batch 255 / 315 (iter 7500), current average result {'ts_road_map': tensor(0.6878, grad_fn=<DivBackward0>), 'recon_loss': tensor(0.2528, grad_fn=<DivBackward0>), 'loss': tensor(0.2528, grad_fn=<DivBackward0>)}
2020-04-30 16:59:21,622 [MainThread  ] train batch 190 / 315 (iter 7750), current average result {'ts_road_map': tensor(0.6898, grad_fn=<DivBackward0>), 'recon_loss': tensor(0.2508, grad_fn=<DivBackward0>), 'loss': tensor(0.2508, grad_fn=<DivBackward0>)}
2020-04-30 17:00:06,233 [MainThread  ] train batch 125 / 315 (iter 8000), current average result {'ts_road_map': tensor(0.6920, grad_fn=<DivBackward0>), 'recon_loss': tensor(0.2490, grad_fn=<DivBackward0>), 'loss': tensor(0.2490, grad_fn=<DivBackward0>)}
2020-04-30 17:00:06,234 [MainThread  ] Evaluate on  custom_sup:val data
2020-04-30 17:00:17,295 [MainThread  ] Evalutation complete
Average result {'ts_road_map': tensor(0.6194), 'recon_loss': tensor(0.4810), 'loss': tensor(0.4810)}
2020-04-30 17:01:01,820 [MainThread  ] train batch 60 / 315 (iter 8250), current average result {'ts_road_map': tensor(0.7109, grad_fn=<DivBackward0>), 'recon_loss': tensor(0.2311, grad_fn=<DivBackward0>), 'loss': tensor(0.2311, grad_fn=<DivBackward0>)}
2020-04-30 17:01:41,674 [MainThread  ] train batch 310 / 315 (iter 8500), current average result {'ts_road_map': tensor(0.7118, grad_fn=<DivBackward0>), 'recon_loss': tensor(0.2298, grad_fn=<DivBackward0>), 'loss': tensor(0.2298, grad_fn=<DivBackward0>)}
2020-04-30 17:02:27,259 [MainThread  ] train batch 245 / 315 (iter 8750), current average result {'ts_road_map': tensor(0.7138, grad_fn=<DivBackward0>), 'recon_loss': tensor(0.2277, grad_fn=<DivBackward0>), 'loss': tensor(0.2277, grad_fn=<DivBackward0>)}
2020-04-30 17:03:12,120 [MainThread  ] train batch 180 / 315 (iter 9000), current average result {'ts_road_map': tensor(0.7163, grad_fn=<DivBackward0>), 'recon_loss': tensor(0.2256, grad_fn=<DivBackward0>), 'loss': tensor(0.2256, grad_fn=<DivBackward0>)}
2020-04-30 17:03:56,720 [MainThread  ] train batch 115 / 315 (iter 9250), current average result {'ts_road_map': tensor(0.7179, grad_fn=<DivBackward0>), 'recon_loss': tensor(0.2245, grad_fn=<DivBackward0>), 'loss': tensor(0.2245, grad_fn=<DivBackward0>)}
2020-04-30 17:04:41,400 [MainThread  ] train batch 50 / 315 (iter 9500), current average result {'ts_road_map': tensor(0.7194, grad_fn=<DivBackward0>), 'recon_loss': tensor(0.2230, grad_fn=<DivBackward0>), 'loss': tensor(0.2230, grad_fn=<DivBackward0>)}
2020-04-30 17:05:21,330 [MainThread  ] train batch 300 / 315 (iter 9750), current average result {'ts_road_map': tensor(0.7211, grad_fn=<DivBackward0>), 'recon_loss': tensor(0.2215, grad_fn=<DivBackward0>), 'loss': tensor(0.2215, grad_fn=<DivBackward0>)}
2020-04-30 17:06:06,592 [MainThread  ] train batch 235 / 315 (iter 10000), current average result {'ts_road_map': tensor(0.7229, grad_fn=<DivBackward0>), 'recon_loss': tensor(0.2197, grad_fn=<DivBackward0>), 'loss': tensor(0.2197, grad_fn=<DivBackward0>)}
2020-04-30 17:06:06,593 [MainThread  ] Evaluate on  custom_sup:val data
2020-04-30 17:06:18,168 [MainThread  ] Evalutation complete
Average result {'ts_road_map': tensor(0.6346), 'recon_loss': tensor(0.4745), 'loss': tensor(0.4745)}
2020-04-30 17:07:02,737 [MainThread  ] train batch 170 / 315 (iter 10250), current average result {'ts_road_map': tensor(0.7344, grad_fn=<DivBackward0>), 'recon_loss': tensor(0.2083, grad_fn=<DivBackward0>), 'loss': tensor(0.2083, grad_fn=<DivBackward0>)}
2020-04-30 17:07:47,308 [MainThread  ] train batch 105 / 315 (iter 10500), current average result {'ts_road_map': tensor(0.7378, grad_fn=<DivBackward0>), 'recon_loss': tensor(0.2062, grad_fn=<DivBackward0>), 'loss': tensor(0.2062, grad_fn=<DivBackward0>)}
2020-04-30 17:08:31,703 [MainThread  ] train batch 40 / 315 (iter 10750), current average result {'ts_road_map': tensor(0.7395, grad_fn=<DivBackward0>), 'recon_loss': tensor(0.2049, grad_fn=<DivBackward0>), 'loss': tensor(0.2049, grad_fn=<DivBackward0>)}
2020-04-30 17:09:11,960 [MainThread  ] train batch 290 / 315 (iter 11000), current average result {'ts_road_map': tensor(0.7417, grad_fn=<DivBackward0>), 'recon_loss': tensor(0.2027, grad_fn=<DivBackward0>), 'loss': tensor(0.2027, grad_fn=<DivBackward0>)}
2020-04-30 17:09:56,983 [MainThread  ] train batch 225 / 315 (iter 11250), current average result {'ts_road_map': tensor(0.7429, grad_fn=<DivBackward0>), 'recon_loss': tensor(0.2016, grad_fn=<DivBackward0>), 'loss': tensor(0.2016, grad_fn=<DivBackward0>)}
2020-04-30 17:10:41,867 [MainThread  ] train batch 160 / 315 (iter 11500), current average result {'ts_road_map': tensor(0.7446, grad_fn=<DivBackward0>), 'recon_loss': tensor(0.2000, grad_fn=<DivBackward0>), 'loss': tensor(0.2000, grad_fn=<DivBackward0>)}
2020-04-30 17:11:26,584 [MainThread  ] train batch 95 / 315 (iter 11750), current average result {'ts_road_map': tensor(0.7461, grad_fn=<DivBackward0>), 'recon_loss': tensor(0.1988, grad_fn=<DivBackward0>), 'loss': tensor(0.1988, grad_fn=<DivBackward0>)}
2020-04-30 17:12:11,115 [MainThread  ] train batch 30 / 315 (iter 12000), current average result {'ts_road_map': tensor(0.7475, grad_fn=<DivBackward0>), 'recon_loss': tensor(0.1974, grad_fn=<DivBackward0>), 'loss': tensor(0.1974, grad_fn=<DivBackward0>)}
2020-04-30 17:12:11,121 [MainThread  ] Evaluate on  custom_sup:val data
2020-04-30 17:12:22,191 [MainThread  ] Evalutation complete
Average result {'ts_road_map': tensor(0.6533), 'recon_loss': tensor(0.4420), 'loss': tensor(0.4420)}
2020-04-30 17:13:02,568 [MainThread  ] train batch 280 / 315 (iter 12250), current average result {'ts_road_map': tensor(0.7586, grad_fn=<DivBackward0>), 'recon_loss': tensor(0.1881, grad_fn=<DivBackward0>), 'loss': tensor(0.1881, grad_fn=<DivBackward0>)}
2020-04-30 17:13:47,570 [MainThread  ] train batch 215 / 315 (iter 12500), current average result {'ts_road_map': tensor(0.7619, grad_fn=<DivBackward0>), 'recon_loss': tensor(0.1845, grad_fn=<DivBackward0>), 'loss': tensor(0.1845, grad_fn=<DivBackward0>)}
2020-04-30 17:14:32,181 [MainThread  ] train batch 150 / 315 (iter 12750), current average result {'ts_road_map': tensor(0.7628, grad_fn=<DivBackward0>), 'recon_loss': tensor(0.1839, grad_fn=<DivBackward0>), 'loss': tensor(0.1839, grad_fn=<DivBackward0>)}
2020-04-30 17:15:16,879 [MainThread  ] train batch 85 / 315 (iter 13000), current average result {'ts_road_map': tensor(0.7639, grad_fn=<DivBackward0>), 'recon_loss': tensor(0.1827, grad_fn=<DivBackward0>), 'loss': tensor(0.1827, grad_fn=<DivBackward0>)}
2020-04-30 17:16:01,071 [MainThread  ] train batch 20 / 315 (iter 13250), current average result {'ts_road_map': tensor(0.7653, grad_fn=<DivBackward0>), 'recon_loss': tensor(0.1816, grad_fn=<DivBackward0>), 'loss': tensor(0.1816, grad_fn=<DivBackward0>)}
2020-04-30 17:16:42,120 [MainThread  ] train batch 270 / 315 (iter 13500), current average result {'ts_road_map': tensor(0.7664, grad_fn=<DivBackward0>), 'recon_loss': tensor(0.1806, grad_fn=<DivBackward0>), 'loss': tensor(0.1806, grad_fn=<DivBackward0>)}
2020-04-30 17:17:27,033 [MainThread  ] train batch 205 / 315 (iter 13750), current average result {'ts_road_map': tensor(0.7678, grad_fn=<DivBackward0>), 'recon_loss': tensor(0.1790, grad_fn=<DivBackward0>), 'loss': tensor(0.1790, grad_fn=<DivBackward0>)}
2020-04-30 17:18:11,821 [MainThread  ] train batch 140 / 315 (iter 14000), current average result {'ts_road_map': tensor(0.7689, grad_fn=<DivBackward0>), 'recon_loss': tensor(0.1783, grad_fn=<DivBackward0>), 'loss': tensor(0.1783, grad_fn=<DivBackward0>)}
2020-04-30 17:18:11,822 [MainThread  ] Evaluate on  custom_sup:val data
2020-04-30 17:18:23,237 [MainThread  ] Evalutation complete
Average result {'ts_road_map': tensor(0.6684), 'recon_loss': tensor(0.4322), 'loss': tensor(0.4322)}
2020-04-30 17:19:07,816 [MainThread  ] train batch 75 / 315 (iter 14250), current average result {'ts_road_map': tensor(0.7809, grad_fn=<DivBackward0>), 'recon_loss': tensor(0.1677, grad_fn=<DivBackward0>), 'loss': tensor(0.1677, grad_fn=<DivBackward0>)}
2020-04-30 17:19:51,470 [MainThread  ] train batch 10 / 315 (iter 14500), current average result {'ts_road_map': tensor(0.7818, grad_fn=<DivBackward0>), 'recon_loss': tensor(0.1672, grad_fn=<DivBackward0>), 'loss': tensor(0.1672, grad_fn=<DivBackward0>)}
2020-04-30 17:20:33,372 [MainThread  ] train batch 260 / 315 (iter 14750), current average result {'ts_road_map': tensor(0.7827, grad_fn=<DivBackward0>), 'recon_loss': tensor(0.1665, grad_fn=<DivBackward0>), 'loss': tensor(0.1665, grad_fn=<DivBackward0>)}
2020-04-30 17:21:18,287 [MainThread  ] train batch 195 / 315 (iter 15000), current average result {'ts_road_map': tensor(0.7837, grad_fn=<DivBackward0>), 'recon_loss': tensor(0.1655, grad_fn=<DivBackward0>), 'loss': tensor(0.1655, grad_fn=<DivBackward0>)}
2020-04-30 17:22:03,309 [MainThread  ] train batch 130 / 315 (iter 15250), current average result {'ts_road_map': tensor(0.7843, grad_fn=<DivBackward0>), 'recon_loss': tensor(0.1648, grad_fn=<DivBackward0>), 'loss': tensor(0.1648, grad_fn=<DivBackward0>)}
2020-04-30 17:22:48,094 [MainThread  ] train batch 65 / 315 (iter 15500), current average result {'ts_road_map': tensor(0.7855, grad_fn=<DivBackward0>), 'recon_loss': tensor(0.1638, grad_fn=<DivBackward0>), 'loss': tensor(0.1638, grad_fn=<DivBackward0>)}
2020-04-30 17:23:27,725 [MainThread  ] train batch 315 / 315 (iter 15750), current average result {'ts_road_map': tensor(0.7867, grad_fn=<DivBackward0>), 'recon_loss': tensor(0.1629, grad_fn=<DivBackward0>), 'loss': tensor(0.1629, grad_fn=<DivBackward0>)}
2020-04-30 17:24:13,468 [MainThread  ] train batch 250 / 315 (iter 16000), current average result {'ts_road_map': tensor(0.7877, grad_fn=<DivBackward0>), 'recon_loss': tensor(0.1620, grad_fn=<DivBackward0>), 'loss': tensor(0.1620, grad_fn=<DivBackward0>)}
2020-04-30 17:24:13,468 [MainThread  ] Evaluate on  custom_sup:val data
2020-04-30 17:24:24,281 [MainThread  ] Evalutation complete
Average result {'ts_road_map': tensor(0.6773), 'recon_loss': tensor(0.4426), 'loss': tensor(0.4426)}
2020-04-30 17:25:08,985 [MainThread  ] train batch 185 / 315 (iter 16250), current average result {'ts_road_map': tensor(0.7962, grad_fn=<DivBackward0>), 'recon_loss': tensor(0.1546, grad_fn=<DivBackward0>), 'loss': tensor(0.1546, grad_fn=<DivBackward0>)}
2020-04-30 17:25:53,781 [MainThread  ] train batch 120 / 315 (iter 16500), current average result {'ts_road_map': tensor(0.7989, grad_fn=<DivBackward0>), 'recon_loss': tensor(0.1522, grad_fn=<DivBackward0>), 'loss': tensor(0.1522, grad_fn=<DivBackward0>)}
2020-04-30 17:26:38,567 [MainThread  ] train batch 55 / 315 (iter 16750), current average result {'ts_road_map': tensor(0.7995, grad_fn=<DivBackward0>), 'recon_loss': tensor(0.1520, grad_fn=<DivBackward0>), 'loss': tensor(0.1520, grad_fn=<DivBackward0>)}
2020-04-30 17:27:18,722 [MainThread  ] train batch 305 / 315 (iter 17000), current average result {'ts_road_map': tensor(0.8001, grad_fn=<DivBackward0>), 'recon_loss': tensor(0.1515, grad_fn=<DivBackward0>), 'loss': tensor(0.1515, grad_fn=<DivBackward0>)}
2020-04-30 17:28:04,163 [MainThread  ] train batch 240 / 315 (iter 17250), current average result {'ts_road_map': tensor(0.8012, grad_fn=<DivBackward0>), 'recon_loss': tensor(0.1505, grad_fn=<DivBackward0>), 'loss': tensor(0.1505, grad_fn=<DivBackward0>)}
2020-04-30 17:28:48,905 [MainThread  ] train batch 175 / 315 (iter 17500), current average result {'ts_road_map': tensor(0.8022, grad_fn=<DivBackward0>), 'recon_loss': tensor(0.1497, grad_fn=<DivBackward0>), 'loss': tensor(0.1497, grad_fn=<DivBackward0>)}
2020-04-30 17:29:33,573 [MainThread  ] train batch 110 / 315 (iter 17750), current average result {'ts_road_map': tensor(0.8029, grad_fn=<DivBackward0>), 'recon_loss': tensor(0.1491, grad_fn=<DivBackward0>), 'loss': tensor(0.1491, grad_fn=<DivBackward0>)}
2020-04-30 17:30:18,254 [MainThread  ] train batch 45 / 315 (iter 18000), current average result {'ts_road_map': tensor(0.8035, grad_fn=<DivBackward0>), 'recon_loss': tensor(0.1486, grad_fn=<DivBackward0>), 'loss': tensor(0.1486, grad_fn=<DivBackward0>)}
2020-04-30 17:30:18,255 [MainThread  ] Evaluate on  custom_sup:val data
2020-04-30 17:30:29,338 [MainThread  ] Evalutation complete
Average result {'ts_road_map': tensor(0.6867), 'recon_loss': tensor(0.4360), 'loss': tensor(0.4360)}
2020-04-30 17:31:09,356 [MainThread  ] train batch 295 / 315 (iter 18250), current average result {'ts_road_map': tensor(0.8122, grad_fn=<DivBackward0>), 'recon_loss': tensor(0.1420, grad_fn=<DivBackward0>), 'loss': tensor(0.1420, grad_fn=<DivBackward0>)}
2020-04-30 17:31:54,636 [MainThread  ] train batch 230 / 315 (iter 18500), current average result {'ts_road_map': tensor(0.8119, grad_fn=<DivBackward0>), 'recon_loss': tensor(0.1418, grad_fn=<DivBackward0>), 'loss': tensor(0.1418, grad_fn=<DivBackward0>)}
2020-04-30 17:32:39,528 [MainThread  ] train batch 165 / 315 (iter 18750), current average result {'ts_road_map': tensor(0.8135, grad_fn=<DivBackward0>), 'recon_loss': tensor(0.1405, grad_fn=<DivBackward0>), 'loss': tensor(0.1405, grad_fn=<DivBackward0>)}
2020-04-30 17:33:24,485 [MainThread  ] train batch 100 / 315 (iter 19000), current average result {'ts_road_map': tensor(0.8141, grad_fn=<DivBackward0>), 'recon_loss': tensor(0.1398, grad_fn=<DivBackward0>), 'loss': tensor(0.1398, grad_fn=<DivBackward0>)}
2020-04-30 17:34:09,433 [MainThread  ] train batch 35 / 315 (iter 19250), current average result {'ts_road_map': tensor(0.8151, grad_fn=<DivBackward0>), 'recon_loss': tensor(0.1392, grad_fn=<DivBackward0>), 'loss': tensor(0.1392, grad_fn=<DivBackward0>)}
2020-04-30 17:34:50,020 [MainThread  ] train batch 285 / 315 (iter 19500), current average result {'ts_road_map': tensor(0.8157, grad_fn=<DivBackward0>), 'recon_loss': tensor(0.1387, grad_fn=<DivBackward0>), 'loss': tensor(0.1387, grad_fn=<DivBackward0>)}
2020-04-30 17:35:34,970 [MainThread  ] train batch 220 / 315 (iter 19750), current average result {'ts_road_map': tensor(0.8167, grad_fn=<DivBackward0>), 'recon_loss': tensor(0.1378, grad_fn=<DivBackward0>), 'loss': tensor(0.1378, grad_fn=<DivBackward0>)}
2020-04-30 17:36:19,668 [MainThread  ] train batch 155 / 315 (iter 20000), current average result {'ts_road_map': tensor(0.8175, grad_fn=<DivBackward0>), 'recon_loss': tensor(0.1371, grad_fn=<DivBackward0>), 'loss': tensor(0.1371, grad_fn=<DivBackward0>)}
2020-04-30 17:36:19,669 [MainThread  ] Evaluate on  custom_sup:val data
2020-04-30 17:36:31,082 [MainThread  ] Evalutation complete
Average result {'ts_road_map': tensor(0.6955), 'recon_loss': tensor(0.4417), 'loss': tensor(0.4417)}
2020-04-30 17:37:15,684 [MainThread  ] train batch 90 / 315 (iter 20250), current average result {'ts_road_map': tensor(0.8239, grad_fn=<DivBackward0>), 'recon_loss': tensor(0.1325, grad_fn=<DivBackward0>), 'loss': tensor(0.1325, grad_fn=<DivBackward0>)}
2020-04-30 17:38:00,629 [MainThread  ] train batch 25 / 315 (iter 20500), current average result {'ts_road_map': tensor(0.8244, grad_fn=<DivBackward0>), 'recon_loss': tensor(0.1316, grad_fn=<DivBackward0>), 'loss': tensor(0.1316, grad_fn=<DivBackward0>)}
2020-04-30 17:38:41,329 [MainThread  ] train batch 275 / 315 (iter 20750), current average result {'ts_road_map': tensor(0.8257, grad_fn=<DivBackward0>), 'recon_loss': tensor(0.1304, grad_fn=<DivBackward0>), 'loss': tensor(0.1304, grad_fn=<DivBackward0>)}
2020-04-30 17:39:26,204 [MainThread  ] train batch 210 / 315 (iter 21000), current average result {'ts_road_map': tensor(0.8268, grad_fn=<DivBackward0>), 'recon_loss': tensor(0.1297, grad_fn=<DivBackward0>), 'loss': tensor(0.1297, grad_fn=<DivBackward0>)}
2020-04-30 17:40:10,929 [MainThread  ] train batch 145 / 315 (iter 21250), current average result {'ts_road_map': tensor(0.8276, grad_fn=<DivBackward0>), 'recon_loss': tensor(0.1289, grad_fn=<DivBackward0>), 'loss': tensor(0.1289, grad_fn=<DivBackward0>)}
2020-04-30 17:40:55,647 [MainThread  ] train batch 80 / 315 (iter 21500), current average result {'ts_road_map': tensor(0.8280, grad_fn=<DivBackward0>), 'recon_loss': tensor(0.1285, grad_fn=<DivBackward0>), 'loss': tensor(0.1285, grad_fn=<DivBackward0>)}
2020-04-30 17:41:40,406 [MainThread  ] train batch 15 / 315 (iter 21750), current average result {'ts_road_map': tensor(0.8290, grad_fn=<DivBackward0>), 'recon_loss': tensor(0.1278, grad_fn=<DivBackward0>), 'loss': tensor(0.1278, grad_fn=<DivBackward0>)}
2020-04-30 17:42:21,155 [MainThread  ] train batch 265 / 315 (iter 22000), current average result {'ts_road_map': tensor(0.8297, grad_fn=<DivBackward0>), 'recon_loss': tensor(0.1271, grad_fn=<DivBackward0>), 'loss': tensor(0.1271, grad_fn=<DivBackward0>)}
2020-04-30 17:42:21,156 [MainThread  ] Evaluate on  custom_sup:val data
2020-04-30 17:42:34,806 [MainThread  ] Evalutation complete
Average result {'ts_road_map': tensor(0.7045), 'recon_loss': tensor(0.4360), 'loss': tensor(0.4360)}
2020-04-30 17:43:21,690 [MainThread  ] train batch 200 / 315 (iter 22250), current average result {'ts_road_map': tensor(0.8354, grad_fn=<DivBackward0>), 'recon_loss': tensor(0.1234, grad_fn=<DivBackward0>), 'loss': tensor(0.1234, grad_fn=<DivBackward0>)}
2020-04-30 17:44:08,274 [MainThread  ] train batch 135 / 315 (iter 22500), current average result {'ts_road_map': tensor(0.8367, grad_fn=<DivBackward0>), 'recon_loss': tensor(0.1214, grad_fn=<DivBackward0>), 'loss': tensor(0.1214, grad_fn=<DivBackward0>)}
2020-04-30 17:44:53,613 [MainThread  ] train batch 70 / 315 (iter 22750), current average result {'ts_road_map': tensor(0.8374, grad_fn=<DivBackward0>), 'recon_loss': tensor(0.1210, grad_fn=<DivBackward0>), 'loss': tensor(0.1210, grad_fn=<DivBackward0>)}
2020-04-30 17:45:38,107 [MainThread  ] train batch 5 / 315 (iter 23000), current average result {'ts_road_map': tensor(0.8380, grad_fn=<DivBackward0>), 'recon_loss': tensor(0.1206, grad_fn=<DivBackward0>), 'loss': tensor(0.1206, grad_fn=<DivBackward0>)}
2020-04-30 17:46:19,496 [MainThread  ] train batch 255 / 315 (iter 23250), current average result {'ts_road_map': tensor(0.8387, grad_fn=<DivBackward0>), 'recon_loss': tensor(0.1199, grad_fn=<DivBackward0>), 'loss': tensor(0.1199, grad_fn=<DivBackward0>)}
2020-04-30 17:47:04,188 [MainThread  ] train batch 190 / 315 (iter 23500), current average result {'ts_road_map': tensor(0.8393, grad_fn=<DivBackward0>), 'recon_loss': tensor(0.1194, grad_fn=<DivBackward0>), 'loss': tensor(0.1194, grad_fn=<DivBackward0>)}
2020-04-30 17:47:49,011 [MainThread  ] train batch 125 / 315 (iter 23750), current average result {'ts_road_map': tensor(0.8398, grad_fn=<DivBackward0>), 'recon_loss': tensor(0.1191, grad_fn=<DivBackward0>), 'loss': tensor(0.1191, grad_fn=<DivBackward0>)}
2020-04-30 17:48:33,549 [MainThread  ] train batch 60 / 315 (iter 24000), current average result {'ts_road_map': tensor(0.8403, grad_fn=<DivBackward0>), 'recon_loss': tensor(0.1187, grad_fn=<DivBackward0>), 'loss': tensor(0.1187, grad_fn=<DivBackward0>)}
2020-04-30 17:48:33,550 [MainThread  ] Evaluate on  custom_sup:val data
2020-04-30 17:48:46,454 [MainThread  ] Evalutation complete
Average result {'ts_road_map': tensor(0.7054), 'recon_loss': tensor(0.4513), 'loss': tensor(0.4513)}
2020-04-30 17:49:26,272 [MainThread  ] train batch 310 / 315 (iter 24250), current average result {'ts_road_map': tensor(0.8477, grad_fn=<DivBackward0>), 'recon_loss': tensor(0.1119, grad_fn=<DivBackward0>), 'loss': tensor(0.1119, grad_fn=<DivBackward0>)}
2020-04-30 17:50:11,870 [MainThread  ] train batch 245 / 315 (iter 24500), current average result {'ts_road_map': tensor(0.8473, grad_fn=<DivBackward0>), 'recon_loss': tensor(0.1123, grad_fn=<DivBackward0>), 'loss': tensor(0.1123, grad_fn=<DivBackward0>)}
2020-04-30 17:50:56,741 [MainThread  ] train batch 180 / 315 (iter 24750), current average result {'ts_road_map': tensor(0.8471, grad_fn=<DivBackward0>), 'recon_loss': tensor(0.1124, grad_fn=<DivBackward0>), 'loss': tensor(0.1124, grad_fn=<DivBackward0>)}
2020-04-30 17:51:41,765 [MainThread  ] train batch 115 / 315 (iter 25000), current average result {'ts_road_map': tensor(0.8474, grad_fn=<DivBackward0>), 'recon_loss': tensor(0.1123, grad_fn=<DivBackward0>), 'loss': tensor(0.1123, grad_fn=<DivBackward0>)}
2020-04-30 17:52:26,751 [MainThread  ] train batch 50 / 315 (iter 25250), current average result {'ts_road_map': tensor(0.8473, grad_fn=<DivBackward0>), 'recon_loss': tensor(0.1123, grad_fn=<DivBackward0>), 'loss': tensor(0.1123, grad_fn=<DivBackward0>)}
2020-04-30 17:53:06,762 [MainThread  ] train batch 300 / 315 (iter 25500), current average result {'ts_road_map': tensor(0.8475, grad_fn=<DivBackward0>), 'recon_loss': tensor(0.1122, grad_fn=<DivBackward0>), 'loss': tensor(0.1122, grad_fn=<DivBackward0>)}
2020-04-30 17:53:52,027 [MainThread  ] train batch 235 / 315 (iter 25750), current average result {'ts_road_map': tensor(0.8475, grad_fn=<DivBackward0>), 'recon_loss': tensor(0.1122, grad_fn=<DivBackward0>), 'loss': tensor(0.1122, grad_fn=<DivBackward0>)}
2020-04-30 17:54:36,911 [MainThread  ] train batch 170 / 315 (iter 26000), current average result {'ts_road_map': tensor(0.8478, grad_fn=<DivBackward0>), 'recon_loss': tensor(0.1119, grad_fn=<DivBackward0>), 'loss': tensor(0.1119, grad_fn=<DivBackward0>)}
2020-04-30 17:54:36,911 [MainThread  ] Evaluate on  custom_sup:val data
2020-04-30 17:54:48,334 [MainThread  ] Evalutation complete
Average result {'ts_road_map': tensor(0.7095), 'recon_loss': tensor(0.4553), 'loss': tensor(0.4553)}
2020-04-30 17:55:32,950 [MainThread  ] train batch 105 / 315 (iter 26250), current average result {'ts_road_map': tensor(0.8469, grad_fn=<DivBackward0>), 'recon_loss': tensor(0.1134, grad_fn=<DivBackward0>), 'loss': tensor(0.1134, grad_fn=<DivBackward0>)}
2020-04-30 17:56:17,609 [MainThread  ] train batch 40 / 315 (iter 26500), current average result {'ts_road_map': tensor(0.8477, grad_fn=<DivBackward0>), 'recon_loss': tensor(0.1124, grad_fn=<DivBackward0>), 'loss': tensor(0.1124, grad_fn=<DivBackward0>)}
2020-04-30 17:56:57,849 [MainThread  ] train batch 290 / 315 (iter 26750), current average result {'ts_road_map': tensor(0.8484, grad_fn=<DivBackward0>), 'recon_loss': tensor(0.1117, grad_fn=<DivBackward0>), 'loss': tensor(0.1117, grad_fn=<DivBackward0>)}
2020-04-30 17:57:42,700 [MainThread  ] train batch 225 / 315 (iter 27000), current average result {'ts_road_map': tensor(0.8483, grad_fn=<DivBackward0>), 'recon_loss': tensor(0.1117, grad_fn=<DivBackward0>), 'loss': tensor(0.1117, grad_fn=<DivBackward0>)}
2020-04-30 17:58:27,343 [MainThread  ] train batch 160 / 315 (iter 27250), current average result {'ts_road_map': tensor(0.8486, grad_fn=<DivBackward0>), 'recon_loss': tensor(0.1114, grad_fn=<DivBackward0>), 'loss': tensor(0.1114, grad_fn=<DivBackward0>)}
2020-04-30 17:59:12,246 [MainThread  ] train batch 95 / 315 (iter 27500), current average result {'ts_road_map': tensor(0.8489, grad_fn=<DivBackward0>), 'recon_loss': tensor(0.1112, grad_fn=<DivBackward0>), 'loss': tensor(0.1112, grad_fn=<DivBackward0>)}
2020-04-30 17:59:56,754 [MainThread  ] train batch 30 / 315 (iter 27750), current average result {'ts_road_map': tensor(0.8486, grad_fn=<DivBackward0>), 'recon_loss': tensor(0.1114, grad_fn=<DivBackward0>), 'loss': tensor(0.1114, grad_fn=<DivBackward0>)}
2020-04-30 18:00:37,526 [MainThread  ] train batch 280 / 315 (iter 28000), current average result {'ts_road_map': tensor(0.8488, grad_fn=<DivBackward0>), 'recon_loss': tensor(0.1113, grad_fn=<DivBackward0>), 'loss': tensor(0.1113, grad_fn=<DivBackward0>)}
2020-04-30 18:00:37,527 [MainThread  ] Evaluate on  custom_sup:val data
2020-04-30 18:00:49,309 [MainThread  ] Evalutation complete
Average result {'ts_road_map': tensor(0.7095), 'recon_loss': tensor(0.4589), 'loss': tensor(0.4589)}
2020-04-30 18:01:34,084 [MainThread  ] train batch 215 / 315 (iter 28250), current average result {'ts_road_map': tensor(0.8502, grad_fn=<DivBackward0>), 'recon_loss': tensor(0.1099, grad_fn=<DivBackward0>), 'loss': tensor(0.1099, grad_fn=<DivBackward0>)}
2020-04-30 18:02:18,870 [MainThread  ] train batch 150 / 315 (iter 28500), current average result {'ts_road_map': tensor(0.8507, grad_fn=<DivBackward0>), 'recon_loss': tensor(0.1097, grad_fn=<DivBackward0>), 'loss': tensor(0.1097, grad_fn=<DivBackward0>)}
2020-04-30 18:03:03,690 [MainThread  ] train batch 85 / 315 (iter 28750), current average result {'ts_road_map': tensor(0.8507, grad_fn=<DivBackward0>), 'recon_loss': tensor(0.1096, grad_fn=<DivBackward0>), 'loss': tensor(0.1096, grad_fn=<DivBackward0>)}
2020-04-30 18:03:48,116 [MainThread  ] train batch 20 / 315 (iter 29000), current average result {'ts_road_map': tensor(0.8503, grad_fn=<DivBackward0>), 'recon_loss': tensor(0.1101, grad_fn=<DivBackward0>), 'loss': tensor(0.1101, grad_fn=<DivBackward0>)}
2020-04-30 18:04:28,687 [MainThread  ] train batch 270 / 315 (iter 29250), current average result {'ts_road_map': tensor(0.8502, grad_fn=<DivBackward0>), 'recon_loss': tensor(0.1102, grad_fn=<DivBackward0>), 'loss': tensor(0.1102, grad_fn=<DivBackward0>)}
2020-04-30 18:05:13,588 [MainThread  ] train batch 205 / 315 (iter 29500), current average result {'ts_road_map': tensor(0.8504, grad_fn=<DivBackward0>), 'recon_loss': tensor(0.1100, grad_fn=<DivBackward0>), 'loss': tensor(0.1100, grad_fn=<DivBackward0>)}
2020-04-30 18:05:58,405 [MainThread  ] train batch 140 / 315 (iter 29750), current average result {'ts_road_map': tensor(0.8500, grad_fn=<DivBackward0>), 'recon_loss': tensor(0.1103, grad_fn=<DivBackward0>), 'loss': tensor(0.1103, grad_fn=<DivBackward0>)}
2020-04-30 18:06:43,251 [MainThread  ] train batch 75 / 315 (iter 30000), current average result {'ts_road_map': tensor(0.8504, grad_fn=<DivBackward0>), 'recon_loss': tensor(0.1099, grad_fn=<DivBackward0>), 'loss': tensor(0.1099, grad_fn=<DivBackward0>)}
2020-04-30 18:06:43,252 [MainThread  ] Evaluate on  custom_sup:val data
2020-04-30 18:06:55,301 [MainThread  ] Evalutation complete
Average result {'ts_road_map': tensor(0.7106), 'recon_loss': tensor(0.4507), 'loss': tensor(0.4507)}
2020-04-30 18:07:39,951 [MainThread  ] train batch 10 / 315 (iter 30250), current average result {'ts_road_map': tensor(0.8501, grad_fn=<DivBackward0>), 'recon_loss': tensor(0.1104, grad_fn=<DivBackward0>), 'loss': tensor(0.1104, grad_fn=<DivBackward0>)}
2020-04-30 18:08:20,927 [MainThread  ] train batch 260 / 315 (iter 30500), current average result {'ts_road_map': tensor(0.8506, grad_fn=<DivBackward0>), 'recon_loss': tensor(0.1097, grad_fn=<DivBackward0>), 'loss': tensor(0.1097, grad_fn=<DivBackward0>)}
2020-04-30 18:09:06,009 [MainThread  ] train batch 195 / 315 (iter 30750), current average result {'ts_road_map': tensor(0.8510, grad_fn=<DivBackward0>), 'recon_loss': tensor(0.1095, grad_fn=<DivBackward0>), 'loss': tensor(0.1095, grad_fn=<DivBackward0>)}
2020-04-30 18:09:51,643 [MainThread  ] train batch 130 / 315 (iter 31000), current average result {'ts_road_map': tensor(0.8513, grad_fn=<DivBackward0>), 'recon_loss': tensor(0.1092, grad_fn=<DivBackward0>), 'loss': tensor(0.1092, grad_fn=<DivBackward0>)}
2020-04-30 18:10:37,640 [MainThread  ] train batch 65 / 315 (iter 31250), current average result {'ts_road_map': tensor(0.8513, grad_fn=<DivBackward0>), 'recon_loss': tensor(0.1092, grad_fn=<DivBackward0>), 'loss': tensor(0.1092, grad_fn=<DivBackward0>)}
2020-04-30 18:11:18,499 [MainThread  ] train batch 315 / 315 (iter 31500), current average result {'ts_road_map': tensor(0.8514, grad_fn=<DivBackward0>), 'recon_loss': tensor(0.1091, grad_fn=<DivBackward0>), 'loss': tensor(0.1091, grad_fn=<DivBackward0>)}
2020-04-30 18:12:04,257 [MainThread  ] train batch 250 / 315 (iter 31750), current average result {'ts_road_map': tensor(0.8515, grad_fn=<DivBackward0>), 'recon_loss': tensor(0.1090, grad_fn=<DivBackward0>), 'loss': tensor(0.1090, grad_fn=<DivBackward0>)}
2020-04-30 18:13:03,423 [MainThread  ] train batch 185 / 315 (iter 32000), current average result {'ts_road_map': tensor(0.8517, grad_fn=<DivBackward0>), 'recon_loss': tensor(0.1089, grad_fn=<DivBackward0>), 'loss': tensor(0.1089, grad_fn=<DivBackward0>)}
2020-04-30 18:13:03,423 [MainThread  ] Evaluate on  custom_sup:val data
2020-04-30 18:13:15,905 [MainThread  ] Evalutation complete
Average result {'ts_road_map': tensor(0.7128), 'recon_loss': tensor(0.4626), 'loss': tensor(0.4626)}
2020-04-30 18:14:01,106 [MainThread  ] train batch 120 / 315 (iter 32250), current average result {'ts_road_map': tensor(0.8508, grad_fn=<DivBackward0>), 'recon_loss': tensor(0.1097, grad_fn=<DivBackward0>), 'loss': tensor(0.1097, grad_fn=<DivBackward0>)}
2020-04-30 18:14:46,061 [MainThread  ] train batch 55 / 315 (iter 32500), current average result {'ts_road_map': tensor(0.8517, grad_fn=<DivBackward0>), 'recon_loss': tensor(0.1093, grad_fn=<DivBackward0>), 'loss': tensor(0.1093, grad_fn=<DivBackward0>)}
2020-04-30 18:15:26,009 [MainThread  ] train batch 305 / 315 (iter 32750), current average result {'ts_road_map': tensor(0.8520, grad_fn=<DivBackward0>), 'recon_loss': tensor(0.1089, grad_fn=<DivBackward0>), 'loss': tensor(0.1089, grad_fn=<DivBackward0>)}
2020-04-30 18:16:11,606 [MainThread  ] train batch 240 / 315 (iter 33000), current average result {'ts_road_map': tensor(0.8521, grad_fn=<DivBackward0>), 'recon_loss': tensor(0.1086, grad_fn=<DivBackward0>), 'loss': tensor(0.1086, grad_fn=<DivBackward0>)}
2020-04-30 18:16:56,628 [MainThread  ] train batch 175 / 315 (iter 33250), current average result {'ts_road_map': tensor(0.8525, grad_fn=<DivBackward0>), 'recon_loss': tensor(0.1085, grad_fn=<DivBackward0>), 'loss': tensor(0.1085, grad_fn=<DivBackward0>)}
2020-04-30 18:17:41,663 [MainThread  ] train batch 110 / 315 (iter 33500), current average result {'ts_road_map': tensor(0.8520, grad_fn=<DivBackward0>), 'recon_loss': tensor(0.1089, grad_fn=<DivBackward0>), 'loss': tensor(0.1089, grad_fn=<DivBackward0>)}
2020-04-30 18:18:26,613 [MainThread  ] train batch 45 / 315 (iter 33750), current average result {'ts_road_map': tensor(0.8523, grad_fn=<DivBackward0>), 'recon_loss': tensor(0.1086, grad_fn=<DivBackward0>), 'loss': tensor(0.1086, grad_fn=<DivBackward0>)}
2020-04-30 18:19:06,999 [MainThread  ] train batch 295 / 315 (iter 34000), current average result {'ts_road_map': tensor(0.8522, grad_fn=<DivBackward0>), 'recon_loss': tensor(0.1087, grad_fn=<DivBackward0>), 'loss': tensor(0.1087, grad_fn=<DivBackward0>)}
2020-04-30 18:19:06,999 [MainThread  ] Evaluate on  custom_sup:val data
2020-04-30 18:19:18,444 [MainThread  ] Evalutation complete
Average result {'ts_road_map': tensor(0.7116), 'recon_loss': tensor(0.4632), 'loss': tensor(0.4632)}
2020-04-30 18:20:04,048 [MainThread  ] train batch 230 / 315 (iter 34250), current average result {'ts_road_map': tensor(0.8529, grad_fn=<DivBackward0>), 'recon_loss': tensor(0.1084, grad_fn=<DivBackward0>), 'loss': tensor(0.1084, grad_fn=<DivBackward0>)}
2020-04-30 18:20:49,147 [MainThread  ] train batch 165 / 315 (iter 34500), current average result {'ts_road_map': tensor(0.8527, grad_fn=<DivBackward0>), 'recon_loss': tensor(0.1081, grad_fn=<DivBackward0>), 'loss': tensor(0.1081, grad_fn=<DivBackward0>)}
2020-04-30 18:21:33,950 [MainThread  ] train batch 100 / 315 (iter 34750), current average result {'ts_road_map': tensor(0.8533, grad_fn=<DivBackward0>), 'recon_loss': tensor(0.1079, grad_fn=<DivBackward0>), 'loss': tensor(0.1079, grad_fn=<DivBackward0>)}
2020-04-30 18:22:18,757 [MainThread  ] train batch 35 / 315 (iter 35000), current average result {'ts_road_map': tensor(0.8532, grad_fn=<DivBackward0>), 'recon_loss': tensor(0.1079, grad_fn=<DivBackward0>), 'loss': tensor(0.1079, grad_fn=<DivBackward0>)}
2020-04-30 18:22:59,321 [MainThread  ] train batch 285 / 315 (iter 35250), current average result {'ts_road_map': tensor(0.8534, grad_fn=<DivBackward0>), 'recon_loss': tensor(0.1078, grad_fn=<DivBackward0>), 'loss': tensor(0.1078, grad_fn=<DivBackward0>)}
2020-04-30 18:23:44,369 [MainThread  ] train batch 220 / 315 (iter 35500), current average result {'ts_road_map': tensor(0.8532, grad_fn=<DivBackward0>), 'recon_loss': tensor(0.1080, grad_fn=<DivBackward0>), 'loss': tensor(0.1080, grad_fn=<DivBackward0>)}
2020-04-30 18:24:29,634 [MainThread  ] train batch 155 / 315 (iter 35750), current average result {'ts_road_map': tensor(0.8539, grad_fn=<DivBackward0>), 'recon_loss': tensor(0.1074, grad_fn=<DivBackward0>), 'loss': tensor(0.1074, grad_fn=<DivBackward0>)}
2020-04-30 18:25:14,450 [MainThread  ] train batch 90 / 315 (iter 36000), current average result {'ts_road_map': tensor(0.8537, grad_fn=<DivBackward0>), 'recon_loss': tensor(0.1076, grad_fn=<DivBackward0>), 'loss': tensor(0.1076, grad_fn=<DivBackward0>)}
2020-04-30 18:25:14,450 [MainThread  ] Evaluate on  custom_sup:val data
2020-04-30 18:25:25,972 [MainThread  ] Evalutation complete
Average result {'ts_road_map': tensor(0.7134), 'recon_loss': tensor(0.4635), 'loss': tensor(0.4635)}
2020-04-30 18:26:10,199 [MainThread  ] train batch 25 / 315 (iter 36250), current average result {'ts_road_map': tensor(0.8537, grad_fn=<DivBackward0>), 'recon_loss': tensor(0.1071, grad_fn=<DivBackward0>), 'loss': tensor(0.1071, grad_fn=<DivBackward0>)}
2020-04-30 18:26:51,289 [MainThread  ] train batch 275 / 315 (iter 36500), current average result {'ts_road_map': tensor(0.8536, grad_fn=<DivBackward0>), 'recon_loss': tensor(0.1077, grad_fn=<DivBackward0>), 'loss': tensor(0.1077, grad_fn=<DivBackward0>)}
2020-04-30 18:27:36,327 [MainThread  ] train batch 210 / 315 (iter 36750), current average result {'ts_road_map': tensor(0.8535, grad_fn=<DivBackward0>), 'recon_loss': tensor(0.1079, grad_fn=<DivBackward0>), 'loss': tensor(0.1079, grad_fn=<DivBackward0>)}
2020-04-30 18:28:21,372 [MainThread  ] train batch 145 / 315 (iter 37000), current average result {'ts_road_map': tensor(0.8539, grad_fn=<DivBackward0>), 'recon_loss': tensor(0.1073, grad_fn=<DivBackward0>), 'loss': tensor(0.1073, grad_fn=<DivBackward0>)}
2020-04-30 18:29:06,091 [MainThread  ] train batch 80 / 315 (iter 37250), current average result {'ts_road_map': tensor(0.8543, grad_fn=<DivBackward0>), 'recon_loss': tensor(0.1071, grad_fn=<DivBackward0>), 'loss': tensor(0.1071, grad_fn=<DivBackward0>)}
2020-04-30 18:29:50,146 [MainThread  ] train batch 15 / 315 (iter 37500), current average result {'ts_road_map': tensor(0.8542, grad_fn=<DivBackward0>), 'recon_loss': tensor(0.1072, grad_fn=<DivBackward0>), 'loss': tensor(0.1072, grad_fn=<DivBackward0>)}
2020-04-30 18:30:31,136 [MainThread  ] train batch 265 / 315 (iter 37750), current average result {'ts_road_map': tensor(0.8544, grad_fn=<DivBackward0>), 'recon_loss': tensor(0.1070, grad_fn=<DivBackward0>), 'loss': tensor(0.1070, grad_fn=<DivBackward0>)}
2020-04-30 18:31:16,147 [MainThread  ] train batch 200 / 315 (iter 38000), current average result {'ts_road_map': tensor(0.8545, grad_fn=<DivBackward0>), 'recon_loss': tensor(0.1069, grad_fn=<DivBackward0>), 'loss': tensor(0.1069, grad_fn=<DivBackward0>)}
2020-04-30 18:31:16,148 [MainThread  ] Evaluate on  custom_sup:val data
2020-04-30 18:31:27,913 [MainThread  ] Evalutation complete
Average result {'ts_road_map': tensor(0.7129), 'recon_loss': tensor(0.4680), 'loss': tensor(0.4680)}
2020-04-30 18:32:13,419 [MainThread  ] train batch 135 / 315 (iter 38250), current average result {'ts_road_map': tensor(0.8545, grad_fn=<DivBackward0>), 'recon_loss': tensor(0.1076, grad_fn=<DivBackward0>), 'loss': tensor(0.1076, grad_fn=<DivBackward0>)}
2020-04-30 18:32:58,528 [MainThread  ] train batch 70 / 315 (iter 38500), current average result {'ts_road_map': tensor(0.8550, grad_fn=<DivBackward0>), 'recon_loss': tensor(0.1067, grad_fn=<DivBackward0>), 'loss': tensor(0.1067, grad_fn=<DivBackward0>)}
2020-04-30 18:33:42,412 [MainThread  ] train batch 5 / 315 (iter 38750), current average result {'ts_road_map': tensor(0.8553, grad_fn=<DivBackward0>), 'recon_loss': tensor(0.1065, grad_fn=<DivBackward0>), 'loss': tensor(0.1065, grad_fn=<DivBackward0>)}
2020-04-30 18:34:24,988 [MainThread  ] train batch 255 / 315 (iter 39000), current average result {'ts_road_map': tensor(0.8554, grad_fn=<DivBackward0>), 'recon_loss': tensor(0.1063, grad_fn=<DivBackward0>), 'loss': tensor(0.1063, grad_fn=<DivBackward0>)}
2020-04-30 18:35:10,596 [MainThread  ] train batch 190 / 315 (iter 39250), current average result {'ts_road_map': tensor(0.8555, grad_fn=<DivBackward0>), 'recon_loss': tensor(0.1062, grad_fn=<DivBackward0>), 'loss': tensor(0.1062, grad_fn=<DivBackward0>)}
2020-04-30 18:35:56,130 [MainThread  ] train batch 125 / 315 (iter 39500), current average result {'ts_road_map': tensor(0.8556, grad_fn=<DivBackward0>), 'recon_loss': tensor(0.1060, grad_fn=<DivBackward0>), 'loss': tensor(0.1060, grad_fn=<DivBackward0>)}
2020-04-30 18:36:41,401 [MainThread  ] train batch 60 / 315 (iter 39750), current average result {'ts_road_map': tensor(0.8557, grad_fn=<DivBackward0>), 'recon_loss': tensor(0.1060, grad_fn=<DivBackward0>), 'loss': tensor(0.1060, grad_fn=<DivBackward0>)}
2020-04-30 18:37:21,682 [MainThread  ] train batch 310 / 315 (iter 40000), current average result {'ts_road_map': tensor(0.8558, grad_fn=<DivBackward0>), 'recon_loss': tensor(0.1059, grad_fn=<DivBackward0>), 'loss': tensor(0.1059, grad_fn=<DivBackward0>)}
2020-04-30 18:37:21,683 [MainThread  ] Evaluate on  custom_sup:val data
2020-04-30 18:37:34,312 [MainThread  ] Evalutation complete
Average result {'ts_road_map': tensor(0.7134), 'recon_loss': tensor(0.4671), 'loss': tensor(0.4671)}
2020-04-30 18:38:20,349 [MainThread  ] train batch 245 / 315 (iter 40250), current average result {'ts_road_map': tensor(0.8559, grad_fn=<DivBackward0>), 'recon_loss': tensor(0.1059, grad_fn=<DivBackward0>), 'loss': tensor(0.1059, grad_fn=<DivBackward0>)}
2020-04-30 18:39:05,382 [MainThread  ] train batch 180 / 315 (iter 40500), current average result {'ts_road_map': tensor(0.8551, grad_fn=<DivBackward0>), 'recon_loss': tensor(0.1063, grad_fn=<DivBackward0>), 'loss': tensor(0.1063, grad_fn=<DivBackward0>)}
2020-04-30 18:39:50,359 [MainThread  ] train batch 115 / 315 (iter 40750), current average result {'ts_road_map': tensor(0.8557, grad_fn=<DivBackward0>), 'recon_loss': tensor(0.1060, grad_fn=<DivBackward0>), 'loss': tensor(0.1060, grad_fn=<DivBackward0>)}
2020-04-30 18:40:35,330 [MainThread  ] train batch 50 / 315 (iter 41000), current average result {'ts_road_map': tensor(0.8563, grad_fn=<DivBackward0>), 'recon_loss': tensor(0.1055, grad_fn=<DivBackward0>), 'loss': tensor(0.1055, grad_fn=<DivBackward0>)}
2020-04-30 18:41:15,608 [MainThread  ] train batch 300 / 315 (iter 41250), current average result {'ts_road_map': tensor(0.8560, grad_fn=<DivBackward0>), 'recon_loss': tensor(0.1058, grad_fn=<DivBackward0>), 'loss': tensor(0.1058, grad_fn=<DivBackward0>)}
2020-04-30 18:42:01,112 [MainThread  ] train batch 235 / 315 (iter 41500), current average result {'ts_road_map': tensor(0.8562, grad_fn=<DivBackward0>), 'recon_loss': tensor(0.1057, grad_fn=<DivBackward0>), 'loss': tensor(0.1057, grad_fn=<DivBackward0>)}
2020-04-30 18:42:45,951 [MainThread  ] train batch 170 / 315 (iter 41750), current average result {'ts_road_map': tensor(0.8563, grad_fn=<DivBackward0>), 'recon_loss': tensor(0.1057, grad_fn=<DivBackward0>), 'loss': tensor(0.1057, grad_fn=<DivBackward0>)}
2020-04-30 18:43:30,931 [MainThread  ] train batch 105 / 315 (iter 42000), current average result {'ts_road_map': tensor(0.8565, grad_fn=<DivBackward0>), 'recon_loss': tensor(0.1055, grad_fn=<DivBackward0>), 'loss': tensor(0.1055, grad_fn=<DivBackward0>)}
2020-04-30 18:43:30,942 [MainThread  ] Evaluate on  custom_sup:val data
2020-04-30 18:43:42,467 [MainThread  ] Evalutation complete
Average result {'ts_road_map': tensor(0.7135), 'recon_loss': tensor(0.4639), 'loss': tensor(0.4639)}
2020-04-30 18:44:27,250 [MainThread  ] train batch 40 / 315 (iter 42250), current average result {'ts_road_map': tensor(0.8569, grad_fn=<DivBackward0>), 'recon_loss': tensor(0.1051, grad_fn=<DivBackward0>), 'loss': tensor(0.1051, grad_fn=<DivBackward0>)}
2020-04-30 18:45:07,920 [MainThread  ] train batch 290 / 315 (iter 42500), current average result {'ts_road_map': tensor(0.8565, grad_fn=<DivBackward0>), 'recon_loss': tensor(0.1055, grad_fn=<DivBackward0>), 'loss': tensor(0.1055, grad_fn=<DivBackward0>)}
2020-04-30 18:45:53,180 [MainThread  ] train batch 225 / 315 (iter 42750), current average result {'ts_road_map': tensor(0.8569, grad_fn=<DivBackward0>), 'recon_loss': tensor(0.1051, grad_fn=<DivBackward0>), 'loss': tensor(0.1051, grad_fn=<DivBackward0>)}
2020-04-30 18:46:38,290 [MainThread  ] train batch 160 / 315 (iter 43000), current average result {'ts_road_map': tensor(0.8571, grad_fn=<DivBackward0>), 'recon_loss': tensor(0.1052, grad_fn=<DivBackward0>), 'loss': tensor(0.1052, grad_fn=<DivBackward0>)}
2020-04-30 18:47:23,173 [MainThread  ] train batch 95 / 315 (iter 43250), current average result {'ts_road_map': tensor(0.8571, grad_fn=<DivBackward0>), 'recon_loss': tensor(0.1049, grad_fn=<DivBackward0>), 'loss': tensor(0.1049, grad_fn=<DivBackward0>)}
