2020-04-30 14:55:49,406 [MainThread  ] Experiment road_map_cvar4_bce
2020-04-30 14:55:49,407 [MainThread  ] Receive config Namespace(batch_size=16, beta_ema=0.5, blobs_strategy='encoder_fused', cache_neg=0, clip=0.5, data_dir='./data/', detect_objects=False, device='cuda:0', dup_pos=0, exp_dir='./results/road_map_cvar4_bce', exp_name='road_map_cvar4_bce', finetune_ckpt_interval=0, finetune_learning_rate=0.01, finetune_obj='var_encoder', finetune_tasks=['custom_sup'], finetune_total_iters=100000, finetune_val_interval=2000, finetune_weight_decay=1e-05, gen_road_map=True, image_folder='/scratch/kk4161/DL_project/data', image_pretrain_obj='none', imagessl_load_ckpt='none', lambda_pirl=0.5, latent_dim=4, network_base='resnet18', num_negatives=1000, num_patches=9, num_queries=2, num_queries_percentage=0.25, num_workers=16, obj_det_head='retinanet', pretrain_ckpt_interval=0, pretrain_learning_rate=0.01, pretrain_task=['custom_un_image'], pretrain_total_iters=100000, pretrain_val_interval=2000, pretrain_weight_decay=1e-05, project_dim=128, report_interval=250, results_dir='./results/', road_map_loss='bce', sampling_type='image', synthesizer_nlayers=2, transfer_paradigm='tunable', use_memory_bank=1, view='normal', view_fusion_strategy='concat', view_pretrain_obj='none', viewssl_load_ckpt='none', vocab_size=64, warmup_iters=100)
2020-04-30 14:55:49,407 [MainThread  ] Start creating tasks
2020-04-30 14:55:49,408 [MainThread  ] Start loading data
2020-04-30 14:55:49,408 [MainThread  ] Loading custom_sup data
2020-04-30 14:55:49,889 [MainThread  ] Start creating models
2020-04-30 14:55:50,148 [MainThread  ] Loaded supervised model
2020-04-30 14:56:01,049 [MainThread  ] Setup trainer for custom_sup
2020-04-30 14:56:01,049 [MainThread  ] Start training custom_sup
2020-04-30 14:57:45,215 [MainThread  ] train batch 93 / 157 (iter 250), current average result {'loss': tensor(232.1087, grad_fn=<DivBackward0>), 'ts_road_map': tensor(0.4444, grad_fn=<DivBackward0>), 'recon_loss': tensor(0.4847, grad_fn=<DivBackward0>), 'KLD_loss': tensor(231.6240, grad_fn=<DivBackward0>)}
2020-04-30 14:59:26,348 [MainThread  ] train batch 29 / 157 (iter 500), current average result {'loss': tensor(306.6723, grad_fn=<DivBackward0>), 'ts_road_map': tensor(0.5336, grad_fn=<DivBackward0>), 'recon_loss': tensor(0.3984, grad_fn=<DivBackward0>), 'KLD_loss': tensor(306.2740, grad_fn=<DivBackward0>)}
2020-04-30 15:01:00,686 [MainThread  ] train batch 122 / 157 (iter 750), current average result {'loss': tensor(335.8175, grad_fn=<DivBackward0>), 'ts_road_map': tensor(0.5850, grad_fn=<DivBackward0>), 'recon_loss': tensor(0.3495, grad_fn=<DivBackward0>), 'KLD_loss': tensor(335.4680, grad_fn=<DivBackward0>)}
2020-04-30 15:02:40,236 [MainThread  ] train batch 58 / 157 (iter 1000), current average result {'loss': tensor(352.6518, grad_fn=<DivBackward0>), 'ts_road_map': tensor(0.6216, grad_fn=<DivBackward0>), 'recon_loss': tensor(0.3148, grad_fn=<DivBackward0>), 'KLD_loss': tensor(352.3370, grad_fn=<DivBackward0>)}
2020-04-30 15:04:10,976 [MainThread  ] train batch 151 / 157 (iter 1250), current average result {'loss': tensor(364.5844, grad_fn=<DivBackward0>), 'ts_road_map': tensor(0.6498, grad_fn=<DivBackward0>), 'recon_loss': tensor(0.2885, grad_fn=<DivBackward0>), 'KLD_loss': tensor(364.2960, grad_fn=<DivBackward0>)}
2020-04-30 15:35:51,236 [MainThread  ] Experiment road_map_cvar4_bce
2020-04-30 15:35:51,238 [MainThread  ] Receive config Namespace(batch_size=8, beta_ema=0.5, blobs_strategy='encoder_fused', cache_neg=0, clip=0.5, data_dir='./data/', detect_objects=False, device='cuda:0', dup_pos=0, exp_dir='./results/road_map_cvar4_bce', exp_name='road_map_cvar4_bce', finetune_ckpt_interval=0, finetune_learning_rate=0.01, finetune_obj='var_encoder', finetune_tasks=['custom_sup'], finetune_total_iters=200000, finetune_val_interval=2000, finetune_weight_decay=1e-05, gen_road_map=True, image_folder='/scratch/kk4161/DL_project/data', image_pretrain_obj='none', imagessl_load_ckpt='none', lambda_pirl=0.5, latent_dim=4, network_base='resnet18', num_negatives=1000, num_patches=9, num_queries=2, num_queries_percentage=0.25, num_workers=16, obj_det_head='retinanet', pretrain_ckpt_interval=0, pretrain_learning_rate=0.01, pretrain_task=['custom_un_image'], pretrain_total_iters=100000, pretrain_val_interval=2000, pretrain_weight_decay=1e-05, project_dim=128, report_interval=250, results_dir='./results/', road_map_loss='bce', sampling_type='image', synthesizer_nlayers=2, transfer_paradigm='tunable', use_memory_bank=1, view='normal', view_fusion_strategy='concat', view_pretrain_obj='none', viewssl_load_ckpt='none', vocab_size=64, warmup_iters=100)
2020-04-30 15:35:51,239 [MainThread  ] Start creating tasks
2020-04-30 15:35:51,239 [MainThread  ] Start loading data
2020-04-30 15:35:51,239 [MainThread  ] Loading custom_sup data
2020-04-30 15:35:51,608 [MainThread  ] Start creating models
2020-04-30 15:35:51,834 [MainThread  ] Loaded supervised model
2020-04-30 15:35:54,905 [MainThread  ] Setup trainer for custom_sup
2020-04-30 15:35:54,905 [MainThread  ] Start training custom_sup
2020-04-30 15:36:40,330 [MainThread  ] train batch 250 / 315 (iter 250), current average result {'recon_loss': tensor(0.4993, grad_fn=<DivBackward0>), 'ts_road_map': tensor(0.4278, grad_fn=<DivBackward0>), 'loss': tensor(124.8273, grad_fn=<DivBackward0>), 'KLD_loss': tensor(124.3280, grad_fn=<DivBackward0>)}
2020-04-30 15:37:24,479 [MainThread  ] train batch 185 / 315 (iter 500), current average result {'recon_loss': tensor(0.4229, grad_fn=<DivBackward0>), 'ts_road_map': tensor(0.5087, grad_fn=<DivBackward0>), 'loss': tensor(176.5629, grad_fn=<DivBackward0>), 'KLD_loss': tensor(176.1400, grad_fn=<DivBackward0>)}
2020-04-30 15:38:08,527 [MainThread  ] train batch 120 / 315 (iter 750), current average result {'recon_loss': tensor(0.3792, grad_fn=<DivBackward0>), 'ts_road_map': tensor(0.5554, grad_fn=<DivBackward0>), 'loss': tensor(200.6204, grad_fn=<DivBackward0>), 'KLD_loss': tensor(200.2413, grad_fn=<DivBackward0>)}
2020-04-30 15:38:52,659 [MainThread  ] train batch 55 / 315 (iter 1000), current average result {'recon_loss': tensor(0.3478, grad_fn=<DivBackward0>), 'ts_road_map': tensor(0.5886, grad_fn=<DivBackward0>), 'loss': tensor(212.9177, grad_fn=<DivBackward0>), 'KLD_loss': tensor(212.5700, grad_fn=<DivBackward0>)}
2020-04-30 15:39:31,968 [MainThread  ] train batch 305 / 315 (iter 1250), current average result {'recon_loss': tensor(0.3237, grad_fn=<DivBackward0>), 'ts_road_map': tensor(0.6140, grad_fn=<DivBackward0>), 'loss': tensor(220.9890, grad_fn=<DivBackward0>), 'KLD_loss': tensor(220.6656, grad_fn=<DivBackward0>)}
2020-04-30 15:40:16,472 [MainThread  ] train batch 240 / 315 (iter 1500), current average result {'recon_loss': tensor(0.3029, grad_fn=<DivBackward0>), 'ts_road_map': tensor(0.6359, grad_fn=<DivBackward0>), 'loss': tensor(226.0208, grad_fn=<DivBackward0>), 'KLD_loss': tensor(225.7180, grad_fn=<DivBackward0>)}
2020-04-30 15:41:00,943 [MainThread  ] train batch 175 / 315 (iter 1750), current average result {'recon_loss': tensor(0.2856, grad_fn=<DivBackward0>), 'ts_road_map': tensor(0.6544, grad_fn=<DivBackward0>), 'loss': tensor(229.9271, grad_fn=<DivBackward0>), 'KLD_loss': tensor(229.6417, grad_fn=<DivBackward0>)}
2020-04-30 15:41:45,073 [MainThread  ] train batch 110 / 315 (iter 2000), current average result {'recon_loss': tensor(0.2709, grad_fn=<DivBackward0>), 'ts_road_map': tensor(0.6701, grad_fn=<DivBackward0>), 'loss': tensor(233.2972, grad_fn=<DivBackward0>), 'KLD_loss': tensor(233.0265, grad_fn=<DivBackward0>)}
2020-04-30 15:41:45,073 [MainThread  ] Evaluate on  custom_sup:val data
2020-04-30 15:41:58,328 [MainThread  ] Evalutation complete
Average result {'recon_loss': tensor(0.4682), 'ts_road_map': tensor(0.6691), 'loss': tensor(231.9127), 'KLD_loss': tensor(231.4444)}
2020-04-30 15:41:58,329 [MainThread  ] Best validation updated: {'best_iter': 2000, 'best_performance': tensor(231.9127), 'current_iter': 2000}
2020-04-30 15:41:58,422 [MainThread  ] Save parameters for ./results/road_map_cvar4_bce/finetune_custom_sup_best.ckpt
2020-04-30 15:42:44,618 [MainThread  ] train batch 45 / 315 (iter 2250), current average result {'recon_loss': tensor(0.1569, grad_fn=<DivBackward0>), 'ts_road_map': tensor(0.7926, grad_fn=<DivBackward0>), 'loss': tensor(260.9569, grad_fn=<DivBackward0>), 'KLD_loss': tensor(260.8000, grad_fn=<DivBackward0>)}
2020-04-30 15:46:49,120 [MainThread  ] Experiment road_map_cvar4_bce
2020-04-30 15:46:49,139 [MainThread  ] Receive config Namespace(batch_size=8, beta_ema=0.5, blobs_strategy='encoder_fused', cache_neg=0, clip=0.5, data_dir='./data/', detect_objects=False, device='cuda:0', dup_pos=0, exp_dir='./results/road_map_cvar4_bce', exp_name='road_map_cvar4_bce', finetune_ckpt_interval=0, finetune_learning_rate=0.01, finetune_obj='var_encoder', finetune_tasks=['custom_sup'], finetune_total_iters=200000, finetune_val_interval=2000, finetune_weight_decay=1e-05, gen_road_map=True, image_folder='/scratch/kk4161/DL_project/data', image_pretrain_obj='none', imagessl_load_ckpt='none', lambda_pirl=0.5, latent_dim=4, network_base='resnet18', num_negatives=1000, num_patches=9, num_queries=2, num_queries_percentage=0.25, num_workers=16, obj_det_head='retinanet', pretrain_ckpt_interval=0, pretrain_learning_rate=0.01, pretrain_task=['custom_un_image'], pretrain_total_iters=100000, pretrain_val_interval=2000, pretrain_weight_decay=1e-05, project_dim=128, report_interval=250, results_dir='./results/', road_map_loss='bce', sampling_type='image', synthesizer_nlayers=2, transfer_paradigm='tunable', use_memory_bank=1, view='normal', view_fusion_strategy='concat', view_pretrain_obj='none', viewssl_load_ckpt='none', vocab_size=64, warmup_iters=100)
2020-04-30 15:46:49,139 [MainThread  ] Start creating tasks
2020-04-30 15:46:49,139 [MainThread  ] Start loading data
2020-04-30 15:46:49,139 [MainThread  ] Loading custom_sup data
2020-04-30 15:46:49,490 [MainThread  ] Start creating models
2020-04-30 15:46:49,719 [MainThread  ] Loaded supervised model
2020-04-30 15:46:52,791 [MainThread  ] Setup trainer for custom_sup
2020-04-30 15:46:52,792 [MainThread  ] Start training custom_sup
2020-04-30 15:47:38,022 [MainThread  ] train batch 250 / 315 (iter 250), current average result {'recon_loss': tensor(0.7004, grad_fn=<DivBackward0>), 'loss': tensor(1.9095, grad_fn=<DivBackward0>), 'ts_road_map': tensor(0.2814, grad_fn=<DivBackward0>), 'KLD_loss': tensor(1.2091, grad_fn=<DivBackward0>)}
2020-04-30 15:48:22,579 [MainThread  ] train batch 185 / 315 (iter 500), current average result {'recon_loss': tensor(0.6948, grad_fn=<DivBackward0>), 'loss': tensor(1.3455, grad_fn=<DivBackward0>), 'ts_road_map': tensor(0.2738, grad_fn=<DivBackward0>), 'KLD_loss': tensor(0.6508, grad_fn=<DivBackward0>)}
2020-04-30 15:49:06,920 [MainThread  ] train batch 120 / 315 (iter 750), current average result {'recon_loss': tensor(0.6915, grad_fn=<DivBackward0>), 'loss': tensor(1.1357, grad_fn=<DivBackward0>), 'ts_road_map': tensor(0.2711, grad_fn=<DivBackward0>), 'KLD_loss': tensor(0.4442, grad_fn=<DivBackward0>)}
2020-04-30 15:49:51,349 [MainThread  ] train batch 55 / 315 (iter 1000), current average result {'recon_loss': tensor(0.6893, grad_fn=<DivBackward0>), 'loss': tensor(1.0257, grad_fn=<DivBackward0>), 'ts_road_map': tensor(0.2695, grad_fn=<DivBackward0>), 'KLD_loss': tensor(0.3364, grad_fn=<DivBackward0>)}
2020-04-30 15:50:30,977 [MainThread  ] train batch 305 / 315 (iter 1250), current average result {'recon_loss': tensor(0.6874, grad_fn=<DivBackward0>), 'loss': tensor(0.9574, grad_fn=<DivBackward0>), 'ts_road_map': tensor(0.2684, grad_fn=<DivBackward0>), 'KLD_loss': tensor(0.2700, grad_fn=<DivBackward0>)}
2020-04-30 15:51:15,748 [MainThread  ] train batch 240 / 315 (iter 1500), current average result {'recon_loss': tensor(0.6860, grad_fn=<DivBackward0>), 'loss': tensor(0.9113, grad_fn=<DivBackward0>), 'ts_road_map': tensor(0.2679, grad_fn=<DivBackward0>), 'KLD_loss': tensor(0.2253, grad_fn=<DivBackward0>)}
2020-04-30 15:51:59,939 [MainThread  ] train batch 175 / 315 (iter 1750), current average result {'recon_loss': tensor(0.6848, grad_fn=<DivBackward0>), 'loss': tensor(0.8780, grad_fn=<DivBackward0>), 'ts_road_map': tensor(0.2676, grad_fn=<DivBackward0>), 'KLD_loss': tensor(0.1932, grad_fn=<DivBackward0>)}
2020-04-30 15:52:44,344 [MainThread  ] train batch 110 / 315 (iter 2000), current average result {'recon_loss': tensor(0.6839, grad_fn=<DivBackward0>), 'loss': tensor(0.8529, grad_fn=<DivBackward0>), 'ts_road_map': tensor(0.2673, grad_fn=<DivBackward0>), 'KLD_loss': tensor(0.1690, grad_fn=<DivBackward0>)}
2020-04-30 15:52:44,345 [MainThread  ] Evaluate on  custom_sup:val data
2020-04-30 15:52:55,617 [MainThread  ] Evalutation complete
Average result {'recon_loss': tensor(0.7031), 'loss': tensor(0.7032), 'ts_road_map': tensor(0.2768), 'KLD_loss': tensor(0.0001)}
2020-04-30 15:52:55,618 [MainThread  ] Best validation updated: {'best_performance': tensor(0.7032), 'best_iter': 2000, 'current_iter': 2000}
2020-04-30 15:52:55,740 [MainThread  ] Save parameters for ./results/road_map_cvar4_bce/finetune_custom_sup_best.ckpt
2020-04-30 15:53:39,820 [MainThread  ] train batch 45 / 315 (iter 2250), current average result {'recon_loss': tensor(0.6777, grad_fn=<DivBackward0>), 'loss': tensor(0.6777, grad_fn=<DivBackward0>), 'ts_road_map': tensor(0.2676, grad_fn=<DivBackward0>), 'KLD_loss': tensor(2.4352e-05, grad_fn=<DivBackward0>)}
2020-04-30 15:54:19,922 [MainThread  ] train batch 295 / 315 (iter 2500), current average result {'recon_loss': tensor(0.6775, grad_fn=<DivBackward0>), 'loss': tensor(0.6776, grad_fn=<DivBackward0>), 'ts_road_map': tensor(0.2669, grad_fn=<DivBackward0>), 'KLD_loss': tensor(3.1426e-05, grad_fn=<DivBackward0>)}
2020-04-30 15:55:04,603 [MainThread  ] train batch 230 / 315 (iter 2750), current average result {'recon_loss': tensor(0.6774, grad_fn=<DivBackward0>), 'loss': tensor(0.6774, grad_fn=<DivBackward0>), 'ts_road_map': tensor(0.2665, grad_fn=<DivBackward0>), 'KLD_loss': tensor(3.0786e-05, grad_fn=<DivBackward0>)}
2020-04-30 15:55:49,158 [MainThread  ] train batch 165 / 315 (iter 3000), current average result {'recon_loss': tensor(0.6772, grad_fn=<DivBackward0>), 'loss': tensor(0.6773, grad_fn=<DivBackward0>), 'ts_road_map': tensor(0.2665, grad_fn=<DivBackward0>), 'KLD_loss': tensor(2.6427e-05, grad_fn=<DivBackward0>)}
2020-04-30 15:56:33,538 [MainThread  ] train batch 100 / 315 (iter 3250), current average result {'recon_loss': tensor(0.6774, grad_fn=<DivBackward0>), 'loss': tensor(0.6774, grad_fn=<DivBackward0>), 'ts_road_map': tensor(0.2669, grad_fn=<DivBackward0>), 'KLD_loss': tensor(2.8143e-05, grad_fn=<DivBackward0>)}
2020-04-30 15:57:17,849 [MainThread  ] train batch 35 / 315 (iter 3500), current average result {'recon_loss': tensor(0.6773, grad_fn=<DivBackward0>), 'loss': tensor(0.6773, grad_fn=<DivBackward0>), 'ts_road_map': tensor(0.2668, grad_fn=<DivBackward0>), 'KLD_loss': tensor(2.7856e-05, grad_fn=<DivBackward0>)}
2020-04-30 15:57:57,804 [MainThread  ] train batch 285 / 315 (iter 3750), current average result {'recon_loss': tensor(0.6772, grad_fn=<DivBackward0>), 'loss': tensor(0.6772, grad_fn=<DivBackward0>), 'ts_road_map': tensor(0.2667, grad_fn=<DivBackward0>), 'KLD_loss': tensor(2.6828e-05, grad_fn=<DivBackward0>)}
2020-04-30 15:58:42,339 [MainThread  ] train batch 220 / 315 (iter 4000), current average result {'recon_loss': tensor(0.6772, grad_fn=<DivBackward0>), 'loss': tensor(0.6772, grad_fn=<DivBackward0>), 'ts_road_map': tensor(0.2666, grad_fn=<DivBackward0>), 'KLD_loss': tensor(2.4934e-05, grad_fn=<DivBackward0>)}
2020-04-30 15:58:42,340 [MainThread  ] Evaluate on  custom_sup:val data
2020-04-30 15:58:53,471 [MainThread  ] Evalutation complete
Average result {'recon_loss': tensor(0.6998), 'loss': tensor(0.6998), 'ts_road_map': tensor(0.2818), 'KLD_loss': tensor(1.0479e-05)}
2020-04-30 15:58:53,472 [MainThread  ] Best validation updated: {'best_performance': tensor(0.6998), 'best_iter': 4000, 'current_iter': 4000}
2020-04-30 15:58:53,563 [MainThread  ] Save parameters for ./results/road_map_cvar4_bce/finetune_custom_sup_best.ckpt
2020-04-30 15:59:38,016 [MainThread  ] train batch 155 / 315 (iter 4250), current average result {'recon_loss': tensor(0.6773, grad_fn=<DivBackward0>), 'loss': tensor(0.6773, grad_fn=<DivBackward0>), 'ts_road_map': tensor(0.2678, grad_fn=<DivBackward0>), 'KLD_loss': tensor(1.0687e-05, grad_fn=<DivBackward0>)}
2020-04-30 16:00:22,506 [MainThread  ] train batch 90 / 315 (iter 4500), current average result {'recon_loss': tensor(0.6764, grad_fn=<DivBackward0>), 'loss': tensor(0.6764, grad_fn=<DivBackward0>), 'ts_road_map': tensor(0.2661, grad_fn=<DivBackward0>), 'KLD_loss': tensor(9.5707e-06, grad_fn=<DivBackward0>)}
2020-04-30 16:01:07,063 [MainThread  ] train batch 25 / 315 (iter 4750), current average result {'recon_loss': tensor(0.6769, grad_fn=<DivBackward0>), 'loss': tensor(0.6769, grad_fn=<DivBackward0>), 'ts_road_map': tensor(0.2671, grad_fn=<DivBackward0>), 'KLD_loss': tensor(8.8376e-06, grad_fn=<DivBackward0>)}
2020-04-30 16:01:47,434 [MainThread  ] train batch 275 / 315 (iter 5000), current average result {'recon_loss': tensor(0.6768, grad_fn=<DivBackward0>), 'loss': tensor(0.6768, grad_fn=<DivBackward0>), 'ts_road_map': tensor(0.2670, grad_fn=<DivBackward0>), 'KLD_loss': tensor(8.8416e-06, grad_fn=<DivBackward0>)}
2020-04-30 16:02:32,019 [MainThread  ] train batch 210 / 315 (iter 5250), current average result {'recon_loss': tensor(0.6767, grad_fn=<DivBackward0>), 'loss': tensor(0.6767, grad_fn=<DivBackward0>), 'ts_road_map': tensor(0.2670, grad_fn=<DivBackward0>), 'KLD_loss': tensor(8.5785e-06, grad_fn=<DivBackward0>)}
2020-04-30 16:03:16,340 [MainThread  ] train batch 145 / 315 (iter 5500), current average result {'recon_loss': tensor(0.6767, grad_fn=<DivBackward0>), 'loss': tensor(0.6767, grad_fn=<DivBackward0>), 'ts_road_map': tensor(0.2670, grad_fn=<DivBackward0>), 'KLD_loss': tensor(7.9419e-06, grad_fn=<DivBackward0>)}
2020-04-30 16:04:00,655 [MainThread  ] train batch 80 / 315 (iter 5750), current average result {'recon_loss': tensor(0.6767, grad_fn=<DivBackward0>), 'loss': tensor(0.6767, grad_fn=<DivBackward0>), 'ts_road_map': tensor(0.2670, grad_fn=<DivBackward0>), 'KLD_loss': tensor(7.8712e-06, grad_fn=<DivBackward0>)}
2020-04-30 16:04:45,063 [MainThread  ] train batch 15 / 315 (iter 6000), current average result {'recon_loss': tensor(0.6767, grad_fn=<DivBackward0>), 'loss': tensor(0.6767, grad_fn=<DivBackward0>), 'ts_road_map': tensor(0.2670, grad_fn=<DivBackward0>), 'KLD_loss': tensor(7.7003e-06, grad_fn=<DivBackward0>)}
2020-04-30 16:04:45,064 [MainThread  ] Evaluate on  custom_sup:val data
2020-04-30 16:04:56,351 [MainThread  ] Evalutation complete
Average result {'recon_loss': tensor(0.6968), 'loss': tensor(0.6968), 'ts_road_map': tensor(0.2871), 'KLD_loss': tensor(4.8044e-06)}
2020-04-30 16:04:56,351 [MainThread  ] Best validation updated: {'best_performance': tensor(0.6968), 'best_iter': 6000, 'current_iter': 6000}
2020-04-30 16:04:56,444 [MainThread  ] Save parameters for ./results/road_map_cvar4_bce/finetune_custom_sup_best.ckpt
2020-04-30 16:05:36,415 [MainThread  ] train batch 265 / 315 (iter 6250), current average result {'recon_loss': tensor(0.6763, grad_fn=<DivBackward0>), 'loss': tensor(0.6763, grad_fn=<DivBackward0>), 'ts_road_map': tensor(0.2675, grad_fn=<DivBackward0>), 'KLD_loss': tensor(5.2808e-06, grad_fn=<DivBackward0>)}
2020-04-30 16:06:20,943 [MainThread  ] train batch 200 / 315 (iter 6500), current average result {'recon_loss': tensor(0.6763, grad_fn=<DivBackward0>), 'loss': tensor(0.6763, grad_fn=<DivBackward0>), 'ts_road_map': tensor(0.2673, grad_fn=<DivBackward0>), 'KLD_loss': tensor(4.9372e-06, grad_fn=<DivBackward0>)}
2020-04-30 16:07:05,250 [MainThread  ] train batch 135 / 315 (iter 6750), current average result {'recon_loss': tensor(0.6764, grad_fn=<DivBackward0>), 'loss': tensor(0.6764, grad_fn=<DivBackward0>), 'ts_road_map': tensor(0.2676, grad_fn=<DivBackward0>), 'KLD_loss': tensor(1.1436e-05, grad_fn=<DivBackward0>)}
2020-04-30 16:07:52,411 [MainThread  ] train batch 70 / 315 (iter 7000), current average result {'recon_loss': tensor(0.6762, grad_fn=<DivBackward0>), 'loss': tensor(0.6763, grad_fn=<DivBackward0>), 'ts_road_map': tensor(0.2669, grad_fn=<DivBackward0>), 'KLD_loss': tensor(1.1988e-05, grad_fn=<DivBackward0>)}
2020-04-30 16:08:36,218 [MainThread  ] train batch 5 / 315 (iter 7250), current average result {'recon_loss': tensor(0.6762, grad_fn=<DivBackward0>), 'loss': tensor(0.6762, grad_fn=<DivBackward0>), 'ts_road_map': tensor(0.2669, grad_fn=<DivBackward0>), 'KLD_loss': tensor(1.0324e-05, grad_fn=<DivBackward0>)}
2020-04-30 16:09:16,946 [MainThread  ] train batch 255 / 315 (iter 7500), current average result {'recon_loss': tensor(0.6761, grad_fn=<DivBackward0>), 'loss': tensor(0.6761, grad_fn=<DivBackward0>), 'ts_road_map': tensor(0.2669, grad_fn=<DivBackward0>), 'KLD_loss': tensor(9.1785e-06, grad_fn=<DivBackward0>)}
2020-04-30 16:10:01,614 [MainThread  ] train batch 190 / 315 (iter 7750), current average result {'recon_loss': tensor(0.6762, grad_fn=<DivBackward0>), 'loss': tensor(0.6762, grad_fn=<DivBackward0>), 'ts_road_map': tensor(0.2670, grad_fn=<DivBackward0>), 'KLD_loss': tensor(8.3880e-06, grad_fn=<DivBackward0>)}
2020-04-30 16:10:45,972 [MainThread  ] train batch 125 / 315 (iter 8000), current average result {'recon_loss': tensor(0.6762, grad_fn=<DivBackward0>), 'loss': tensor(0.6762, grad_fn=<DivBackward0>), 'ts_road_map': tensor(0.2670, grad_fn=<DivBackward0>), 'KLD_loss': tensor(7.8087e-06, grad_fn=<DivBackward0>)}
2020-04-30 16:10:45,973 [MainThread  ] Evaluate on  custom_sup:val data
2020-04-30 16:10:57,574 [MainThread  ] Evalutation complete
Average result {'recon_loss': tensor(0.6964), 'loss': tensor(0.6964), 'ts_road_map': tensor(0.2871), 'KLD_loss': tensor(3.5542e-06)}
2020-04-30 16:10:57,575 [MainThread  ] Best validation updated: {'best_performance': tensor(0.6964), 'best_iter': 8000, 'current_iter': 8000}
2020-04-30 16:10:57,670 [MainThread  ] Save parameters for ./results/road_map_cvar4_bce/finetune_custom_sup_best.ckpt
2020-04-30 16:11:42,041 [MainThread  ] train batch 60 / 315 (iter 8250), current average result {'recon_loss': tensor(0.6765, grad_fn=<DivBackward0>), 'loss': tensor(0.6765, grad_fn=<DivBackward0>), 'ts_road_map': tensor(0.2680, grad_fn=<DivBackward0>), 'KLD_loss': tensor(3.0385e-06, grad_fn=<DivBackward0>)}
2020-04-30 16:12:21,575 [MainThread  ] train batch 310 / 315 (iter 8500), current average result {'recon_loss': tensor(0.6763, grad_fn=<DivBackward0>), 'loss': tensor(0.6763, grad_fn=<DivBackward0>), 'ts_road_map': tensor(0.2675, grad_fn=<DivBackward0>), 'KLD_loss': tensor(3.5063e-06, grad_fn=<DivBackward0>)}
2020-04-30 16:13:06,708 [MainThread  ] train batch 245 / 315 (iter 8750), current average result {'recon_loss': tensor(0.6761, grad_fn=<DivBackward0>), 'loss': tensor(0.6761, grad_fn=<DivBackward0>), 'ts_road_map': tensor(0.2672, grad_fn=<DivBackward0>), 'KLD_loss': tensor(3.6084e-06, grad_fn=<DivBackward0>)}
2020-04-30 16:13:51,357 [MainThread  ] train batch 180 / 315 (iter 9000), current average result {'recon_loss': tensor(0.6762, grad_fn=<DivBackward0>), 'loss': tensor(0.6762, grad_fn=<DivBackward0>), 'ts_road_map': tensor(0.2674, grad_fn=<DivBackward0>), 'KLD_loss': tensor(3.7128e-06, grad_fn=<DivBackward0>)}
2020-04-30 16:14:35,759 [MainThread  ] train batch 115 / 315 (iter 9250), current average result {'recon_loss': tensor(0.6761, grad_fn=<DivBackward0>), 'loss': tensor(0.6761, grad_fn=<DivBackward0>), 'ts_road_map': tensor(0.2671, grad_fn=<DivBackward0>), 'KLD_loss': tensor(3.6021e-06, grad_fn=<DivBackward0>)}
2020-04-30 16:15:20,280 [MainThread  ] train batch 50 / 315 (iter 9500), current average result {'recon_loss': tensor(0.6762, grad_fn=<DivBackward0>), 'loss': tensor(0.6762, grad_fn=<DivBackward0>), 'ts_road_map': tensor(0.2674, grad_fn=<DivBackward0>), 'KLD_loss': tensor(3.6532e-06, grad_fn=<DivBackward0>)}
2020-04-30 16:15:59,966 [MainThread  ] train batch 300 / 315 (iter 9750), current average result {'recon_loss': tensor(0.6761, grad_fn=<DivBackward0>), 'loss': tensor(0.6761, grad_fn=<DivBackward0>), 'ts_road_map': tensor(0.2673, grad_fn=<DivBackward0>), 'KLD_loss': tensor(3.3820e-06, grad_fn=<DivBackward0>)}
2020-04-30 16:16:44,892 [MainThread  ] train batch 235 / 315 (iter 10000), current average result {'recon_loss': tensor(0.6761, grad_fn=<DivBackward0>), 'loss': tensor(0.6761, grad_fn=<DivBackward0>), 'ts_road_map': tensor(0.2673, grad_fn=<DivBackward0>), 'KLD_loss': tensor(3.2611e-06, grad_fn=<DivBackward0>)}
2020-04-30 16:16:44,892 [MainThread  ] Evaluate on  custom_sup:val data
2020-04-30 16:16:56,650 [MainThread  ] Evalutation complete
Average result {'recon_loss': tensor(0.6944), 'loss': tensor(0.6944), 'ts_road_map': tensor(0.2913), 'KLD_loss': tensor(4.6545e-06)}
2020-04-30 16:16:56,650 [MainThread  ] Best validation updated: {'best_performance': tensor(0.6944), 'best_iter': 10000, 'current_iter': 10000}
2020-04-30 16:16:56,741 [MainThread  ] Save parameters for ./results/road_map_cvar4_bce/finetune_custom_sup_best.ckpt
2020-04-30 16:17:41,070 [MainThread  ] train batch 170 / 315 (iter 10250), current average result {'recon_loss': tensor(0.6761, grad_fn=<DivBackward0>), 'loss': tensor(0.6761, grad_fn=<DivBackward0>), 'ts_road_map': tensor(0.2690, grad_fn=<DivBackward0>), 'KLD_loss': tensor(2.2649e-06, grad_fn=<DivBackward0>)}
2020-04-30 16:18:25,652 [MainThread  ] train batch 105 / 315 (iter 10500), current average result {'recon_loss': tensor(0.6760, grad_fn=<DivBackward0>), 'loss': tensor(0.6760, grad_fn=<DivBackward0>), 'ts_road_map': tensor(0.2682, grad_fn=<DivBackward0>), 'KLD_loss': tensor(2.1270e-06, grad_fn=<DivBackward0>)}
2020-04-30 16:19:09,915 [MainThread  ] train batch 40 / 315 (iter 10750), current average result {'recon_loss': tensor(0.6759, grad_fn=<DivBackward0>), 'loss': tensor(0.6759, grad_fn=<DivBackward0>), 'ts_road_map': tensor(0.2676, grad_fn=<DivBackward0>), 'KLD_loss': tensor(2.0840e-06, grad_fn=<DivBackward0>)}
2020-04-30 16:19:50,252 [MainThread  ] train batch 290 / 315 (iter 11000), current average result {'recon_loss': tensor(0.6758, grad_fn=<DivBackward0>), 'loss': tensor(0.6758, grad_fn=<DivBackward0>), 'ts_road_map': tensor(0.2674, grad_fn=<DivBackward0>), 'KLD_loss': tensor(2.1361e-06, grad_fn=<DivBackward0>)}
2020-04-30 16:20:35,112 [MainThread  ] train batch 225 / 315 (iter 11250), current average result {'recon_loss': tensor(0.6756, grad_fn=<DivBackward0>), 'loss': tensor(0.6756, grad_fn=<DivBackward0>), 'ts_road_map': tensor(0.2672, grad_fn=<DivBackward0>), 'KLD_loss': tensor(2.1067e-06, grad_fn=<DivBackward0>)}
2020-04-30 16:21:19,601 [MainThread  ] train batch 160 / 315 (iter 11500), current average result {'recon_loss': tensor(0.6756, grad_fn=<DivBackward0>), 'loss': tensor(0.6756, grad_fn=<DivBackward0>), 'ts_road_map': tensor(0.2671, grad_fn=<DivBackward0>), 'KLD_loss': tensor(2.0377e-06, grad_fn=<DivBackward0>)}
2020-04-30 16:22:03,893 [MainThread  ] train batch 95 / 315 (iter 11750), current average result {'recon_loss': tensor(0.6757, grad_fn=<DivBackward0>), 'loss': tensor(0.6757, grad_fn=<DivBackward0>), 'ts_road_map': tensor(0.2674, grad_fn=<DivBackward0>), 'KLD_loss': tensor(2.0009e-06, grad_fn=<DivBackward0>)}
2020-04-30 16:22:48,395 [MainThread  ] train batch 30 / 315 (iter 12000), current average result {'recon_loss': tensor(0.6757, grad_fn=<DivBackward0>), 'loss': tensor(0.6757, grad_fn=<DivBackward0>), 'ts_road_map': tensor(0.2674, grad_fn=<DivBackward0>), 'KLD_loss': tensor(1.9926e-06, grad_fn=<DivBackward0>)}
2020-04-30 16:22:48,395 [MainThread  ] Evaluate on  custom_sup:val data
2020-04-30 16:23:00,016 [MainThread  ] Evalutation complete
Average result {'recon_loss': tensor(0.7093), 'loss': tensor(0.7093), 'ts_road_map': tensor(0.2671), 'KLD_loss': tensor(4.4727e-06)}
2020-04-30 16:23:40,273 [MainThread  ] train batch 280 / 315 (iter 12250), current average result {'recon_loss': tensor(0.6758, grad_fn=<DivBackward0>), 'loss': tensor(0.6758, grad_fn=<DivBackward0>), 'ts_road_map': tensor(0.2681, grad_fn=<DivBackward0>), 'KLD_loss': tensor(2.0880e-06, grad_fn=<DivBackward0>)}
2020-04-30 16:24:24,789 [MainThread  ] train batch 215 / 315 (iter 12500), current average result {'recon_loss': tensor(0.6756, grad_fn=<DivBackward0>), 'loss': tensor(0.6756, grad_fn=<DivBackward0>), 'ts_road_map': tensor(0.2676, grad_fn=<DivBackward0>), 'KLD_loss': tensor(2.3177e-06, grad_fn=<DivBackward0>)}
2020-04-30 16:25:09,278 [MainThread  ] train batch 150 / 315 (iter 12750), current average result {'recon_loss': tensor(0.6759, grad_fn=<DivBackward0>), 'loss': tensor(0.6759, grad_fn=<DivBackward0>), 'ts_road_map': tensor(0.2682, grad_fn=<DivBackward0>), 'KLD_loss': tensor(1.9737e-06, grad_fn=<DivBackward0>)}
2020-04-30 16:25:53,664 [MainThread  ] train batch 85 / 315 (iter 13000), current average result {'recon_loss': tensor(0.6754, grad_fn=<DivBackward0>), 'loss': tensor(0.6754, grad_fn=<DivBackward0>), 'ts_road_map': tensor(0.2673, grad_fn=<DivBackward0>), 'KLD_loss': tensor(1.9035e-06, grad_fn=<DivBackward0>)}
2020-04-30 16:26:38,124 [MainThread  ] train batch 20 / 315 (iter 13250), current average result {'recon_loss': tensor(0.6756, grad_fn=<DivBackward0>), 'loss': tensor(0.6756, grad_fn=<DivBackward0>), 'ts_road_map': tensor(0.2677, grad_fn=<DivBackward0>), 'KLD_loss': tensor(1.8929e-06, grad_fn=<DivBackward0>)}
2020-04-30 16:27:18,340 [MainThread  ] train batch 270 / 315 (iter 13500), current average result {'recon_loss': tensor(0.6755, grad_fn=<DivBackward0>), 'loss': tensor(0.6755, grad_fn=<DivBackward0>), 'ts_road_map': tensor(0.2674, grad_fn=<DivBackward0>), 'KLD_loss': tensor(1.8179e-06, grad_fn=<DivBackward0>)}
2020-04-30 16:28:02,773 [MainThread  ] train batch 205 / 315 (iter 13750), current average result {'recon_loss': tensor(0.6757, grad_fn=<DivBackward0>), 'loss': tensor(0.6757, grad_fn=<DivBackward0>), 'ts_road_map': tensor(0.2676, grad_fn=<DivBackward0>), 'KLD_loss': tensor(1.8161e-06, grad_fn=<DivBackward0>)}
2020-04-30 16:28:47,187 [MainThread  ] train batch 140 / 315 (iter 14000), current average result {'recon_loss': tensor(0.6756, grad_fn=<DivBackward0>), 'loss': tensor(0.6756, grad_fn=<DivBackward0>), 'ts_road_map': tensor(0.2675, grad_fn=<DivBackward0>), 'KLD_loss': tensor(2.0613e-06, grad_fn=<DivBackward0>)}
2020-04-30 16:28:47,188 [MainThread  ] Evaluate on  custom_sup:val data
2020-04-30 16:28:58,692 [MainThread  ] Evalutation complete
Average result {'recon_loss': tensor(0.6971), 'loss': tensor(0.6971), 'ts_road_map': tensor(0.2852), 'KLD_loss': tensor(5.6308e-06)}
2020-04-30 16:29:42,931 [MainThread  ] train batch 75 / 315 (iter 14250), current average result {'recon_loss': tensor(0.6757, grad_fn=<DivBackward0>), 'loss': tensor(0.6757, grad_fn=<DivBackward0>), 'ts_road_map': tensor(0.2682, grad_fn=<DivBackward0>), 'KLD_loss': tensor(1.8452e-06, grad_fn=<DivBackward0>)}
2020-04-30 16:30:27,274 [MainThread  ] train batch 10 / 315 (iter 14500), current average result {'recon_loss': tensor(0.6757, grad_fn=<DivBackward0>), 'loss': tensor(0.6757, grad_fn=<DivBackward0>), 'ts_road_map': tensor(0.2678, grad_fn=<DivBackward0>), 'KLD_loss': tensor(1.9954e-06, grad_fn=<DivBackward0>)}
2020-04-30 16:31:07,648 [MainThread  ] train batch 260 / 315 (iter 14750), current average result {'recon_loss': tensor(0.6756, grad_fn=<DivBackward0>), 'loss': tensor(0.6756, grad_fn=<DivBackward0>), 'ts_road_map': tensor(0.2678, grad_fn=<DivBackward0>), 'KLD_loss': tensor(1.9830e-06, grad_fn=<DivBackward0>)}
2020-04-30 16:31:52,245 [MainThread  ] train batch 195 / 315 (iter 15000), current average result {'recon_loss': tensor(0.6757, grad_fn=<DivBackward0>), 'loss': tensor(0.6757, grad_fn=<DivBackward0>), 'ts_road_map': tensor(0.2679, grad_fn=<DivBackward0>), 'KLD_loss': tensor(2.1886e-06, grad_fn=<DivBackward0>)}
2020-04-30 16:32:36,866 [MainThread  ] train batch 130 / 315 (iter 15250), current average result {'recon_loss': tensor(0.6754, grad_fn=<DivBackward0>), 'loss': tensor(0.6754, grad_fn=<DivBackward0>), 'ts_road_map': tensor(0.2673, grad_fn=<DivBackward0>), 'KLD_loss': tensor(2.0115e-06, grad_fn=<DivBackward0>)}
2020-04-30 16:33:21,356 [MainThread  ] train batch 65 / 315 (iter 15500), current average result {'recon_loss': tensor(0.6756, grad_fn=<DivBackward0>), 'loss': tensor(0.6756, grad_fn=<DivBackward0>), 'ts_road_map': tensor(0.2677, grad_fn=<DivBackward0>), 'KLD_loss': tensor(1.9749e-06, grad_fn=<DivBackward0>)}
2020-04-30 16:34:00,660 [MainThread  ] train batch 315 / 315 (iter 15750), current average result {'recon_loss': tensor(0.6756, grad_fn=<DivBackward0>), 'loss': tensor(0.6756, grad_fn=<DivBackward0>), 'ts_road_map': tensor(0.2676, grad_fn=<DivBackward0>), 'KLD_loss': tensor(1.8594e-06, grad_fn=<DivBackward0>)}
